[0.314s] DEBUG:colcon:Command line arguments: ['/usr/bin/colcon', 'build']
[0.315s] DEBUG:colcon:Parsed command line arguments: Namespace(log_base=None, log_level=None, verb_name='build', build_base='build', install_base='install', merge_install=False, symlink_install=False, test_result_base=None, continue_on_error=False, executor='parallel', parallel_workers=8, event_handlers=None, ignore_user_meta=False, metas=['./colcon.meta'], base_paths=['.'], packages_ignore=None, packages_ignore_regex=None, paths=None, packages_up_to=None, packages_up_to_regex=None, packages_above=None, packages_above_and_dependencies=None, packages_above_depth=None, packages_select_by_dep=None, packages_skip_by_dep=None, packages_skip_up_to=None, packages_select_build_failed=False, packages_skip_build_finished=False, packages_select_test_failures=False, packages_skip_test_passed=False, packages_select=None, packages_skip=None, packages_select_regex=None, packages_skip_regex=None, packages_start=None, packages_end=None, allow_overriding=[], cmake_args=None, cmake_target=None, cmake_target_skip_unavailable=False, cmake_clean_cache=False, cmake_clean_first=False, cmake_force_configure=False, ament_cmake_args=None, catkin_cmake_args=None, catkin_skip_building_tests=False, verb_parser=<colcon_defaults.argument_parser.defaults.DefaultArgumentsDecorator object at 0x73f6fcbe6e00>, verb_extension=<colcon_core.verb.build.BuildVerb object at 0x73f6fcccfa60>, main=<bound method BuildVerb.main of <colcon_core.verb.build.BuildVerb object at 0x73f6fcccfa60>>)
[0.611s] Level 1:colcon.colcon_core.package_discovery:discover_packages(colcon_meta) check parameters
[0.611s] Level 1:colcon.colcon_core.package_discovery:discover_packages(recursive) check parameters
[0.611s] Level 1:colcon.colcon_core.package_discovery:discover_packages(ignore) check parameters
[0.611s] Level 1:colcon.colcon_core.package_discovery:discover_packages(path) check parameters
[0.611s] Level 1:colcon.colcon_core.package_discovery:discover_packages(colcon_meta) discover
[0.611s] Level 1:colcon.colcon_core.package_discovery:discover_packages(recursive) discover
[0.611s] INFO:colcon.colcon_core.package_discovery:Crawling recursively for packages in '/home/dave/Desktop/mmr_driverless/imu_fusion'
[0.612s] Level 1:colcon.colcon_core.package_identification:_identify(.) by extensions ['ignore', 'ignore_ament_install']
[0.612s] Level 1:colcon.colcon_core.package_identification:_identify(.) by extension 'ignore'
[0.612s] Level 1:colcon.colcon_core.package_identification:_identify(.) by extension 'ignore_ament_install'
[0.612s] Level 1:colcon.colcon_core.package_identification:_identify(.) by extensions ['colcon_pkg']
[0.612s] Level 1:colcon.colcon_core.package_identification:_identify(.) by extension 'colcon_pkg'
[0.612s] Level 1:colcon.colcon_core.package_identification:_identify(.) by extensions ['colcon_meta']
[0.612s] Level 1:colcon.colcon_core.package_identification:_identify(.) by extension 'colcon_meta'
[0.612s] Level 1:colcon.colcon_core.package_identification:_identify(.) by extensions ['ros']
[0.612s] Level 1:colcon.colcon_core.package_identification:_identify(.) by extension 'ros'
[0.627s] Level 1:colcon.colcon_core.package_identification:_identify(.) by extensions ['cmake', 'python']
[0.627s] Level 1:colcon.colcon_core.package_identification:_identify(.) by extension 'cmake'
[0.627s] Level 1:colcon.colcon_core.package_identification:_identify(.) by extension 'python'
[0.627s] Level 1:colcon.colcon_core.package_identification:_identify(.) by extensions ['python_setup_py']
[0.628s] Level 1:colcon.colcon_core.package_identification:_identify(.) by extension 'python_setup_py'
[0.628s] Level 1:colcon.colcon_core.package_identification:_identify(build) by extensions ['ignore', 'ignore_ament_install']
[0.628s] Level 1:colcon.colcon_core.package_identification:_identify(build) by extension 'ignore'
[0.628s] Level 1:colcon.colcon_core.package_identification:_identify(build) ignored
[0.628s] Level 1:colcon.colcon_core.package_identification:_identify(fused_imu) by extensions ['ignore', 'ignore_ament_install']
[0.628s] Level 1:colcon.colcon_core.package_identification:_identify(fused_imu) by extension 'ignore'
[0.628s] Level 1:colcon.colcon_core.package_identification:_identify(fused_imu) by extension 'ignore_ament_install'
[0.628s] Level 1:colcon.colcon_core.package_identification:_identify(fused_imu) by extensions ['colcon_pkg']
[0.628s] Level 1:colcon.colcon_core.package_identification:_identify(fused_imu) by extension 'colcon_pkg'
[0.628s] Level 1:colcon.colcon_core.package_identification:_identify(fused_imu) by extensions ['colcon_meta']
[0.628s] Level 1:colcon.colcon_core.package_identification:_identify(fused_imu) by extension 'colcon_meta'
[0.628s] Level 1:colcon.colcon_core.package_identification:_identify(fused_imu) by extensions ['ros']
[0.628s] Level 1:colcon.colcon_core.package_identification:_identify(fused_imu) by extension 'ros'
[0.632s] DEBUG:colcon.colcon_core.package_identification:Package 'fused_imu' with type 'ros.ament_cmake' and name 'fused_imu'
[0.632s] Level 1:colcon.colcon_core.package_identification:_identify(imu_difference_plotter) by extensions ['ignore', 'ignore_ament_install']
[0.632s] Level 1:colcon.colcon_core.package_identification:_identify(imu_difference_plotter) by extension 'ignore'
[0.632s] Level 1:colcon.colcon_core.package_identification:_identify(imu_difference_plotter) by extension 'ignore_ament_install'
[0.632s] Level 1:colcon.colcon_core.package_identification:_identify(imu_difference_plotter) by extensions ['colcon_pkg']
[0.632s] Level 1:colcon.colcon_core.package_identification:_identify(imu_difference_plotter) by extension 'colcon_pkg'
[0.632s] Level 1:colcon.colcon_core.package_identification:_identify(imu_difference_plotter) by extensions ['colcon_meta']
[0.633s] Level 1:colcon.colcon_core.package_identification:_identify(imu_difference_plotter) by extension 'colcon_meta'
[0.633s] Level 1:colcon.colcon_core.package_identification:_identify(imu_difference_plotter) by extensions ['ros']
[0.633s] Level 1:colcon.colcon_core.package_identification:_identify(imu_difference_plotter) by extension 'ros'
[0.634s] DEBUG:colcon.colcon_core.package_identification:Package 'imu_difference_plotter' with type 'ros.ament_cmake' and name 'imu_difference_plotter'
[0.634s] Level 1:colcon.colcon_core.package_identification:_identify(install) by extensions ['ignore', 'ignore_ament_install']
[0.634s] Level 1:colcon.colcon_core.package_identification:_identify(install) by extension 'ignore'
[0.634s] Level 1:colcon.colcon_core.package_identification:_identify(install) ignored
[0.635s] Level 1:colcon.colcon_core.package_identification:_identify(log) by extensions ['ignore', 'ignore_ament_install']
[0.635s] Level 1:colcon.colcon_core.package_identification:_identify(log) by extension 'ignore'
[0.635s] Level 1:colcon.colcon_core.package_identification:_identify(log) ignored
[0.635s] Level 1:colcon.colcon_core.package_discovery:discover_packages(recursive) using defaults
[0.635s] Level 1:colcon.colcon_core.package_discovery:discover_packages(ignore) discover
[0.635s] Level 1:colcon.colcon_core.package_discovery:discover_packages(ignore) using defaults
[0.635s] Level 1:colcon.colcon_core.package_discovery:discover_packages(path) discover
[0.635s] Level 1:colcon.colcon_core.package_discovery:discover_packages(path) using defaults
[0.670s] Level 1:colcon.colcon_core.package_discovery:discover_packages(prefix_path) check parameters
[0.670s] Level 1:colcon.colcon_core.package_discovery:discover_packages(prefix_path) discover
[0.681s] WARNING:colcon.colcon_core.prefix_path.colcon:The path '/home/dave/Desktop/mmr_driverless/install' in the environment variable COLCON_PREFIX_PATH doesn't exist
[0.681s] WARNING:colcon.colcon_ros.prefix_path.ament:The path '/home/dave/Desktop/mmr_driverless/install/yayaml' in the environment variable AMENT_PREFIX_PATH doesn't exist
[0.681s] WARNING:colcon.colcon_ros.prefix_path.ament:The path '/home/dave/Desktop/mmr_driverless/install/imu_difference_plotter' in the environment variable AMENT_PREFIX_PATH doesn't exist
[0.681s] WARNING:colcon.colcon_ros.prefix_path.ament:The path '/home/dave/Desktop/mmr_driverless/install/fused_imu' in the environment variable AMENT_PREFIX_PATH doesn't exist
[0.682s] WARNING:colcon.colcon_ros.prefix_path.ament:The path '/home/dave/Desktop/mmr_driverless/install/cpp_pubsub' in the environment variable AMENT_PREFIX_PATH doesn't exist
[0.682s] WARNING:colcon.colcon_ros.prefix_path.ament:The path '/home/dave/Desktop/mmr_driverless/install/cpp_parameters' in the environment variable AMENT_PREFIX_PATH doesn't exist
[0.682s] WARNING:colcon.colcon_ros.prefix_path.ament:The path '/home/dave/Desktop/mmr_driverless/install/basic_mobile_robot' in the environment variable AMENT_PREFIX_PATH doesn't exist
[0.682s] WARNING:colcon.colcon_ros.prefix_path.catkin:The path '/home/dave/Desktop/mmr_driverless/install/yayaml' in the environment variable CMAKE_PREFIX_PATH doesn't exist
[0.682s] WARNING:colcon.colcon_ros.prefix_path.catkin:The path '/home/dave/Desktop/mmr_driverless/install/imu_difference_plotter' in the environment variable CMAKE_PREFIX_PATH doesn't exist
[0.682s] WARNING:colcon.colcon_ros.prefix_path.catkin:The path '/home/dave/Desktop/mmr_driverless/install/fused_imu' in the environment variable CMAKE_PREFIX_PATH doesn't exist
[0.682s] WARNING:colcon.colcon_ros.prefix_path.catkin:The path '/home/dave/Desktop/mmr_driverless/install/cpp_pubsub' in the environment variable CMAKE_PREFIX_PATH doesn't exist
[0.682s] WARNING:colcon.colcon_ros.prefix_path.catkin:The path '/home/dave/Desktop/mmr_driverless/install/cpp_parameters' in the environment variable CMAKE_PREFIX_PATH doesn't exist
[0.682s] WARNING:colcon.colcon_ros.prefix_path.catkin:The path '/home/dave/Desktop/mmr_driverless/install/basic_mobile_robot' in the environment variable CMAKE_PREFIX_PATH doesn't exist
[0.685s] DEBUG:colcon.colcon_installed_package_information.package_discovery:Found 297 installed packages in /opt/ros/humble
[0.687s] Level 1:colcon.colcon_core.package_discovery:discover_packages(prefix_path) using defaults
[0.777s] Level 5:colcon.colcon_core.verb:set package 'fused_imu' build argument 'cmake_args' from command line to 'None'
[0.777s] Level 5:colcon.colcon_core.verb:set package 'fused_imu' build argument 'cmake_target' from command line to 'None'
[0.777s] Level 5:colcon.colcon_core.verb:set package 'fused_imu' build argument 'cmake_target_skip_unavailable' from command line to 'False'
[0.777s] Level 5:colcon.colcon_core.verb:set package 'fused_imu' build argument 'cmake_clean_cache' from command line to 'False'
[0.777s] Level 5:colcon.colcon_core.verb:set package 'fused_imu' build argument 'cmake_clean_first' from command line to 'False'
[0.777s] Level 5:colcon.colcon_core.verb:set package 'fused_imu' build argument 'cmake_force_configure' from command line to 'False'
[0.777s] Level 5:colcon.colcon_core.verb:set package 'fused_imu' build argument 'ament_cmake_args' from command line to 'None'
[0.777s] Level 5:colcon.colcon_core.verb:set package 'fused_imu' build argument 'catkin_cmake_args' from command line to 'None'
[0.777s] Level 5:colcon.colcon_core.verb:set package 'fused_imu' build argument 'catkin_skip_building_tests' from command line to 'False'
[0.777s] DEBUG:colcon.colcon_core.verb:Building package 'fused_imu' with the following arguments: {'ament_cmake_args': None, 'build_base': '/home/dave/Desktop/mmr_driverless/imu_fusion/build/fused_imu', 'catkin_cmake_args': None, 'catkin_skip_building_tests': False, 'cmake_args': None, 'cmake_clean_cache': False, 'cmake_clean_first': False, 'cmake_force_configure': False, 'cmake_target': None, 'cmake_target_skip_unavailable': False, 'install_base': '/home/dave/Desktop/mmr_driverless/imu_fusion/install/fused_imu', 'merge_install': False, 'path': '/home/dave/Desktop/mmr_driverless/imu_fusion/fused_imu', 'symlink_install': False, 'test_result_base': None}
[0.778s] Level 5:colcon.colcon_core.verb:set package 'imu_difference_plotter' build argument 'cmake_args' from command line to 'None'
[0.778s] Level 5:colcon.colcon_core.verb:set package 'imu_difference_plotter' build argument 'cmake_target' from command line to 'None'
[0.778s] Level 5:colcon.colcon_core.verb:set package 'imu_difference_plotter' build argument 'cmake_target_skip_unavailable' from command line to 'False'
[0.778s] Level 5:colcon.colcon_core.verb:set package 'imu_difference_plotter' build argument 'cmake_clean_cache' from command line to 'False'
[0.778s] Level 5:colcon.colcon_core.verb:set package 'imu_difference_plotter' build argument 'cmake_clean_first' from command line to 'False'
[0.778s] Level 5:colcon.colcon_core.verb:set package 'imu_difference_plotter' build argument 'cmake_force_configure' from command line to 'False'
[0.778s] Level 5:colcon.colcon_core.verb:set package 'imu_difference_plotter' build argument 'ament_cmake_args' from command line to 'None'
[0.778s] Level 5:colcon.colcon_core.verb:set package 'imu_difference_plotter' build argument 'catkin_cmake_args' from command line to 'None'
[0.778s] Level 5:colcon.colcon_core.verb:set package 'imu_difference_plotter' build argument 'catkin_skip_building_tests' from command line to 'False'
[0.778s] DEBUG:colcon.colcon_core.verb:Building package 'imu_difference_plotter' with the following arguments: {'ament_cmake_args': None, 'build_base': '/home/dave/Desktop/mmr_driverless/imu_fusion/build/imu_difference_plotter', 'catkin_cmake_args': None, 'catkin_skip_building_tests': False, 'cmake_args': None, 'cmake_clean_cache': False, 'cmake_clean_first': False, 'cmake_force_configure': False, 'cmake_target': None, 'cmake_target_skip_unavailable': False, 'install_base': '/home/dave/Desktop/mmr_driverless/imu_fusion/install/imu_difference_plotter', 'merge_install': False, 'path': '/home/dave/Desktop/mmr_driverless/imu_fusion/imu_difference_plotter', 'symlink_install': False, 'test_result_base': None}
[0.778s] INFO:colcon.colcon_core.executor:Executing jobs using 'parallel' executor
[0.779s] DEBUG:colcon.colcon_parallel_executor.executor.parallel:run_until_complete
[0.779s] INFO:colcon.colcon_ros.task.ament_cmake.build:Building ROS package in '/home/dave/Desktop/mmr_driverless/imu_fusion/fused_imu' with build type 'ament_cmake'
[0.779s] INFO:colcon.colcon_cmake.task.cmake.build:Building CMake package in '/home/dave/Desktop/mmr_driverless/imu_fusion/fused_imu'
[0.783s] INFO:colcon.colcon_core.plugin_system:Skipping extension 'colcon_core.shell.bat': Not used on non-Windows systems
[0.783s] INFO:colcon.colcon_core.shell:Skip shell extension 'powershell' for command environment: Not usable outside of PowerShell
[0.783s] DEBUG:colcon.colcon_core.shell:Skip shell extension 'dsv' for command environment
[0.786s] INFO:colcon.colcon_ros.task.ament_cmake.build:Building ROS package in '/home/dave/Desktop/mmr_driverless/imu_fusion/imu_difference_plotter' with build type 'ament_cmake'
[0.786s] INFO:colcon.colcon_cmake.task.cmake.build:Building CMake package in '/home/dave/Desktop/mmr_driverless/imu_fusion/imu_difference_plotter'
[0.786s] INFO:colcon.colcon_core.shell:Skip shell extension 'powershell' for command environment: Not usable outside of PowerShell
[0.786s] DEBUG:colcon.colcon_core.shell:Skip shell extension 'dsv' for command environment
[0.791s] DEBUG:colcon.colcon_core.event_handler.log_command:Invoking command in '/home/dave/Desktop/mmr_driverless/imu_fusion/build/fused_imu': CMAKE_PREFIX_PATH=${CMAKE_PREFIX_PATH}:/opt/ros/humble /usr/bin/cmake /home/dave/Desktop/mmr_driverless/imu_fusion/fused_imu -DCMAKE_INSTALL_PREFIX=/home/dave/Desktop/mmr_driverless/imu_fusion/install/fused_imu
[0.798s] DEBUG:colcon.colcon_core.event_handler.log_command:Invoking command in '/home/dave/Desktop/mmr_driverless/imu_fusion/build/imu_difference_plotter': CMAKE_PREFIX_PATH=${CMAKE_PREFIX_PATH}:/opt/ros/humble /usr/bin/cmake /home/dave/Desktop/mmr_driverless/imu_fusion/imu_difference_plotter -DCMAKE_INSTALL_PREFIX=/home/dave/Desktop/mmr_driverless/imu_fusion/install/imu_difference_plotter
[1.901s] DEBUG:colcon.colcon_core.event_handler.log_command:Invoked command in '/home/dave/Desktop/mmr_driverless/imu_fusion/build/imu_difference_plotter' returned '0': CMAKE_PREFIX_PATH=${CMAKE_PREFIX_PATH}:/opt/ros/humble /usr/bin/cmake /home/dave/Desktop/mmr_driverless/imu_fusion/imu_difference_plotter -DCMAKE_INSTALL_PREFIX=/home/dave/Desktop/mmr_driverless/imu_fusion/install/imu_difference_plotter
[1.903s] DEBUG:colcon.colcon_core.event_handler.log_command:Invoking command in '/home/dave/Desktop/mmr_driverless/imu_fusion/build/imu_difference_plotter': CMAKE_PREFIX_PATH=${CMAKE_PREFIX_PATH}:/opt/ros/humble /usr/bin/cmake --build /home/dave/Desktop/mmr_driverless/imu_fusion/build/imu_difference_plotter -- -j8 -l8
[1.968s] DEBUG:colcon.colcon_core.event_handler.log_command:Invoked command in '/home/dave/Desktop/mmr_driverless/imu_fusion/build/imu_difference_plotter' returned '0': CMAKE_PREFIX_PATH=${CMAKE_PREFIX_PATH}:/opt/ros/humble /usr/bin/cmake --build /home/dave/Desktop/mmr_driverless/imu_fusion/build/imu_difference_plotter -- -j8 -l8
[2.032s] DEBUG:colcon.colcon_core.event_handler.log_command:Invoking command in '/home/dave/Desktop/mmr_driverless/imu_fusion/build/imu_difference_plotter': CMAKE_PREFIX_PATH=${CMAKE_PREFIX_PATH}:/opt/ros/humble /usr/bin/cmake --install /home/dave/Desktop/mmr_driverless/imu_fusion/build/imu_difference_plotter
[2.056s] Level 1:colcon.colcon_core.environment:create_environment_scripts_only(imu_difference_plotter)
[2.057s] DEBUG:colcon.colcon_core.event_handler.log_command:Invoked command in '/home/dave/Desktop/mmr_driverless/imu_fusion/build/imu_difference_plotter' returned '0': CMAKE_PREFIX_PATH=${CMAKE_PREFIX_PATH}:/opt/ros/humble /usr/bin/cmake --install /home/dave/Desktop/mmr_driverless/imu_fusion/build/imu_difference_plotter
[2.061s] Level 1:colcon.colcon_core.environment:checking '/home/dave/Desktop/mmr_driverless/imu_fusion/install/imu_difference_plotter' for CMake module files
[2.062s] Level 1:colcon.colcon_core.environment:checking '/home/dave/Desktop/mmr_driverless/imu_fusion/install/imu_difference_plotter' for CMake config files
[2.062s] Level 1:colcon.colcon_core.shell:create_environment_hook('imu_difference_plotter', 'cmake_prefix_path')
[2.063s] INFO:colcon.colcon_core.shell:Creating environment hook '/home/dave/Desktop/mmr_driverless/imu_fusion/install/imu_difference_plotter/share/imu_difference_plotter/hook/cmake_prefix_path.ps1'
[2.064s] INFO:colcon.colcon_core.shell:Creating environment descriptor '/home/dave/Desktop/mmr_driverless/imu_fusion/install/imu_difference_plotter/share/imu_difference_plotter/hook/cmake_prefix_path.dsv'
[2.065s] INFO:colcon.colcon_core.shell:Creating environment hook '/home/dave/Desktop/mmr_driverless/imu_fusion/install/imu_difference_plotter/share/imu_difference_plotter/hook/cmake_prefix_path.sh'
[2.066s] Level 1:colcon.colcon_core.environment:checking '/home/dave/Desktop/mmr_driverless/imu_fusion/install/imu_difference_plotter/bin'
[2.067s] Level 1:colcon.colcon_core.environment:checking '/home/dave/Desktop/mmr_driverless/imu_fusion/install/imu_difference_plotter/lib/pkgconfig/imu_difference_plotter.pc'
[2.067s] Level 1:colcon.colcon_core.environment:checking '/home/dave/Desktop/mmr_driverless/imu_fusion/install/imu_difference_plotter/lib/python3.10/site-packages'
[2.068s] Level 1:colcon.colcon_core.environment:checking '/home/dave/Desktop/mmr_driverless/imu_fusion/install/imu_difference_plotter/bin'
[2.068s] INFO:colcon.colcon_core.shell:Creating package script '/home/dave/Desktop/mmr_driverless/imu_fusion/install/imu_difference_plotter/share/imu_difference_plotter/package.ps1'
[2.070s] INFO:colcon.colcon_core.shell:Creating package descriptor '/home/dave/Desktop/mmr_driverless/imu_fusion/install/imu_difference_plotter/share/imu_difference_plotter/package.dsv'
[2.071s] INFO:colcon.colcon_core.shell:Creating package script '/home/dave/Desktop/mmr_driverless/imu_fusion/install/imu_difference_plotter/share/imu_difference_plotter/package.sh'
[2.073s] INFO:colcon.colcon_core.shell:Creating package script '/home/dave/Desktop/mmr_driverless/imu_fusion/install/imu_difference_plotter/share/imu_difference_plotter/package.bash'
[2.077s] INFO:colcon.colcon_core.shell:Creating package script '/home/dave/Desktop/mmr_driverless/imu_fusion/install/imu_difference_plotter/share/imu_difference_plotter/package.zsh'
[2.080s] Level 1:colcon.colcon_core.environment:create_file_with_runtime_dependencies(/home/dave/Desktop/mmr_driverless/imu_fusion/install/imu_difference_plotter/share/colcon-core/packages/imu_difference_plotter)
[2.114s] Level 1:colcon.colcon_core.environment:create_environment_scripts_only(imu_difference_plotter)
[2.115s] Level 1:colcon.colcon_core.environment:checking '/home/dave/Desktop/mmr_driverless/imu_fusion/install/imu_difference_plotter' for CMake module files
[2.116s] Level 1:colcon.colcon_core.environment:checking '/home/dave/Desktop/mmr_driverless/imu_fusion/install/imu_difference_plotter' for CMake config files
[2.116s] Level 1:colcon.colcon_core.shell:create_environment_hook('imu_difference_plotter', 'cmake_prefix_path')
[2.117s] INFO:colcon.colcon_core.shell:Creating environment hook '/home/dave/Desktop/mmr_driverless/imu_fusion/install/imu_difference_plotter/share/imu_difference_plotter/hook/cmake_prefix_path.ps1'
[2.118s] INFO:colcon.colcon_core.shell:Creating environment descriptor '/home/dave/Desktop/mmr_driverless/imu_fusion/install/imu_difference_plotter/share/imu_difference_plotter/hook/cmake_prefix_path.dsv'
[2.120s] INFO:colcon.colcon_core.shell:Creating environment hook '/home/dave/Desktop/mmr_driverless/imu_fusion/install/imu_difference_plotter/share/imu_difference_plotter/hook/cmake_prefix_path.sh'
[2.122s] Level 1:colcon.colcon_core.environment:checking '/home/dave/Desktop/mmr_driverless/imu_fusion/install/imu_difference_plotter/bin'
[2.122s] Level 1:colcon.colcon_core.environment:checking '/home/dave/Desktop/mmr_driverless/imu_fusion/install/imu_difference_plotter/lib/pkgconfig/imu_difference_plotter.pc'
[2.123s] Level 1:colcon.colcon_core.environment:checking '/home/dave/Desktop/mmr_driverless/imu_fusion/install/imu_difference_plotter/lib/python3.10/site-packages'
[2.123s] Level 1:colcon.colcon_core.environment:checking '/home/dave/Desktop/mmr_driverless/imu_fusion/install/imu_difference_plotter/bin'
[2.124s] INFO:colcon.colcon_core.shell:Creating package script '/home/dave/Desktop/mmr_driverless/imu_fusion/install/imu_difference_plotter/share/imu_difference_plotter/package.ps1'
[2.125s] INFO:colcon.colcon_core.shell:Creating package descriptor '/home/dave/Desktop/mmr_driverless/imu_fusion/install/imu_difference_plotter/share/imu_difference_plotter/package.dsv'
[2.125s] INFO:colcon.colcon_core.shell:Creating package script '/home/dave/Desktop/mmr_driverless/imu_fusion/install/imu_difference_plotter/share/imu_difference_plotter/package.sh'
[2.126s] INFO:colcon.colcon_core.shell:Creating package script '/home/dave/Desktop/mmr_driverless/imu_fusion/install/imu_difference_plotter/share/imu_difference_plotter/package.bash'
[2.126s] INFO:colcon.colcon_core.shell:Creating package script '/home/dave/Desktop/mmr_driverless/imu_fusion/install/imu_difference_plotter/share/imu_difference_plotter/package.zsh'
[2.126s] Level 1:colcon.colcon_core.environment:create_file_with_runtime_dependencies(/home/dave/Desktop/mmr_driverless/imu_fusion/install/imu_difference_plotter/share/colcon-core/packages/imu_difference_plotter)
[2.603s] DEBUG:colcon.colcon_core.event_handler.log_command:Invoked command in '/home/dave/Desktop/mmr_driverless/imu_fusion/build/fused_imu' returned '0': CMAKE_PREFIX_PATH=${CMAKE_PREFIX_PATH}:/opt/ros/humble /usr/bin/cmake /home/dave/Desktop/mmr_driverless/imu_fusion/fused_imu -DCMAKE_INSTALL_PREFIX=/home/dave/Desktop/mmr_driverless/imu_fusion/install/fused_imu
[2.605s] DEBUG:colcon.colcon_core.event_handler.log_command:Invoking command in '/home/dave/Desktop/mmr_driverless/imu_fusion/build/fused_imu': CMAKE_PREFIX_PATH=${CMAKE_PREFIX_PATH}:/opt/ros/humble /usr/bin/cmake --build /home/dave/Desktop/mmr_driverless/imu_fusion/build/fused_imu -- -j8 -l8
[12.095s] DEBUG:colcon.colcon_core.event_handler.log_command:Invoked command in '/home/dave/Desktop/mmr_driverless/imu_fusion/build/fused_imu' returned '0': CMAKE_PREFIX_PATH=${CMAKE_PREFIX_PATH}:/opt/ros/humble /usr/bin/cmake --build /home/dave/Desktop/mmr_driverless/imu_fusion/build/fused_imu -- -j8 -l8
[12.124s] DEBUG:colcon.colcon_core.event_handler.log_command:Invoking command in '/home/dave/Desktop/mmr_driverless/imu_fusion/build/fused_imu': CMAKE_PREFIX_PATH=${CMAKE_PREFIX_PATH}:/opt/ros/humble /usr/bin/cmake --install /home/dave/Desktop/mmr_driverless/imu_fusion/build/fused_imu
[12.141s] Level 1:colcon.colcon_core.environment:create_environment_scripts_only(fused_imu)
[12.142s] Level 1:colcon.colcon_core.environment:checking '/home/dave/Desktop/mmr_driverless/imu_fusion/install/fused_imu' for CMake module files
[12.142s] DEBUG:colcon.colcon_core.event_handler.log_command:Invoked command in '/home/dave/Desktop/mmr_driverless/imu_fusion/build/fused_imu' returned '0': CMAKE_PREFIX_PATH=${CMAKE_PREFIX_PATH}:/opt/ros/humble /usr/bin/cmake --install /home/dave/Desktop/mmr_driverless/imu_fusion/build/fused_imu
[12.143s] Level 1:colcon.colcon_core.environment:checking '/home/dave/Desktop/mmr_driverless/imu_fusion/install/fused_imu' for CMake config files
[12.143s] Level 1:colcon.colcon_core.shell:create_environment_hook('fused_imu', 'cmake_prefix_path')
[12.143s] INFO:colcon.colcon_core.shell:Creating environment hook '/home/dave/Desktop/mmr_driverless/imu_fusion/install/fused_imu/share/fused_imu/hook/cmake_prefix_path.ps1'
[12.144s] INFO:colcon.colcon_core.shell:Creating environment descriptor '/home/dave/Desktop/mmr_driverless/imu_fusion/install/fused_imu/share/fused_imu/hook/cmake_prefix_path.dsv'
[12.144s] INFO:colcon.colcon_core.shell:Creating environment hook '/home/dave/Desktop/mmr_driverless/imu_fusion/install/fused_imu/share/fused_imu/hook/cmake_prefix_path.sh'
[12.145s] Level 1:colcon.colcon_core.environment:checking '/home/dave/Desktop/mmr_driverless/imu_fusion/install/fused_imu/lib'
[12.145s] Level 1:colcon.colcon_core.environment:checking '/home/dave/Desktop/mmr_driverless/imu_fusion/install/fused_imu/bin'
[12.145s] Level 1:colcon.colcon_core.environment:checking '/home/dave/Desktop/mmr_driverless/imu_fusion/install/fused_imu/lib/pkgconfig/fused_imu.pc'
[12.146s] Level 1:colcon.colcon_core.environment:checking '/home/dave/Desktop/mmr_driverless/imu_fusion/install/fused_imu/lib/python3.10/site-packages'
[12.146s] Level 1:colcon.colcon_core.environment:checking '/home/dave/Desktop/mmr_driverless/imu_fusion/install/fused_imu/bin'
[12.146s] INFO:colcon.colcon_core.shell:Creating package script '/home/dave/Desktop/mmr_driverless/imu_fusion/install/fused_imu/share/fused_imu/package.ps1'
[12.147s] INFO:colcon.colcon_core.shell:Creating package descriptor '/home/dave/Desktop/mmr_driverless/imu_fusion/install/fused_imu/share/fused_imu/package.dsv'
[12.147s] INFO:colcon.colcon_core.shell:Creating package script '/home/dave/Desktop/mmr_driverless/imu_fusion/install/fused_imu/share/fused_imu/package.sh'
[12.148s] INFO:colcon.colcon_core.shell:Creating package script '/home/dave/Desktop/mmr_driverless/imu_fusion/install/fused_imu/share/fused_imu/package.bash'
[12.148s] INFO:colcon.colcon_core.shell:Creating package script '/home/dave/Desktop/mmr_driverless/imu_fusion/install/fused_imu/share/fused_imu/package.zsh'
[12.149s] Level 1:colcon.colcon_core.environment:create_file_with_runtime_dependencies(/home/dave/Desktop/mmr_driverless/imu_fusion/install/fused_imu/share/colcon-core/packages/fused_imu)
[12.180s] Level 1:colcon.colcon_core.environment:create_environment_scripts_only(fused_imu)
[12.180s] Level 1:colcon.colcon_core.environment:checking '/home/dave/Desktop/mmr_driverless/imu_fusion/install/fused_imu' for CMake module files
[12.181s] Level 1:colcon.colcon_core.environment:checking '/home/dave/Desktop/mmr_driverless/imu_fusion/install/fused_imu' for CMake config files
[12.181s] Level 1:colcon.colcon_core.shell:create_environment_hook('fused_imu', 'cmake_prefix_path')
[12.182s] INFO:colcon.colcon_core.shell:Creating environment hook '/home/dave/Desktop/mmr_driverless/imu_fusion/install/fused_imu/share/fused_imu/hook/cmake_prefix_path.ps1'
[12.182s] INFO:colcon.colcon_core.shell:Creating environment descriptor '/home/dave/Desktop/mmr_driverless/imu_fusion/install/fused_imu/share/fused_imu/hook/cmake_prefix_path.dsv'
[12.183s] INFO:colcon.colcon_core.shell:Creating environment hook '/home/dave/Desktop/mmr_driverless/imu_fusion/install/fused_imu/share/fused_imu/hook/cmake_prefix_path.sh'
[12.183s] Level 1:colcon.colcon_core.environment:checking '/home/dave/Desktop/mmr_driverless/imu_fusion/install/fused_imu/lib'
[12.183s] Level 1:colcon.colcon_core.environment:checking '/home/dave/Desktop/mmr_driverless/imu_fusion/install/fused_imu/bin'
[12.184s] Level 1:colcon.colcon_core.environment:checking '/home/dave/Desktop/mmr_driverless/imu_fusion/install/fused_imu/lib/pkgconfig/fused_imu.pc'
[12.184s] Level 1:colcon.colcon_core.environment:checking '/home/dave/Desktop/mmr_driverless/imu_fusion/install/fused_imu/lib/python3.10/site-packages'
[12.184s] Level 1:colcon.colcon_core.environment:checking '/home/dave/Desktop/mmr_driverless/imu_fusion/install/fused_imu/bin'
[12.184s] INFO:colcon.colcon_core.shell:Creating package script '/home/dave/Desktop/mmr_driverless/imu_fusion/install/fused_imu/share/fused_imu/package.ps1'
[12.185s] INFO:colcon.colcon_core.shell:Creating package descriptor '/home/dave/Desktop/mmr_driverless/imu_fusion/install/fused_imu/share/fused_imu/package.dsv'
[12.185s] INFO:colcon.colcon_core.shell:Creating package script '/home/dave/Desktop/mmr_driverless/imu_fusion/install/fused_imu/share/fused_imu/package.sh'
[12.186s] INFO:colcon.colcon_core.shell:Creating package script '/home/dave/Desktop/mmr_driverless/imu_fusion/install/fused_imu/share/fused_imu/package.bash'
[12.186s] INFO:colcon.colcon_core.shell:Creating package script '/home/dave/Desktop/mmr_driverless/imu_fusion/install/fused_imu/share/fused_imu/package.zsh'
[12.188s] Level 1:colcon.colcon_core.environment:create_file_with_runtime_dependencies(/home/dave/Desktop/mmr_driverless/imu_fusion/install/fused_imu/share/colcon-core/packages/fused_imu)
[12.188s] DEBUG:colcon.colcon_parallel_executor.executor.parallel:closing loop
[12.189s] DEBUG:colcon.colcon_parallel_executor.executor.parallel:loop closed
[12.189s] DEBUG:colcon.colcon_parallel_executor.executor.parallel:run_until_complete finished with '0'
[12.189s] DEBUG:colcon.colcon_core.event_reactor:joining thread
[12.197s] INFO:colcon.colcon_core.plugin_system:Skipping extension 'colcon_notification.desktop_notification.terminal_notifier': Not used on non-Darwin systems
[12.197s] INFO:colcon.colcon_core.plugin_system:Skipping extension 'colcon_notification.desktop_notification.win32': Not used on non-Windows systems
[12.197s] INFO:colcon.colcon_notification.desktop_notification:Sending desktop notification using 'notify2'
[12.211s] DEBUG:colcon.colcon_core.event_reactor:joined thread
[12.211s] INFO:colcon.colcon_core.shell:Creating prefix script '/home/dave/Desktop/mmr_driverless/imu_fusion/install/local_setup.ps1'
[12.212s] INFO:colcon.colcon_core.shell:Creating prefix util module '/home/dave/Desktop/mmr_driverless/imu_fusion/install/_local_setup_util_ps1.py'
[12.213s] INFO:colcon.colcon_core.shell:Creating prefix chain script '/home/dave/Desktop/mmr_driverless/imu_fusion/install/setup.ps1'
[12.214s] INFO:colcon.colcon_core.shell:Creating prefix script '/home/dave/Desktop/mmr_driverless/imu_fusion/install/local_setup.sh'
[12.214s] INFO:colcon.colcon_core.shell:Creating prefix util module '/home/dave/Desktop/mmr_driverless/imu_fusion/install/_local_setup_util_sh.py'
[12.215s] INFO:colcon.colcon_core.shell:Creating prefix chain script '/home/dave/Desktop/mmr_driverless/imu_fusion/install/setup.sh'
[12.216s] INFO:colcon.colcon_core.shell:Creating prefix script '/home/dave/Desktop/mmr_driverless/imu_fusion/install/local_setup.bash'
[12.217s] INFO:colcon.colcon_core.shell:Creating prefix chain script '/home/dave/Desktop/mmr_driverless/imu_fusion/install/setup.bash'
[12.217s] INFO:colcon.colcon_core.shell:Creating prefix script '/home/dave/Desktop/mmr_driverless/imu_fusion/install/local_setup.zsh'
[12.218s] INFO:colcon.colcon_core.shell:Creating prefix chain script '/home/dave/Desktop/mmr_driverless/imu_fusion/install/setup.zsh'
