[0.012s] Invoking command in '/home/dave/Desktop/mmr_driverless/imu_fusion/build/fused_imu': CMAKE_PREFIX_PATH=${CMAKE_PREFIX_PATH}:/opt/ros/humble /usr/bin/cmake /home/dave/Desktop/mmr_driverless/imu_fusion/fused_imu -DCMAKE_INSTALL_PREFIX=/home/dave/Desktop/mmr_driverless/imu_fusion/install/fused_imu
[0.145s] -- The C compiler identification is GNU 11.4.0
[0.235s] -- The CXX compiler identification is GNU 11.4.0
[0.251s] -- Detecting C compiler ABI info
[0.377s] -- Detecting C compiler ABI info - done
[0.392s] -- Check for working C compiler: /usr/bin/cc - skipped
[0.392s] -- Detecting C compile features
[0.393s] -- Detecting C compile features - done
[0.398s] -- Detecting CXX compiler ABI info
[0.523s] -- Detecting CXX compiler ABI info - done
[0.531s] -- Check for working CXX compiler: /usr/bin/c++ - skipped
[0.531s] -- Detecting CXX compile features
[0.532s] -- Detecting CXX compile features - done
[0.545s] -- Found ament_cmake: 1.3.10 (/opt/ros/humble/share/ament_cmake/cmake)
[0.759s] -- Found Python3: /usr/bin/python3 (found version "3.10.12") found components: Interpreter 
[0.894s] -- Found rclcpp: 16.0.10 (/opt/ros/humble/share/rclcpp/cmake)
[0.981s] -- Found rosidl_generator_c: 3.1.5 (/opt/ros/humble/share/rosidl_generator_c/cmake)
[0.989s] -- Found rosidl_adapter: 3.1.5 (/opt/ros/humble/share/rosidl_adapter/cmake)
[1.002s] -- Found rosidl_generator_cpp: 3.1.5 (/opt/ros/humble/share/rosidl_generator_cpp/cmake)
[1.023s] -- Using all available rosidl_typesupport_c: rosidl_typesupport_fastrtps_c;rosidl_typesupport_introspection_c
[1.056s] -- Using all available rosidl_typesupport_cpp: rosidl_typesupport_fastrtps_cpp;rosidl_typesupport_introspection_cpp
[1.116s] -- Found rmw_implementation_cmake: 6.1.2 (/opt/ros/humble/share/rmw_implementation_cmake/cmake)
[1.122s] -- Found rmw_fastrtps_cpp: 6.2.7 (/opt/ros/humble/share/rmw_fastrtps_cpp/cmake)
[1.326s] -- Found OpenSSL: /usr/lib/x86_64-linux-gnu/libcrypto.so (found version "3.0.2")  
[1.365s] -- Found FastRTPS: /opt/ros/humble/include  
[1.410s] -- Using RMW implementation 'rmw_fastrtps_cpp' as default
[1.423s] -- Looking for pthread.h
[1.509s] -- Looking for pthread.h - found
[1.510s] -- Performing Test CMAKE_HAVE_LIBC_PTHREAD
[1.597s] -- Performing Test CMAKE_HAVE_LIBC_PTHREAD - Success
[1.598s] -- Found Threads: TRUE  
[1.665s] -- Found sensor_msgs: 4.2.4 (/opt/ros/humble/share/sensor_msgs/cmake)
[1.709s] -- Found ament_lint_auto: 0.12.11 (/opt/ros/humble/share/ament_lint_auto/cmake)
[1.797s] -- Added test 'cppcheck' to perform static code analysis on C / C++ code
[1.797s] -- Configured cppcheck include dirs: 
[1.797s] -- Configured cppcheck exclude dirs and/or files: 
[1.798s] -- Added test 'lint_cmake' to check CMake code style
[1.799s] -- Added test 'uncrustify' to check C / C++ code style
[1.799s] -- Configured uncrustify additional arguments: 
[1.799s] -- Added test 'xmllint' to check XML markup files
[1.801s] -- Configuring done
[1.812s] -- Generating done
[1.813s] -- Build files have been written to: /home/dave/Desktop/mmr_driverless/imu_fusion/build/fused_imu
[1.824s] Invoked command in '/home/dave/Desktop/mmr_driverless/imu_fusion/build/fused_imu' returned '0': CMAKE_PREFIX_PATH=${CMAKE_PREFIX_PATH}:/opt/ros/humble /usr/bin/cmake /home/dave/Desktop/mmr_driverless/imu_fusion/fused_imu -DCMAKE_INSTALL_PREFIX=/home/dave/Desktop/mmr_driverless/imu_fusion/install/fused_imu
[1.826s] Invoking command in '/home/dave/Desktop/mmr_driverless/imu_fusion/build/fused_imu': CMAKE_PREFIX_PATH=${CMAKE_PREFIX_PATH}:/opt/ros/humble /usr/bin/cmake --build /home/dave/Desktop/mmr_driverless/imu_fusion/build/fused_imu -- -j8 -l8
[1.880s] [ 50%] [32mBuilding CXX object CMakeFiles/fused_imu_node.dir/src/main.cpp.o[0m
[10.749s] [100%] [32m[1mLinking CXX executable fused_imu_node[0m
[11.302s] [100%] Built target fused_imu_node
[11.315s] Invoked command in '/home/dave/Desktop/mmr_driverless/imu_fusion/build/fused_imu' returned '0': CMAKE_PREFIX_PATH=${CMAKE_PREFIX_PATH}:/opt/ros/humble /usr/bin/cmake --build /home/dave/Desktop/mmr_driverless/imu_fusion/build/fused_imu -- -j8 -l8
[11.344s] Invoking command in '/home/dave/Desktop/mmr_driverless/imu_fusion/build/fused_imu': CMAKE_PREFIX_PATH=${CMAKE_PREFIX_PATH}:/opt/ros/humble /usr/bin/cmake --install /home/dave/Desktop/mmr_driverless/imu_fusion/build/fused_imu
[11.353s] -- Install configuration: ""
[11.353s] -- Installing: /home/dave/Desktop/mmr_driverless/imu_fusion/install/fused_imu/lib/fused_imu/fused_imu_node
[11.358s] -- Set runtime path of "/home/dave/Desktop/mmr_driverless/imu_fusion/install/fused_imu/lib/fused_imu/fused_imu_node" to ""
[11.358s] -- Installing: /home/dave/Desktop/mmr_driverless/imu_fusion/install/fused_imu/share/ament_index/resource_index/package_run_dependencies/fused_imu
[11.358s] -- Installing: /home/dave/Desktop/mmr_driverless/imu_fusion/install/fused_imu/share/ament_index/resource_index/parent_prefix_path/fused_imu
[11.358s] -- Installing: /home/dave/Desktop/mmr_driverless/imu_fusion/install/fused_imu/share/fused_imu/environment/ament_prefix_path.sh
[11.359s] -- Installing: /home/dave/Desktop/mmr_driverless/imu_fusion/install/fused_imu/share/fused_imu/environment/ament_prefix_path.dsv
[11.359s] -- Installing: /home/dave/Desktop/mmr_driverless/imu_fusion/install/fused_imu/share/fused_imu/environment/path.sh
[11.359s] -- Installing: /home/dave/Desktop/mmr_driverless/imu_fusion/install/fused_imu/share/fused_imu/environment/path.dsv
[11.359s] -- Installing: /home/dave/Desktop/mmr_driverless/imu_fusion/install/fused_imu/share/fused_imu/local_setup.bash
[11.359s] -- Installing: /home/dave/Desktop/mmr_driverless/imu_fusion/install/fused_imu/share/fused_imu/local_setup.sh
[11.359s] -- Installing: /home/dave/Desktop/mmr_driverless/imu_fusion/install/fused_imu/share/fused_imu/local_setup.zsh
[11.359s] -- Installing: /home/dave/Desktop/mmr_driverless/imu_fusion/install/fused_imu/share/fused_imu/local_setup.dsv
[11.360s] -- Installing: /home/dave/Desktop/mmr_driverless/imu_fusion/install/fused_imu/share/fused_imu/package.dsv
[11.360s] -- Installing: /home/dave/Desktop/mmr_driverless/imu_fusion/install/fused_imu/share/ament_index/resource_index/packages/fused_imu
[11.360s] -- Installing: /home/dave/Desktop/mmr_driverless/imu_fusion/install/fused_imu/share/fused_imu/cmake/fused_imuConfig.cmake
[11.360s] -- Installing: /home/dave/Desktop/mmr_driverless/imu_fusion/install/fused_imu/share/fused_imu/cmake/fused_imuConfig-version.cmake
[11.360s] -- Installing: /home/dave/Desktop/mmr_driverless/imu_fusion/install/fused_imu/share/fused_imu/package.xml
[11.363s] Invoked command in '/home/dave/Desktop/mmr_driverless/imu_fusion/build/fused_imu' returned '0': CMAKE_PREFIX_PATH=${CMAKE_PREFIX_PATH}:/opt/ros/humble /usr/bin/cmake --install /home/dave/Desktop/mmr_driverless/imu_fusion/build/fused_imu
