[0.150s] DEBUG:colcon:Command line arguments: ['/usr/bin/colcon', 'build']
[0.150s] DEBUG:colcon:Parsed command line arguments: Namespace(log_base=None, log_level=None, verb_name='build', build_base='build', install_base='install', merge_install=False, symlink_install=False, test_result_base=None, continue_on_error=False, executor='parallel', parallel_workers=8, event_handlers=None, ignore_user_meta=False, metas=['./colcon.meta'], base_paths=['.'], packages_ignore=None, packages_ignore_regex=None, paths=None, packages_up_to=None, packages_up_to_regex=None, packages_above=None, packages_above_and_dependencies=None, packages_above_depth=None, packages_select_by_dep=None, packages_skip_by_dep=None, packages_skip_up_to=None, packages_select_build_failed=False, packages_skip_build_finished=False, packages_select_test_failures=False, packages_skip_test_passed=False, packages_select=None, packages_skip=None, packages_select_regex=None, packages_skip_regex=None, packages_start=None, packages_end=None, allow_overriding=[], cmake_args=None, cmake_target=None, cmake_target_skip_unavailable=False, cmake_clean_cache=False, cmake_clean_first=False, cmake_force_configure=False, ament_cmake_args=None, catkin_cmake_args=None, catkin_skip_building_tests=False, verb_parser=<colcon_defaults.argument_parser.defaults.DefaultArgumentsDecorator object at 0x7f95cd80ae00>, verb_extension=<colcon_core.verb.build.BuildVerb object at 0x7f95cd8f3a60>, main=<bound method BuildVerb.main of <colcon_core.verb.build.BuildVerb object at 0x7f95cd8f3a60>>)
[0.456s] Level 1:colcon.colcon_core.package_discovery:discover_packages(colcon_meta) check parameters
[0.456s] Level 1:colcon.colcon_core.package_discovery:discover_packages(recursive) check parameters
[0.456s] Level 1:colcon.colcon_core.package_discovery:discover_packages(ignore) check parameters
[0.456s] Level 1:colcon.colcon_core.package_discovery:discover_packages(path) check parameters
[0.456s] Level 1:colcon.colcon_core.package_discovery:discover_packages(colcon_meta) discover
[0.456s] Level 1:colcon.colcon_core.package_discovery:discover_packages(recursive) discover
[0.456s] INFO:colcon.colcon_core.package_discovery:Crawling recursively for packages in '/home/dave/Desktop/mmr_driverless/imu_fusion'
[0.456s] Level 1:colcon.colcon_core.package_identification:_identify(.) by extensions ['ignore', 'ignore_ament_install']
[0.456s] Level 1:colcon.colcon_core.package_identification:_identify(.) by extension 'ignore'
[0.456s] Level 1:colcon.colcon_core.package_identification:_identify(.) by extension 'ignore_ament_install'
[0.456s] Level 1:colcon.colcon_core.package_identification:_identify(.) by extensions ['colcon_pkg']
[0.456s] Level 1:colcon.colcon_core.package_identification:_identify(.) by extension 'colcon_pkg'
[0.456s] Level 1:colcon.colcon_core.package_identification:_identify(.) by extensions ['colcon_meta']
[0.456s] Level 1:colcon.colcon_core.package_identification:_identify(.) by extension 'colcon_meta'
[0.456s] Level 1:colcon.colcon_core.package_identification:_identify(.) by extensions ['ros']
[0.456s] Level 1:colcon.colcon_core.package_identification:_identify(.) by extension 'ros'
[0.468s] Level 1:colcon.colcon_core.package_identification:_identify(.) by extensions ['cmake', 'python']
[0.468s] Level 1:colcon.colcon_core.package_identification:_identify(.) by extension 'cmake'
[0.468s] Level 1:colcon.colcon_core.package_identification:_identify(.) by extension 'python'
[0.468s] Level 1:colcon.colcon_core.package_identification:_identify(.) by extensions ['python_setup_py']
[0.468s] Level 1:colcon.colcon_core.package_identification:_identify(.) by extension 'python_setup_py'
[0.468s] Level 1:colcon.colcon_core.package_identification:_identify(build) by extensions ['ignore', 'ignore_ament_install']
[0.468s] Level 1:colcon.colcon_core.package_identification:_identify(build) by extension 'ignore'
[0.468s] Level 1:colcon.colcon_core.package_identification:_identify(build) ignored
[0.468s] Level 1:colcon.colcon_core.package_identification:_identify(fused_imu) by extensions ['ignore', 'ignore_ament_install']
[0.469s] Level 1:colcon.colcon_core.package_identification:_identify(fused_imu) by extension 'ignore'
[0.469s] Level 1:colcon.colcon_core.package_identification:_identify(fused_imu) by extension 'ignore_ament_install'
[0.469s] Level 1:colcon.colcon_core.package_identification:_identify(fused_imu) by extensions ['colcon_pkg']
[0.469s] Level 1:colcon.colcon_core.package_identification:_identify(fused_imu) by extension 'colcon_pkg'
[0.469s] Level 1:colcon.colcon_core.package_identification:_identify(fused_imu) by extensions ['colcon_meta']
[0.469s] Level 1:colcon.colcon_core.package_identification:_identify(fused_imu) by extension 'colcon_meta'
[0.469s] Level 1:colcon.colcon_core.package_identification:_identify(fused_imu) by extensions ['ros']
[0.469s] Level 1:colcon.colcon_core.package_identification:_identify(fused_imu) by extension 'ros'
[0.475s] DEBUG:colcon.colcon_core.package_identification:Package 'fused_imu' with type 'ros.ament_cmake' and name 'fused_imu'
[0.475s] Level 1:colcon.colcon_core.package_identification:_identify(imu_difference_plotter) by extensions ['ignore', 'ignore_ament_install']
[0.475s] Level 1:colcon.colcon_core.package_identification:_identify(imu_difference_plotter) by extension 'ignore'
[0.475s] Level 1:colcon.colcon_core.package_identification:_identify(imu_difference_plotter) by extension 'ignore_ament_install'
[0.475s] Level 1:colcon.colcon_core.package_identification:_identify(imu_difference_plotter) by extensions ['colcon_pkg']
[0.475s] Level 1:colcon.colcon_core.package_identification:_identify(imu_difference_plotter) by extension 'colcon_pkg'
[0.475s] Level 1:colcon.colcon_core.package_identification:_identify(imu_difference_plotter) by extensions ['colcon_meta']
[0.475s] Level 1:colcon.colcon_core.package_identification:_identify(imu_difference_plotter) by extension 'colcon_meta'
[0.476s] Level 1:colcon.colcon_core.package_identification:_identify(imu_difference_plotter) by extensions ['ros']
[0.476s] Level 1:colcon.colcon_core.package_identification:_identify(imu_difference_plotter) by extension 'ros'
[0.476s] DEBUG:colcon.colcon_core.package_identification:Package 'imu_difference_plotter' with type 'ros.ament_cmake' and name 'imu_difference_plotter'
[0.477s] Level 1:colcon.colcon_core.package_identification:_identify(install) by extensions ['ignore', 'ignore_ament_install']
[0.477s] Level 1:colcon.colcon_core.package_identification:_identify(install) by extension 'ignore'
[0.477s] Level 1:colcon.colcon_core.package_identification:_identify(install) ignored
[0.477s] Level 1:colcon.colcon_core.package_identification:_identify(log) by extensions ['ignore', 'ignore_ament_install']
[0.477s] Level 1:colcon.colcon_core.package_identification:_identify(log) by extension 'ignore'
[0.477s] Level 1:colcon.colcon_core.package_identification:_identify(log) ignored
[0.477s] Level 1:colcon.colcon_core.package_discovery:discover_packages(recursive) using defaults
[0.477s] Level 1:colcon.colcon_core.package_discovery:discover_packages(ignore) discover
[0.477s] Level 1:colcon.colcon_core.package_discovery:discover_packages(ignore) using defaults
[0.477s] Level 1:colcon.colcon_core.package_discovery:discover_packages(path) discover
[0.477s] Level 1:colcon.colcon_core.package_discovery:discover_packages(path) using defaults
[0.503s] Level 1:colcon.colcon_core.package_discovery:discover_packages(prefix_path) check parameters
[0.503s] Level 1:colcon.colcon_core.package_discovery:discover_packages(prefix_path) discover
[0.516s] DEBUG:colcon.colcon_installed_package_information.package_discovery:Found 2 installed packages in /home/dave/Desktop/mmr_driverless/imu_fusion/install
[0.518s] DEBUG:colcon.colcon_installed_package_information.package_discovery:Found 297 installed packages in /opt/ros/humble
[0.519s] Level 1:colcon.colcon_core.package_discovery:discover_packages(prefix_path) using defaults
[0.599s] Level 5:colcon.colcon_core.verb:set package 'fused_imu' build argument 'cmake_args' from command line to 'None'
[0.599s] Level 5:colcon.colcon_core.verb:set package 'fused_imu' build argument 'cmake_target' from command line to 'None'
[0.599s] Level 5:colcon.colcon_core.verb:set package 'fused_imu' build argument 'cmake_target_skip_unavailable' from command line to 'False'
[0.599s] Level 5:colcon.colcon_core.verb:set package 'fused_imu' build argument 'cmake_clean_cache' from command line to 'False'
[0.599s] Level 5:colcon.colcon_core.verb:set package 'fused_imu' build argument 'cmake_clean_first' from command line to 'False'
[0.599s] Level 5:colcon.colcon_core.verb:set package 'fused_imu' build argument 'cmake_force_configure' from command line to 'False'
[0.599s] Level 5:colcon.colcon_core.verb:set package 'fused_imu' build argument 'ament_cmake_args' from command line to 'None'
[0.599s] Level 5:colcon.colcon_core.verb:set package 'fused_imu' build argument 'catkin_cmake_args' from command line to 'None'
[0.599s] Level 5:colcon.colcon_core.verb:set package 'fused_imu' build argument 'catkin_skip_building_tests' from command line to 'False'
[0.599s] DEBUG:colcon.colcon_core.verb:Building package 'fused_imu' with the following arguments: {'ament_cmake_args': None, 'build_base': '/home/dave/Desktop/mmr_driverless/imu_fusion/build/fused_imu', 'catkin_cmake_args': None, 'catkin_skip_building_tests': False, 'cmake_args': None, 'cmake_clean_cache': False, 'cmake_clean_first': False, 'cmake_force_configure': False, 'cmake_target': None, 'cmake_target_skip_unavailable': False, 'install_base': '/home/dave/Desktop/mmr_driverless/imu_fusion/install/fused_imu', 'merge_install': False, 'path': '/home/dave/Desktop/mmr_driverless/imu_fusion/fused_imu', 'symlink_install': False, 'test_result_base': None}
[0.600s] Level 5:colcon.colcon_core.verb:set package 'imu_difference_plotter' build argument 'cmake_args' from command line to 'None'
[0.600s] Level 5:colcon.colcon_core.verb:set package 'imu_difference_plotter' build argument 'cmake_target' from command line to 'None'
[0.600s] Level 5:colcon.colcon_core.verb:set package 'imu_difference_plotter' build argument 'cmake_target_skip_unavailable' from command line to 'False'
[0.600s] Level 5:colcon.colcon_core.verb:set package 'imu_difference_plotter' build argument 'cmake_clean_cache' from command line to 'False'
[0.600s] Level 5:colcon.colcon_core.verb:set package 'imu_difference_plotter' build argument 'cmake_clean_first' from command line to 'False'
[0.600s] Level 5:colcon.colcon_core.verb:set package 'imu_difference_plotter' build argument 'cmake_force_configure' from command line to 'False'
[0.600s] Level 5:colcon.colcon_core.verb:set package 'imu_difference_plotter' build argument 'ament_cmake_args' from command line to 'None'
[0.600s] Level 5:colcon.colcon_core.verb:set package 'imu_difference_plotter' build argument 'catkin_cmake_args' from command line to 'None'
[0.600s] Level 5:colcon.colcon_core.verb:set package 'imu_difference_plotter' build argument 'catkin_skip_building_tests' from command line to 'False'
[0.600s] DEBUG:colcon.colcon_core.verb:Building package 'imu_difference_plotter' with the following arguments: {'ament_cmake_args': None, 'build_base': '/home/dave/Desktop/mmr_driverless/imu_fusion/build/imu_difference_plotter', 'catkin_cmake_args': None, 'catkin_skip_building_tests': False, 'cmake_args': None, 'cmake_clean_cache': False, 'cmake_clean_first': False, 'cmake_force_configure': False, 'cmake_target': None, 'cmake_target_skip_unavailable': False, 'install_base': '/home/dave/Desktop/mmr_driverless/imu_fusion/install/imu_difference_plotter', 'merge_install': False, 'path': '/home/dave/Desktop/mmr_driverless/imu_fusion/imu_difference_plotter', 'symlink_install': False, 'test_result_base': None}
[0.600s] INFO:colcon.colcon_core.executor:Executing jobs using 'parallel' executor
[0.601s] DEBUG:colcon.colcon_parallel_executor.executor.parallel:run_until_complete
[0.601s] INFO:colcon.colcon_ros.task.ament_cmake.build:Building ROS package in '/home/dave/Desktop/mmr_driverless/imu_fusion/fused_imu' with build type 'ament_cmake'
[0.601s] INFO:colcon.colcon_cmake.task.cmake.build:Building CMake package in '/home/dave/Desktop/mmr_driverless/imu_fusion/fused_imu'
[0.605s] INFO:colcon.colcon_core.plugin_system:Skipping extension 'colcon_core.shell.bat': Not used on non-Windows systems
[0.605s] INFO:colcon.colcon_core.shell:Skip shell extension 'powershell' for command environment: Not usable outside of PowerShell
[0.605s] DEBUG:colcon.colcon_core.shell:Skip shell extension 'dsv' for command environment
[0.609s] INFO:colcon.colcon_ros.task.ament_cmake.build:Building ROS package in '/home/dave/Desktop/mmr_driverless/imu_fusion/imu_difference_plotter' with build type 'ament_cmake'
[0.609s] INFO:colcon.colcon_cmake.task.cmake.build:Building CMake package in '/home/dave/Desktop/mmr_driverless/imu_fusion/imu_difference_plotter'
[0.609s] INFO:colcon.colcon_core.shell:Skip shell extension 'powershell' for command environment: Not usable outside of PowerShell
[0.609s] DEBUG:colcon.colcon_core.shell:Skip shell extension 'dsv' for command environment
[0.620s] DEBUG:colcon.colcon_core.event_handler.log_command:Invoking command in '/home/dave/Desktop/mmr_driverless/imu_fusion/build/fused_imu': CMAKE_PREFIX_PATH=${CMAKE_PREFIX_PATH}:/opt/ros/humble /usr/bin/cmake --build /home/dave/Desktop/mmr_driverless/imu_fusion/build/fused_imu -- -j8 -l8
[0.627s] DEBUG:colcon.colcon_core.event_handler.log_command:Invoking command in '/home/dave/Desktop/mmr_driverless/imu_fusion/build/imu_difference_plotter': CMAKE_PREFIX_PATH=${CMAKE_PREFIX_PATH}:/opt/ros/humble /usr/bin/cmake --build /home/dave/Desktop/mmr_driverless/imu_fusion/build/imu_difference_plotter -- -j8 -l8
[0.690s] DEBUG:colcon.colcon_core.event_handler.log_command:Invoked command in '/home/dave/Desktop/mmr_driverless/imu_fusion/build/imu_difference_plotter' returned '0': CMAKE_PREFIX_PATH=${CMAKE_PREFIX_PATH}:/opt/ros/humble /usr/bin/cmake --build /home/dave/Desktop/mmr_driverless/imu_fusion/build/imu_difference_plotter -- -j8 -l8
[0.721s] DEBUG:colcon.colcon_core.event_handler.log_command:Invoking command in '/home/dave/Desktop/mmr_driverless/imu_fusion/build/imu_difference_plotter': CMAKE_PREFIX_PATH=${CMAKE_PREFIX_PATH}:/opt/ros/humble /usr/bin/cmake --install /home/dave/Desktop/mmr_driverless/imu_fusion/build/imu_difference_plotter
[0.733s] Level 1:colcon.colcon_core.environment:create_environment_scripts_only(imu_difference_plotter)
[0.734s] DEBUG:colcon.colcon_core.event_handler.log_command:Invoked command in '/home/dave/Desktop/mmr_driverless/imu_fusion/build/imu_difference_plotter' returned '0': CMAKE_PREFIX_PATH=${CMAKE_PREFIX_PATH}:/opt/ros/humble /usr/bin/cmake --install /home/dave/Desktop/mmr_driverless/imu_fusion/build/imu_difference_plotter
[0.740s] Level 1:colcon.colcon_core.environment:checking '/home/dave/Desktop/mmr_driverless/imu_fusion/install/imu_difference_plotter' for CMake module files
[0.741s] Level 1:colcon.colcon_core.environment:checking '/home/dave/Desktop/mmr_driverless/imu_fusion/install/imu_difference_plotter' for CMake config files
[0.742s] Level 1:colcon.colcon_core.shell:create_environment_hook('imu_difference_plotter', 'cmake_prefix_path')
[0.742s] INFO:colcon.colcon_core.shell:Creating environment hook '/home/dave/Desktop/mmr_driverless/imu_fusion/install/imu_difference_plotter/share/imu_difference_plotter/hook/cmake_prefix_path.ps1'
[0.743s] INFO:colcon.colcon_core.shell:Creating environment descriptor '/home/dave/Desktop/mmr_driverless/imu_fusion/install/imu_difference_plotter/share/imu_difference_plotter/hook/cmake_prefix_path.dsv'
[0.744s] INFO:colcon.colcon_core.shell:Creating environment hook '/home/dave/Desktop/mmr_driverless/imu_fusion/install/imu_difference_plotter/share/imu_difference_plotter/hook/cmake_prefix_path.sh'
[0.745s] Level 1:colcon.colcon_core.environment:checking '/home/dave/Desktop/mmr_driverless/imu_fusion/install/imu_difference_plotter/bin'
[0.745s] Level 1:colcon.colcon_core.environment:checking '/home/dave/Desktop/mmr_driverless/imu_fusion/install/imu_difference_plotter/lib/pkgconfig/imu_difference_plotter.pc'
[0.746s] Level 1:colcon.colcon_core.environment:checking '/home/dave/Desktop/mmr_driverless/imu_fusion/install/imu_difference_plotter/lib/python3.10/site-packages'
[0.746s] Level 1:colcon.colcon_core.environment:checking '/home/dave/Desktop/mmr_driverless/imu_fusion/install/imu_difference_plotter/bin'
[0.747s] INFO:colcon.colcon_core.shell:Creating package script '/home/dave/Desktop/mmr_driverless/imu_fusion/install/imu_difference_plotter/share/imu_difference_plotter/package.ps1'
[0.748s] INFO:colcon.colcon_core.shell:Creating package descriptor '/home/dave/Desktop/mmr_driverless/imu_fusion/install/imu_difference_plotter/share/imu_difference_plotter/package.dsv'
[0.749s] INFO:colcon.colcon_core.shell:Creating package script '/home/dave/Desktop/mmr_driverless/imu_fusion/install/imu_difference_plotter/share/imu_difference_plotter/package.sh'
[0.750s] INFO:colcon.colcon_core.shell:Creating package script '/home/dave/Desktop/mmr_driverless/imu_fusion/install/imu_difference_plotter/share/imu_difference_plotter/package.bash'
[0.751s] INFO:colcon.colcon_core.shell:Creating package script '/home/dave/Desktop/mmr_driverless/imu_fusion/install/imu_difference_plotter/share/imu_difference_plotter/package.zsh'
[0.752s] Level 1:colcon.colcon_core.environment:create_file_with_runtime_dependencies(/home/dave/Desktop/mmr_driverless/imu_fusion/install/imu_difference_plotter/share/colcon-core/packages/imu_difference_plotter)
[0.755s] DEBUG:colcon.colcon_core.event_handler.log_command:Invoked command in '/home/dave/Desktop/mmr_driverless/imu_fusion/build/fused_imu' returned '0': CMAKE_PREFIX_PATH=${CMAKE_PREFIX_PATH}:/opt/ros/humble /usr/bin/cmake --build /home/dave/Desktop/mmr_driverless/imu_fusion/build/fused_imu -- -j8 -l8
[0.773s] Level 1:colcon.colcon_core.environment:create_environment_scripts_only(imu_difference_plotter)
[0.773s] Level 1:colcon.colcon_core.environment:checking '/home/dave/Desktop/mmr_driverless/imu_fusion/install/imu_difference_plotter' for CMake module files
[0.774s] Level 1:colcon.colcon_core.environment:checking '/home/dave/Desktop/mmr_driverless/imu_fusion/install/imu_difference_plotter' for CMake config files
[0.774s] Level 1:colcon.colcon_core.shell:create_environment_hook('imu_difference_plotter', 'cmake_prefix_path')
[0.774s] INFO:colcon.colcon_core.shell:Creating environment hook '/home/dave/Desktop/mmr_driverless/imu_fusion/install/imu_difference_plotter/share/imu_difference_plotter/hook/cmake_prefix_path.ps1'
[0.774s] INFO:colcon.colcon_core.shell:Creating environment descriptor '/home/dave/Desktop/mmr_driverless/imu_fusion/install/imu_difference_plotter/share/imu_difference_plotter/hook/cmake_prefix_path.dsv'
[0.775s] INFO:colcon.colcon_core.shell:Creating environment hook '/home/dave/Desktop/mmr_driverless/imu_fusion/install/imu_difference_plotter/share/imu_difference_plotter/hook/cmake_prefix_path.sh'
[0.775s] Level 1:colcon.colcon_core.environment:checking '/home/dave/Desktop/mmr_driverless/imu_fusion/install/imu_difference_plotter/bin'
[0.775s] Level 1:colcon.colcon_core.environment:checking '/home/dave/Desktop/mmr_driverless/imu_fusion/install/imu_difference_plotter/lib/pkgconfig/imu_difference_plotter.pc'
[0.776s] Level 1:colcon.colcon_core.environment:checking '/home/dave/Desktop/mmr_driverless/imu_fusion/install/imu_difference_plotter/lib/python3.10/site-packages'
[0.776s] Level 1:colcon.colcon_core.environment:checking '/home/dave/Desktop/mmr_driverless/imu_fusion/install/imu_difference_plotter/bin'
[0.776s] INFO:colcon.colcon_core.shell:Creating package script '/home/dave/Desktop/mmr_driverless/imu_fusion/install/imu_difference_plotter/share/imu_difference_plotter/package.ps1'
[0.777s] INFO:colcon.colcon_core.shell:Creating package descriptor '/home/dave/Desktop/mmr_driverless/imu_fusion/install/imu_difference_plotter/share/imu_difference_plotter/package.dsv'
[0.777s] INFO:colcon.colcon_core.shell:Creating package script '/home/dave/Desktop/mmr_driverless/imu_fusion/install/imu_difference_plotter/share/imu_difference_plotter/package.sh'
[0.778s] INFO:colcon.colcon_core.shell:Creating package script '/home/dave/Desktop/mmr_driverless/imu_fusion/install/imu_difference_plotter/share/imu_difference_plotter/package.bash'
[0.778s] INFO:colcon.colcon_core.shell:Creating package script '/home/dave/Desktop/mmr_driverless/imu_fusion/install/imu_difference_plotter/share/imu_difference_plotter/package.zsh'
[0.779s] Level 1:colcon.colcon_core.environment:create_file_with_runtime_dependencies(/home/dave/Desktop/mmr_driverless/imu_fusion/install/imu_difference_plotter/share/colcon-core/packages/imu_difference_plotter)
[0.782s] DEBUG:colcon.colcon_core.event_handler.log_command:Invoking command in '/home/dave/Desktop/mmr_driverless/imu_fusion/build/fused_imu': CMAKE_PREFIX_PATH=${CMAKE_PREFIX_PATH}:/opt/ros/humble /usr/bin/cmake --install /home/dave/Desktop/mmr_driverless/imu_fusion/build/fused_imu
[0.793s] Level 1:colcon.colcon_core.environment:create_environment_scripts_only(fused_imu)
[0.794s] Level 1:colcon.colcon_core.environment:checking '/home/dave/Desktop/mmr_driverless/imu_fusion/install/fused_imu' for CMake module files
[0.795s] DEBUG:colcon.colcon_core.event_handler.log_command:Invoked command in '/home/dave/Desktop/mmr_driverless/imu_fusion/build/fused_imu' returned '0': CMAKE_PREFIX_PATH=${CMAKE_PREFIX_PATH}:/opt/ros/humble /usr/bin/cmake --install /home/dave/Desktop/mmr_driverless/imu_fusion/build/fused_imu
[0.795s] Level 1:colcon.colcon_core.environment:checking '/home/dave/Desktop/mmr_driverless/imu_fusion/install/fused_imu' for CMake config files
[0.796s] Level 1:colcon.colcon_core.shell:create_environment_hook('fused_imu', 'cmake_prefix_path')
[0.796s] INFO:colcon.colcon_core.shell:Creating environment hook '/home/dave/Desktop/mmr_driverless/imu_fusion/install/fused_imu/share/fused_imu/hook/cmake_prefix_path.ps1'
[0.797s] INFO:colcon.colcon_core.shell:Creating environment descriptor '/home/dave/Desktop/mmr_driverless/imu_fusion/install/fused_imu/share/fused_imu/hook/cmake_prefix_path.dsv'
[0.797s] INFO:colcon.colcon_core.shell:Creating environment hook '/home/dave/Desktop/mmr_driverless/imu_fusion/install/fused_imu/share/fused_imu/hook/cmake_prefix_path.sh'
[0.798s] Level 1:colcon.colcon_core.environment:checking '/home/dave/Desktop/mmr_driverless/imu_fusion/install/fused_imu/lib'
[0.798s] Level 1:colcon.colcon_core.environment:checking '/home/dave/Desktop/mmr_driverless/imu_fusion/install/fused_imu/bin'
[0.798s] Level 1:colcon.colcon_core.environment:checking '/home/dave/Desktop/mmr_driverless/imu_fusion/install/fused_imu/lib/pkgconfig/fused_imu.pc'
[0.798s] Level 1:colcon.colcon_core.environment:checking '/home/dave/Desktop/mmr_driverless/imu_fusion/install/fused_imu/lib/python3.10/site-packages'
[0.799s] Level 1:colcon.colcon_core.environment:checking '/home/dave/Desktop/mmr_driverless/imu_fusion/install/fused_imu/bin'
[0.799s] INFO:colcon.colcon_core.shell:Creating package script '/home/dave/Desktop/mmr_driverless/imu_fusion/install/fused_imu/share/fused_imu/package.ps1'
[0.800s] INFO:colcon.colcon_core.shell:Creating package descriptor '/home/dave/Desktop/mmr_driverless/imu_fusion/install/fused_imu/share/fused_imu/package.dsv'
[0.800s] INFO:colcon.colcon_core.shell:Creating package script '/home/dave/Desktop/mmr_driverless/imu_fusion/install/fused_imu/share/fused_imu/package.sh'
[0.800s] INFO:colcon.colcon_core.shell:Creating package script '/home/dave/Desktop/mmr_driverless/imu_fusion/install/fused_imu/share/fused_imu/package.bash'
[0.801s] INFO:colcon.colcon_core.shell:Creating package script '/home/dave/Desktop/mmr_driverless/imu_fusion/install/fused_imu/share/fused_imu/package.zsh'
[0.801s] Level 1:colcon.colcon_core.environment:create_file_with_runtime_dependencies(/home/dave/Desktop/mmr_driverless/imu_fusion/install/fused_imu/share/colcon-core/packages/fused_imu)
[0.826s] Level 1:colcon.colcon_core.environment:create_environment_scripts_only(fused_imu)
[0.827s] Level 1:colcon.colcon_core.environment:checking '/home/dave/Desktop/mmr_driverless/imu_fusion/install/fused_imu' for CMake module files
[0.827s] Level 1:colcon.colcon_core.environment:checking '/home/dave/Desktop/mmr_driverless/imu_fusion/install/fused_imu' for CMake config files
[0.827s] Level 1:colcon.colcon_core.shell:create_environment_hook('fused_imu', 'cmake_prefix_path')
[0.827s] INFO:colcon.colcon_core.shell:Creating environment hook '/home/dave/Desktop/mmr_driverless/imu_fusion/install/fused_imu/share/fused_imu/hook/cmake_prefix_path.ps1'
[0.828s] INFO:colcon.colcon_core.shell:Creating environment descriptor '/home/dave/Desktop/mmr_driverless/imu_fusion/install/fused_imu/share/fused_imu/hook/cmake_prefix_path.dsv'
[0.828s] INFO:colcon.colcon_core.shell:Creating environment hook '/home/dave/Desktop/mmr_driverless/imu_fusion/install/fused_imu/share/fused_imu/hook/cmake_prefix_path.sh'
[0.829s] Level 1:colcon.colcon_core.environment:checking '/home/dave/Desktop/mmr_driverless/imu_fusion/install/fused_imu/lib'
[0.829s] Level 1:colcon.colcon_core.environment:checking '/home/dave/Desktop/mmr_driverless/imu_fusion/install/fused_imu/bin'
[0.829s] Level 1:colcon.colcon_core.environment:checking '/home/dave/Desktop/mmr_driverless/imu_fusion/install/fused_imu/lib/pkgconfig/fused_imu.pc'
[0.829s] Level 1:colcon.colcon_core.environment:checking '/home/dave/Desktop/mmr_driverless/imu_fusion/install/fused_imu/lib/python3.10/site-packages'
[0.829s] Level 1:colcon.colcon_core.environment:checking '/home/dave/Desktop/mmr_driverless/imu_fusion/install/fused_imu/bin'
[0.829s] INFO:colcon.colcon_core.shell:Creating package script '/home/dave/Desktop/mmr_driverless/imu_fusion/install/fused_imu/share/fused_imu/package.ps1'
[0.830s] INFO:colcon.colcon_core.shell:Creating package descriptor '/home/dave/Desktop/mmr_driverless/imu_fusion/install/fused_imu/share/fused_imu/package.dsv'
[0.830s] INFO:colcon.colcon_core.shell:Creating package script '/home/dave/Desktop/mmr_driverless/imu_fusion/install/fused_imu/share/fused_imu/package.sh'
[0.831s] INFO:colcon.colcon_core.shell:Creating package script '/home/dave/Desktop/mmr_driverless/imu_fusion/install/fused_imu/share/fused_imu/package.bash'
[0.831s] INFO:colcon.colcon_core.shell:Creating package script '/home/dave/Desktop/mmr_driverless/imu_fusion/install/fused_imu/share/fused_imu/package.zsh'
[0.831s] Level 1:colcon.colcon_core.environment:create_file_with_runtime_dependencies(/home/dave/Desktop/mmr_driverless/imu_fusion/install/fused_imu/share/colcon-core/packages/fused_imu)
[0.832s] DEBUG:colcon.colcon_parallel_executor.executor.parallel:closing loop
[0.832s] DEBUG:colcon.colcon_parallel_executor.executor.parallel:loop closed
[0.832s] DEBUG:colcon.colcon_parallel_executor.executor.parallel:run_until_complete finished with '0'
[0.832s] DEBUG:colcon.colcon_core.event_reactor:joining thread
[0.842s] INFO:colcon.colcon_core.plugin_system:Skipping extension 'colcon_notification.desktop_notification.terminal_notifier': Not used on non-Darwin systems
[0.842s] INFO:colcon.colcon_core.plugin_system:Skipping extension 'colcon_notification.desktop_notification.win32': Not used on non-Windows systems
[0.842s] INFO:colcon.colcon_notification.desktop_notification:Sending desktop notification using 'notify2'
[0.863s] DEBUG:colcon.colcon_core.event_reactor:joined thread
[0.863s] INFO:colcon.colcon_core.shell:Creating prefix script '/home/dave/Desktop/mmr_driverless/imu_fusion/install/local_setup.ps1'
[0.864s] INFO:colcon.colcon_core.shell:Creating prefix util module '/home/dave/Desktop/mmr_driverless/imu_fusion/install/_local_setup_util_ps1.py'
[0.867s] INFO:colcon.colcon_core.shell:Creating prefix chain script '/home/dave/Desktop/mmr_driverless/imu_fusion/install/setup.ps1'
[0.868s] INFO:colcon.colcon_core.shell:Creating prefix script '/home/dave/Desktop/mmr_driverless/imu_fusion/install/local_setup.sh'
[0.869s] INFO:colcon.colcon_core.shell:Creating prefix util module '/home/dave/Desktop/mmr_driverless/imu_fusion/install/_local_setup_util_sh.py'
[0.870s] INFO:colcon.colcon_core.shell:Creating prefix chain script '/home/dave/Desktop/mmr_driverless/imu_fusion/install/setup.sh'
[0.871s] INFO:colcon.colcon_core.shell:Creating prefix script '/home/dave/Desktop/mmr_driverless/imu_fusion/install/local_setup.bash'
[0.872s] INFO:colcon.colcon_core.shell:Creating prefix chain script '/home/dave/Desktop/mmr_driverless/imu_fusion/install/setup.bash'
[0.875s] INFO:colcon.colcon_core.shell:Creating prefix script '/home/dave/Desktop/mmr_driverless/imu_fusion/install/local_setup.zsh'
[0.876s] INFO:colcon.colcon_core.shell:Creating prefix chain script '/home/dave/Desktop/mmr_driverless/imu_fusion/install/setup.zsh'
