-- The C compiler identification is GNU 11.4.0
-- The CXX compiler identification is GNU 11.4.0
-- Detecting C compiler ABI info
-- Detecting C compiler ABI info - done
-- Check for working C compiler: /usr/bin/cc - skipped
-- Detecting C compile features
-- Detecting C compile features - done
-- Detecting CXX compiler ABI info
-- Detecting CXX compiler ABI info - done
-- Check for working CXX compiler: /usr/bin/c++ - skipped
-- Detecting CXX compile features
-- Detecting CXX compile features - done
-- Found ament_cmake: 1.3.10 (/opt/ros/humble/share/ament_cmake/cmake)
-- Found Python3: /usr/bin/python3 (found version "3.10.12") found components: Interpreter 
-- Found ament_lint_auto: 0.12.11 (/opt/ros/humble/share/ament_lint_auto/cmake)
-- Added test 'cppcheck' to perform static code analysis on C / C++ code
-- Configured cppcheck include dirs: 
-- Configured cppcheck exclude dirs and/or files: 
-- Added test 'flake8' to check Python code syntax and style conventions
-- Added test 'lint_cmake' to check CMake code style
-- Added test 'pep257' to check Python code against some of the docstring style conventions in PEP 257
-- Added test 'uncrustify' to check C / C++ code style
-- Configured uncrustify additional arguments: 
-- Added test 'xmllint' to check XML markup files
-- Configuring done
-- Generating done
-- Build files have been written to: /home/dave/Desktop/mmr_driverless/imu_difference_plotter/build/imu_difference_plotter
-- Install configuration: ""
-- Installing: /home/dave/Desktop/mmr_driverless/imu_difference_plotter/install/imu_difference_plotter/share/ament_index/resource_index/package_run_dependencies/imu_difference_plotter
-- Installing: /home/dave/Desktop/mmr_driverless/imu_difference_plotter/install/imu_difference_plotter/share/ament_index/resource_index/parent_prefix_path/imu_difference_plotter
-- Installing: /home/dave/Desktop/mmr_driverless/imu_difference_plotter/install/imu_difference_plotter/share/imu_difference_plotter/environment/ament_prefix_path.sh
-- Installing: /home/dave/Desktop/mmr_driverless/imu_difference_plotter/install/imu_difference_plotter/share/imu_difference_plotter/environment/ament_prefix_path.dsv
-- Installing: /home/dave/Desktop/mmr_driverless/imu_difference_plotter/install/imu_difference_plotter/share/imu_difference_plotter/environment/path.sh
-- Installing: /home/dave/Desktop/mmr_driverless/imu_difference_plotter/install/imu_difference_plotter/share/imu_difference_plotter/environment/path.dsv
-- Installing: /home/dave/Desktop/mmr_driverless/imu_difference_plotter/install/imu_difference_plotter/share/imu_difference_plotter/local_setup.bash
-- Installing: /home/dave/Desktop/mmr_driverless/imu_difference_plotter/install/imu_difference_plotter/share/imu_difference_plotter/local_setup.sh
-- Installing: /home/dave/Desktop/mmr_driverless/imu_difference_plotter/install/imu_difference_plotter/share/imu_difference_plotter/local_setup.zsh
-- Installing: /home/dave/Desktop/mmr_driverless/imu_difference_plotter/install/imu_difference_plotter/share/imu_difference_plotter/local_setup.dsv
-- Installing: /home/dave/Desktop/mmr_driverless/imu_difference_plotter/install/imu_difference_plotter/share/imu_difference_plotter/package.dsv
-- Installing: /home/dave/Desktop/mmr_driverless/imu_difference_plotter/install/imu_difference_plotter/share/ament_index/resource_index/packages/imu_difference_plotter
-- Installing: /home/dave/Desktop/mmr_driverless/imu_difference_plotter/install/imu_difference_plotter/share/imu_difference_plotter/cmake/imu_difference_plotterConfig.cmake
-- Installing: /home/dave/Desktop/mmr_driverless/imu_difference_plotter/install/imu_difference_plotter/share/imu_difference_plotter/cmake/imu_difference_plotterConfig-version.cmake
-- Installing: /home/dave/Desktop/mmr_driverless/imu_difference_plotter/install/imu_difference_plotter/share/imu_difference_plotter/package.xml
