[0.008s] Invoking command in '/home/dave/Desktop/mmr_driverless/imu_difference_plotter/build/imu_difference_plotter': CMAKE_PREFIX_PATH=/home/dave/Desktop/mmr_driverless/imu_difference_plotter/install/imu_difference_plotter:/opt/ros/humble /usr/bin/cmake /home/dave/Desktop/mmr_driverless/imu_difference_plotter -DCMAKE_INSTALL_PREFIX=/home/dave/Desktop/mmr_driverless/imu_difference_plotter/install/imu_difference_plotter
[0.225s] -- The C compiler identification is GNU 11.4.0
[0.319s] -- The CXX compiler identification is GNU 11.4.0
[0.331s] -- Detecting C compiler ABI info
[0.405s] -- Detecting C compiler ABI info - done
[0.413s] -- Check for working C compiler: /usr/bin/cc - skipped
[0.413s] -- Detecting C compile features
[0.414s] -- Detecting C compile features - done
[0.418s] -- Detecting CXX compiler ABI info
[0.493s] -- Detecting CXX compiler ABI info - done
[0.500s] -- Check for working CXX compiler: /usr/bin/c++ - skipped
[0.500s] -- Detecting CXX compile features
[0.500s] -- Detecting CXX compile features - done
[0.519s] -- Found ament_cmake: 1.3.10 (/opt/ros/humble/share/ament_cmake/cmake)
[0.659s] -- Found Python3: /usr/bin/python3 (found version "3.10.12") found components: Interpreter 
[0.765s] -- Found ament_lint_auto: 0.12.11 (/opt/ros/humble/share/ament_lint_auto/cmake)
[0.843s] -- Added test 'cppcheck' to perform static code analysis on C / C++ code
[0.843s] -- Configured cppcheck include dirs: 
[0.843s] -- Configured cppcheck exclude dirs and/or files: 
[0.844s] -- Added test 'flake8' to check Python code syntax and style conventions
[0.846s] -- Added test 'lint_cmake' to check CMake code style
[0.847s] -- Added test 'pep257' to check Python code against some of the docstring style conventions in PEP 257
[0.852s] -- Added test 'uncrustify' to check C / C++ code style
[0.853s] -- Configured uncrustify additional arguments: 
[0.854s] -- Added test 'xmllint' to check XML markup files
[0.855s] -- Configuring done
[0.858s] -- Generating done
[0.859s] -- Build files have been written to: /home/dave/Desktop/mmr_driverless/imu_difference_plotter/build/imu_difference_plotter
[0.863s] Invoked command in '/home/dave/Desktop/mmr_driverless/imu_difference_plotter/build/imu_difference_plotter' returned '0': CMAKE_PREFIX_PATH=/home/dave/Desktop/mmr_driverless/imu_difference_plotter/install/imu_difference_plotter:/opt/ros/humble /usr/bin/cmake /home/dave/Desktop/mmr_driverless/imu_difference_plotter -DCMAKE_INSTALL_PREFIX=/home/dave/Desktop/mmr_driverless/imu_difference_plotter/install/imu_difference_plotter
[0.865s] Invoking command in '/home/dave/Desktop/mmr_driverless/imu_difference_plotter/build/imu_difference_plotter': CMAKE_PREFIX_PATH=/home/dave/Desktop/mmr_driverless/imu_difference_plotter/install/imu_difference_plotter:/opt/ros/humble /usr/bin/cmake --build /home/dave/Desktop/mmr_driverless/imu_difference_plotter/build/imu_difference_plotter -- -j8 -l8
[0.901s] Invoked command in '/home/dave/Desktop/mmr_driverless/imu_difference_plotter/build/imu_difference_plotter' returned '0': CMAKE_PREFIX_PATH=/home/dave/Desktop/mmr_driverless/imu_difference_plotter/install/imu_difference_plotter:/opt/ros/humble /usr/bin/cmake --build /home/dave/Desktop/mmr_driverless/imu_difference_plotter/build/imu_difference_plotter -- -j8 -l8
[0.928s] Invoking command in '/home/dave/Desktop/mmr_driverless/imu_difference_plotter/build/imu_difference_plotter': CMAKE_PREFIX_PATH=/home/dave/Desktop/mmr_driverless/imu_difference_plotter/install/imu_difference_plotter:/opt/ros/humble /usr/bin/cmake --install /home/dave/Desktop/mmr_driverless/imu_difference_plotter/build/imu_difference_plotter
[0.938s] -- Install configuration: ""
[0.938s] -- Installing: /home/dave/Desktop/mmr_driverless/imu_difference_plotter/install/imu_difference_plotter/share/ament_index/resource_index/package_run_dependencies/imu_difference_plotter
[0.938s] -- Installing: /home/dave/Desktop/mmr_driverless/imu_difference_plotter/install/imu_difference_plotter/share/ament_index/resource_index/parent_prefix_path/imu_difference_plotter
[0.938s] -- Installing: /home/dave/Desktop/mmr_driverless/imu_difference_plotter/install/imu_difference_plotter/share/imu_difference_plotter/environment/ament_prefix_path.sh
[0.938s] -- Installing: /home/dave/Desktop/mmr_driverless/imu_difference_plotter/install/imu_difference_plotter/share/imu_difference_plotter/environment/ament_prefix_path.dsv
[0.938s] -- Installing: /home/dave/Desktop/mmr_driverless/imu_difference_plotter/install/imu_difference_plotter/share/imu_difference_plotter/environment/path.sh
[0.939s] -- Installing: /home/dave/Desktop/mmr_driverless/imu_difference_plotter/install/imu_difference_plotter/share/imu_difference_plotter/environment/path.dsv
[0.939s] -- Installing: /home/dave/Desktop/mmr_driverless/imu_difference_plotter/install/imu_difference_plotter/share/imu_difference_plotter/local_setup.bash
[0.939s] -- Installing: /home/dave/Desktop/mmr_driverless/imu_difference_plotter/install/imu_difference_plotter/share/imu_difference_plotter/local_setup.sh
[0.939s] -- Installing: /home/dave/Desktop/mmr_driverless/imu_difference_plotter/install/imu_difference_plotter/share/imu_difference_plotter/local_setup.zsh
[0.939s] -- Installing: /home/dave/Desktop/mmr_driverless/imu_difference_plotter/install/imu_difference_plotter/share/imu_difference_plotter/local_setup.dsv
[0.939s] -- Installing: /home/dave/Desktop/mmr_driverless/imu_difference_plotter/install/imu_difference_plotter/share/imu_difference_plotter/package.dsv
[0.939s] -- Installing: /home/dave/Desktop/mmr_driverless/imu_difference_plotter/install/imu_difference_plotter/share/ament_index/resource_index/packages/imu_difference_plotter
[0.940s] -- Installing: /home/dave/Desktop/mmr_driverless/imu_difference_plotter/install/imu_difference_plotter/share/imu_difference_plotter/cmake/imu_difference_plotterConfig.cmake
[0.940s] -- Installing: /home/dave/Desktop/mmr_driverless/imu_difference_plotter/install/imu_difference_plotter/share/imu_difference_plotter/cmake/imu_difference_plotterConfig-version.cmake
[0.940s] -- Installing: /home/dave/Desktop/mmr_driverless/imu_difference_plotter/install/imu_difference_plotter/share/imu_difference_plotter/package.xml
[0.942s] Invoked command in '/home/dave/Desktop/mmr_driverless/imu_difference_plotter/build/imu_difference_plotter' returned '0': CMAKE_PREFIX_PATH=/home/dave/Desktop/mmr_driverless/imu_difference_plotter/install/imu_difference_plotter:/opt/ros/humble /usr/bin/cmake --install /home/dave/Desktop/mmr_driverless/imu_difference_plotter/build/imu_difference_plotter
