[0.016s] Invoking command in '/home/dave/Desktop/mmr_driverless/imu_fusion/build/fused_imu': CMAKE_PREFIX_PATH=${CMAKE_PREFIX_PATH}:/opt/ros/humble /usr/bin/cmake --build /home/dave/Desktop/mmr_driverless/imu_fusion/build/fused_imu -- -j8 -l8
[0.145s] [100%] Built target fused_imu_node
[0.157s] Invoked command in '/home/dave/Desktop/mmr_driverless/imu_fusion/build/fused_imu' returned '0': CMAKE_PREFIX_PATH=${CMAKE_PREFIX_PATH}:/opt/ros/humble /usr/bin/cmake --build /home/dave/Desktop/mmr_driverless/imu_fusion/build/fused_imu -- -j8 -l8
[0.180s] Invoking command in '/home/dave/Desktop/mmr_driverless/imu_fusion/build/fused_imu': CMAKE_PREFIX_PATH=${CMAKE_PREFIX_PATH}:/opt/ros/humble /usr/bin/cmake --install /home/dave/Desktop/mmr_driverless/imu_fusion/build/fused_imu
[0.187s] -- Install configuration: ""
[0.187s] -- Up-to-date: /home/dave/Desktop/mmr_driverless/imu_fusion/install/fused_imu/lib/fused_imu/fused_imu_node
[0.188s] -- Up-to-date: /home/dave/Desktop/mmr_driverless/imu_fusion/install/fused_imu/share/ament_index/resource_index/package_run_dependencies/fused_imu
[0.188s] -- Up-to-date: /home/dave/Desktop/mmr_driverless/imu_fusion/install/fused_imu/share/ament_index/resource_index/parent_prefix_path/fused_imu
[0.188s] -- Up-to-date: /home/dave/Desktop/mmr_driverless/imu_fusion/install/fused_imu/share/fused_imu/environment/ament_prefix_path.sh
[0.189s] -- Up-to-date: /home/dave/Desktop/mmr_driverless/imu_fusion/install/fused_imu/share/fused_imu/environment/ament_prefix_path.dsv
[0.189s] -- Up-to-date: /home/dave/Desktop/mmr_driverless/imu_fusion/install/fused_imu/share/fused_imu/environment/path.sh
[0.189s] -- Up-to-date: /home/dave/Desktop/mmr_driverless/imu_fusion/install/fused_imu/share/fused_imu/environment/path.dsv
[0.189s] -- Up-to-date: /home/dave/Desktop/mmr_driverless/imu_fusion/install/fused_imu/share/fused_imu/local_setup.bash
[0.189s] -- Up-to-date: /home/dave/Desktop/mmr_driverless/imu_fusion/install/fused_imu/share/fused_imu/local_setup.sh
[0.189s] -- Up-to-date: /home/dave/Desktop/mmr_driverless/imu_fusion/install/fused_imu/share/fused_imu/local_setup.zsh
[0.189s] -- Up-to-date: /home/dave/Desktop/mmr_driverless/imu_fusion/install/fused_imu/share/fused_imu/local_setup.dsv
[0.189s] -- Installing: /home/dave/Desktop/mmr_driverless/imu_fusion/install/fused_imu/share/fused_imu/package.dsv
[0.189s] -- Up-to-date: /home/dave/Desktop/mmr_driverless/imu_fusion/install/fused_imu/share/ament_index/resource_index/packages/fused_imu
[0.189s] -- Up-to-date: /home/dave/Desktop/mmr_driverless/imu_fusion/install/fused_imu/share/fused_imu/cmake/fused_imuConfig.cmake
[0.189s] -- Up-to-date: /home/dave/Desktop/mmr_driverless/imu_fusion/install/fused_imu/share/fused_imu/cmake/fused_imuConfig-version.cmake
[0.189s] -- Up-to-date: /home/dave/Desktop/mmr_driverless/imu_fusion/install/fused_imu/share/fused_imu/package.xml
[0.192s] Invoked command in '/home/dave/Desktop/mmr_driverless/imu_fusion/build/fused_imu' returned '0': CMAKE_PREFIX_PATH=${CMAKE_PREFIX_PATH}:/opt/ros/humble /usr/bin/cmake --install /home/dave/Desktop/mmr_driverless/imu_fusion/build/fused_imu
