[0.108s] DEBUG:colcon:Command line arguments: ['/usr/bin/colcon', 'build']
[0.108s] DEBUG:colcon:Parsed command line arguments: Namespace(log_base=None, log_level=None, verb_name='build', build_base='build', install_base='install', merge_install=False, symlink_install=False, test_result_base=None, continue_on_error=False, executor='parallel', parallel_workers=8, event_handlers=None, ignore_user_meta=False, metas=['./colcon.meta'], base_paths=['.'], packages_ignore=None, packages_ignore_regex=None, paths=None, packages_up_to=None, packages_up_to_regex=None, packages_above=None, packages_above_and_dependencies=None, packages_above_depth=None, packages_select_by_dep=None, packages_skip_by_dep=None, packages_skip_up_to=None, packages_select_build_failed=False, packages_skip_build_finished=False, packages_select_test_failures=False, packages_skip_test_passed=False, packages_select=None, packages_skip=None, packages_select_regex=None, packages_skip_regex=None, packages_start=None, packages_end=None, allow_overriding=[], cmake_args=None, cmake_target=None, cmake_target_skip_unavailable=False, cmake_clean_cache=False, cmake_clean_first=False, cmake_force_configure=False, ament_cmake_args=None, catkin_cmake_args=None, catkin_skip_building_tests=False, verb_parser=<colcon_defaults.argument_parser.defaults.DefaultArgumentsDecorator object at 0x7a2720736e30>, verb_extension=<colcon_core.verb.build.BuildVerb object at 0x7a272081fa90>, main=<bound method BuildVerb.main of <colcon_core.verb.build.BuildVerb object at 0x7a272081fa90>>)
[0.298s] Level 1:colcon.colcon_core.package_discovery:discover_packages(colcon_meta) check parameters
[0.298s] Level 1:colcon.colcon_core.package_discovery:discover_packages(recursive) check parameters
[0.298s] Level 1:colcon.colcon_core.package_discovery:discover_packages(ignore) check parameters
[0.298s] Level 1:colcon.colcon_core.package_discovery:discover_packages(path) check parameters
[0.299s] Level 1:colcon.colcon_core.package_discovery:discover_packages(colcon_meta) discover
[0.299s] Level 1:colcon.colcon_core.package_discovery:discover_packages(recursive) discover
[0.299s] INFO:colcon.colcon_core.package_discovery:Crawling recursively for packages in '/home/dave/Desktop/mmr_driverless/fused_imu'
[0.299s] Level 1:colcon.colcon_core.package_identification:_identify(.) by extensions ['ignore', 'ignore_ament_install']
[0.299s] Level 1:colcon.colcon_core.package_identification:_identify(.) by extension 'ignore'
[0.299s] Level 1:colcon.colcon_core.package_identification:_identify(.) by extension 'ignore_ament_install'
[0.299s] Level 1:colcon.colcon_core.package_identification:_identify(.) by extensions ['colcon_pkg']
[0.299s] Level 1:colcon.colcon_core.package_identification:_identify(.) by extension 'colcon_pkg'
[0.299s] Level 1:colcon.colcon_core.package_identification:_identify(.) by extensions ['colcon_meta']
[0.299s] Level 1:colcon.colcon_core.package_identification:_identify(.) by extension 'colcon_meta'
[0.299s] Level 1:colcon.colcon_core.package_identification:_identify(.) by extensions ['ros']
[0.299s] Level 1:colcon.colcon_core.package_identification:_identify(.) by extension 'ros'
[0.313s] DEBUG:colcon.colcon_core.package_identification:Package '.' with type 'ros.ament_cmake' and name 'fused_imu'
[0.313s] Level 1:colcon.colcon_core.package_discovery:discover_packages(recursive) using defaults
[0.313s] Level 1:colcon.colcon_core.package_discovery:discover_packages(ignore) discover
[0.313s] Level 1:colcon.colcon_core.package_discovery:discover_packages(ignore) using defaults
[0.313s] Level 1:colcon.colcon_core.package_discovery:discover_packages(path) discover
[0.313s] Level 1:colcon.colcon_core.package_discovery:discover_packages(path) using defaults
[0.331s] Level 1:colcon.colcon_core.package_discovery:discover_packages(prefix_path) check parameters
[0.331s] Level 1:colcon.colcon_core.package_discovery:discover_packages(prefix_path) discover
[0.349s] DEBUG:colcon.colcon_installed_package_information.package_discovery:Found 297 installed packages in /opt/ros/humble
[0.350s] Level 1:colcon.colcon_core.package_discovery:discover_packages(prefix_path) using defaults
[0.389s] Level 5:colcon.colcon_core.verb:set package 'fused_imu' build argument 'cmake_args' from command line to 'None'
[0.390s] Level 5:colcon.colcon_core.verb:set package 'fused_imu' build argument 'cmake_target' from command line to 'None'
[0.390s] Level 5:colcon.colcon_core.verb:set package 'fused_imu' build argument 'cmake_target_skip_unavailable' from command line to 'False'
[0.390s] Level 5:colcon.colcon_core.verb:set package 'fused_imu' build argument 'cmake_clean_cache' from command line to 'False'
[0.390s] Level 5:colcon.colcon_core.verb:set package 'fused_imu' build argument 'cmake_clean_first' from command line to 'False'
[0.390s] Level 5:colcon.colcon_core.verb:set package 'fused_imu' build argument 'cmake_force_configure' from command line to 'False'
[0.390s] Level 5:colcon.colcon_core.verb:set package 'fused_imu' build argument 'ament_cmake_args' from command line to 'None'
[0.390s] Level 5:colcon.colcon_core.verb:set package 'fused_imu' build argument 'catkin_cmake_args' from command line to 'None'
[0.390s] Level 5:colcon.colcon_core.verb:set package 'fused_imu' build argument 'catkin_skip_building_tests' from command line to 'False'
[0.390s] DEBUG:colcon.colcon_core.verb:Building package 'fused_imu' with the following arguments: {'ament_cmake_args': None, 'build_base': '/home/dave/Desktop/mmr_driverless/fused_imu/build/fused_imu', 'catkin_cmake_args': None, 'catkin_skip_building_tests': False, 'cmake_args': None, 'cmake_clean_cache': False, 'cmake_clean_first': False, 'cmake_force_configure': False, 'cmake_target': None, 'cmake_target_skip_unavailable': False, 'install_base': '/home/dave/Desktop/mmr_driverless/fused_imu/install/fused_imu', 'merge_install': False, 'path': '/home/dave/Desktop/mmr_driverless/fused_imu', 'symlink_install': False, 'test_result_base': None}
[0.390s] INFO:colcon.colcon_core.executor:Executing jobs using 'parallel' executor
[0.391s] DEBUG:colcon.colcon_parallel_executor.executor.parallel:run_until_complete
[0.392s] INFO:colcon.colcon_ros.task.ament_cmake.build:Building ROS package in '/home/dave/Desktop/mmr_driverless/fused_imu' with build type 'ament_cmake'
[0.392s] INFO:colcon.colcon_cmake.task.cmake.build:Building CMake package in '/home/dave/Desktop/mmr_driverless/fused_imu'
[0.395s] INFO:colcon.colcon_core.plugin_system:Skipping extension 'colcon_core.shell.bat': Not used on non-Windows systems
[0.395s] INFO:colcon.colcon_core.shell:Skip shell extension 'powershell' for command environment: Not usable outside of PowerShell
[0.395s] DEBUG:colcon.colcon_core.shell:Skip shell extension 'dsv' for command environment
[0.405s] DEBUG:colcon.colcon_core.event_handler.log_command:Invoking command in '/home/dave/Desktop/mmr_driverless/fused_imu/build/fused_imu': CMAKE_PREFIX_PATH=/opt/ros/humble /usr/bin/cmake --build /home/dave/Desktop/mmr_driverless/fused_imu/build/fused_imu -- -j8 -l8
[10.060s] DEBUG:colcon.colcon_core.event_handler.log_command:Invoked command in '/home/dave/Desktop/mmr_driverless/fused_imu/build/fused_imu' returned '0': CMAKE_PREFIX_PATH=/opt/ros/humble /usr/bin/cmake --build /home/dave/Desktop/mmr_driverless/fused_imu/build/fused_imu -- -j8 -l8
[10.094s] DEBUG:colcon.colcon_core.event_handler.log_command:Invoking command in '/home/dave/Desktop/mmr_driverless/fused_imu/build/fused_imu': CMAKE_PREFIX_PATH=/opt/ros/humble /usr/bin/cmake --install /home/dave/Desktop/mmr_driverless/fused_imu/build/fused_imu
[10.111s] Level 1:colcon.colcon_core.environment:create_environment_scripts_only(fused_imu)
[10.112s] DEBUG:colcon.colcon_core.event_handler.log_command:Invoked command in '/home/dave/Desktop/mmr_driverless/fused_imu/build/fused_imu' returned '0': CMAKE_PREFIX_PATH=/opt/ros/humble /usr/bin/cmake --install /home/dave/Desktop/mmr_driverless/fused_imu/build/fused_imu
[10.116s] Level 1:colcon.colcon_core.environment:checking '/home/dave/Desktop/mmr_driverless/fused_imu/install/fused_imu' for CMake module files
[10.116s] Level 1:colcon.colcon_core.environment:checking '/home/dave/Desktop/mmr_driverless/fused_imu/install/fused_imu' for CMake config files
[10.116s] Level 1:colcon.colcon_core.shell:create_environment_hook('fused_imu', 'cmake_prefix_path')
[10.116s] INFO:colcon.colcon_core.shell:Creating environment hook '/home/dave/Desktop/mmr_driverless/fused_imu/install/fused_imu/share/fused_imu/hook/cmake_prefix_path.ps1'
[10.117s] INFO:colcon.colcon_core.shell:Creating environment descriptor '/home/dave/Desktop/mmr_driverless/fused_imu/install/fused_imu/share/fused_imu/hook/cmake_prefix_path.dsv'
[10.118s] INFO:colcon.colcon_core.shell:Creating environment hook '/home/dave/Desktop/mmr_driverless/fused_imu/install/fused_imu/share/fused_imu/hook/cmake_prefix_path.sh'
[10.119s] Level 1:colcon.colcon_core.environment:checking '/home/dave/Desktop/mmr_driverless/fused_imu/install/fused_imu/lib'
[10.119s] Level 1:colcon.colcon_core.environment:checking '/home/dave/Desktop/mmr_driverless/fused_imu/install/fused_imu/bin'
[10.119s] Level 1:colcon.colcon_core.environment:checking '/home/dave/Desktop/mmr_driverless/fused_imu/install/fused_imu/lib/pkgconfig/fused_imu.pc'
[10.119s] Level 1:colcon.colcon_core.environment:checking '/home/dave/Desktop/mmr_driverless/fused_imu/install/fused_imu/lib/python3.10/site-packages'
[10.119s] Level 1:colcon.colcon_core.environment:checking '/home/dave/Desktop/mmr_driverless/fused_imu/install/fused_imu/bin'
[10.120s] INFO:colcon.colcon_core.shell:Creating package script '/home/dave/Desktop/mmr_driverless/fused_imu/install/fused_imu/share/fused_imu/package.ps1'
[10.121s] INFO:colcon.colcon_core.shell:Creating package descriptor '/home/dave/Desktop/mmr_driverless/fused_imu/install/fused_imu/share/fused_imu/package.dsv'
[10.121s] INFO:colcon.colcon_core.shell:Creating package script '/home/dave/Desktop/mmr_driverless/fused_imu/install/fused_imu/share/fused_imu/package.sh'
[10.122s] INFO:colcon.colcon_core.shell:Creating package script '/home/dave/Desktop/mmr_driverless/fused_imu/install/fused_imu/share/fused_imu/package.bash'
[10.123s] INFO:colcon.colcon_core.shell:Creating package script '/home/dave/Desktop/mmr_driverless/fused_imu/install/fused_imu/share/fused_imu/package.zsh'
[10.123s] Level 1:colcon.colcon_core.environment:create_file_with_runtime_dependencies(/home/dave/Desktop/mmr_driverless/fused_imu/install/fused_imu/share/colcon-core/packages/fused_imu)
[10.153s] Level 1:colcon.colcon_core.environment:create_environment_scripts_only(fused_imu)
[10.153s] Level 1:colcon.colcon_core.environment:checking '/home/dave/Desktop/mmr_driverless/fused_imu/install/fused_imu' for CMake module files
[10.153s] Level 1:colcon.colcon_core.environment:checking '/home/dave/Desktop/mmr_driverless/fused_imu/install/fused_imu' for CMake config files
[10.154s] Level 1:colcon.colcon_core.shell:create_environment_hook('fused_imu', 'cmake_prefix_path')
[10.154s] INFO:colcon.colcon_core.shell:Creating environment hook '/home/dave/Desktop/mmr_driverless/fused_imu/install/fused_imu/share/fused_imu/hook/cmake_prefix_path.ps1'
[10.154s] INFO:colcon.colcon_core.shell:Creating environment descriptor '/home/dave/Desktop/mmr_driverless/fused_imu/install/fused_imu/share/fused_imu/hook/cmake_prefix_path.dsv'
[10.155s] INFO:colcon.colcon_core.shell:Creating environment hook '/home/dave/Desktop/mmr_driverless/fused_imu/install/fused_imu/share/fused_imu/hook/cmake_prefix_path.sh'
[10.157s] Level 1:colcon.colcon_core.environment:checking '/home/dave/Desktop/mmr_driverless/fused_imu/install/fused_imu/lib'
[10.157s] Level 1:colcon.colcon_core.environment:checking '/home/dave/Desktop/mmr_driverless/fused_imu/install/fused_imu/bin'
[10.157s] Level 1:colcon.colcon_core.environment:checking '/home/dave/Desktop/mmr_driverless/fused_imu/install/fused_imu/lib/pkgconfig/fused_imu.pc'
[10.157s] Level 1:colcon.colcon_core.environment:checking '/home/dave/Desktop/mmr_driverless/fused_imu/install/fused_imu/lib/python3.10/site-packages'
[10.158s] Level 1:colcon.colcon_core.environment:checking '/home/dave/Desktop/mmr_driverless/fused_imu/install/fused_imu/bin'
[10.158s] INFO:colcon.colcon_core.shell:Creating package script '/home/dave/Desktop/mmr_driverless/fused_imu/install/fused_imu/share/fused_imu/package.ps1'
[10.159s] INFO:colcon.colcon_core.shell:Creating package descriptor '/home/dave/Desktop/mmr_driverless/fused_imu/install/fused_imu/share/fused_imu/package.dsv'
[10.160s] INFO:colcon.colcon_core.shell:Creating package script '/home/dave/Desktop/mmr_driverless/fused_imu/install/fused_imu/share/fused_imu/package.sh'
[10.161s] INFO:colcon.colcon_core.shell:Creating package script '/home/dave/Desktop/mmr_driverless/fused_imu/install/fused_imu/share/fused_imu/package.bash'
[10.161s] INFO:colcon.colcon_core.shell:Creating package script '/home/dave/Desktop/mmr_driverless/fused_imu/install/fused_imu/share/fused_imu/package.zsh'
[10.162s] Level 1:colcon.colcon_core.environment:create_file_with_runtime_dependencies(/home/dave/Desktop/mmr_driverless/fused_imu/install/fused_imu/share/colcon-core/packages/fused_imu)
[10.162s] DEBUG:colcon.colcon_parallel_executor.executor.parallel:closing loop
[10.163s] DEBUG:colcon.colcon_parallel_executor.executor.parallel:loop closed
[10.163s] DEBUG:colcon.colcon_parallel_executor.executor.parallel:run_until_complete finished with '0'
[10.163s] DEBUG:colcon.colcon_core.event_reactor:joining thread
[10.173s] INFO:colcon.colcon_core.plugin_system:Skipping extension 'colcon_notification.desktop_notification.terminal_notifier': Not used on non-Darwin systems
[10.173s] INFO:colcon.colcon_core.plugin_system:Skipping extension 'colcon_notification.desktop_notification.win32': Not used on non-Windows systems
[10.173s] INFO:colcon.colcon_notification.desktop_notification:Sending desktop notification using 'notify2'
[10.201s] DEBUG:colcon.colcon_core.event_reactor:joined thread
[10.201s] INFO:colcon.colcon_core.shell:Creating prefix script '/home/dave/Desktop/mmr_driverless/fused_imu/install/local_setup.ps1'
[10.203s] INFO:colcon.colcon_core.shell:Creating prefix util module '/home/dave/Desktop/mmr_driverless/fused_imu/install/_local_setup_util_ps1.py'
[10.205s] INFO:colcon.colcon_core.shell:Creating prefix chain script '/home/dave/Desktop/mmr_driverless/fused_imu/install/setup.ps1'
[10.206s] INFO:colcon.colcon_core.shell:Creating prefix script '/home/dave/Desktop/mmr_driverless/fused_imu/install/local_setup.sh'
[10.207s] INFO:colcon.colcon_core.shell:Creating prefix util module '/home/dave/Desktop/mmr_driverless/fused_imu/install/_local_setup_util_sh.py'
[10.208s] INFO:colcon.colcon_core.shell:Creating prefix chain script '/home/dave/Desktop/mmr_driverless/fused_imu/install/setup.sh'
[10.209s] INFO:colcon.colcon_core.shell:Creating prefix script '/home/dave/Desktop/mmr_driverless/fused_imu/install/local_setup.bash'
[10.210s] INFO:colcon.colcon_core.shell:Creating prefix chain script '/home/dave/Desktop/mmr_driverless/fused_imu/install/setup.bash'
[10.212s] INFO:colcon.colcon_core.shell:Creating prefix script '/home/dave/Desktop/mmr_driverless/fused_imu/install/local_setup.zsh'
[10.213s] INFO:colcon.colcon_core.shell:Creating prefix chain script '/home/dave/Desktop/mmr_driverless/fused_imu/install/setup.zsh'
