[0.012s] Invoking command in '/home/dave/Desktop/mmr_driverless/fused_imu/build/fused_imu': CMAKE_PREFIX_PATH=${CMAKE_PREFIX_PATH}:/opt/ros/humble /usr/bin/cmake --build /home/dave/Desktop/mmr_driverless/fused_imu/build/fused_imu -- -j8 -l8
[0.053s] [35m[1mConsolidate compiler generated dependencies of target fused_imu_node[0m
[0.076s] [ 50%] [32mBuilding CXX object CMakeFiles/fused_imu_node.dir/src/main.cpp.o[0m
[8.489s] [100%] [32m[1mLinking CXX executable fused_imu_node[0m
[8.956s] [100%] Built target fused_imu_node
[8.968s] Invoked command in '/home/dave/Desktop/mmr_driverless/fused_imu/build/fused_imu' returned '0': CMAKE_PREFIX_PATH=${CMAKE_PREFIX_PATH}:/opt/ros/humble /usr/bin/cmake --build /home/dave/Desktop/mmr_driverless/fused_imu/build/fused_imu -- -j8 -l8
[9.001s] Invoking command in '/home/dave/Desktop/mmr_driverless/fused_imu/build/fused_imu': CMAKE_PREFIX_PATH=${CMAKE_PREFIX_PATH}:/opt/ros/humble /usr/bin/cmake --install /home/dave/Desktop/mmr_driverless/fused_imu/build/fused_imu
[9.007s] -- Install configuration: ""
[9.008s] -- Installing: /home/dave/Desktop/mmr_driverless/fused_imu/install/fused_imu/lib/fused_imu/fused_imu_node
[9.013s] -- Set runtime path of "/home/dave/Desktop/mmr_driverless/fused_imu/install/fused_imu/lib/fused_imu/fused_imu_node" to ""
[9.013s] -- Up-to-date: /home/dave/Desktop/mmr_driverless/fused_imu/install/fused_imu/share/ament_index/resource_index/package_run_dependencies/fused_imu
[9.013s] -- Up-to-date: /home/dave/Desktop/mmr_driverless/fused_imu/install/fused_imu/share/ament_index/resource_index/parent_prefix_path/fused_imu
[9.013s] -- Up-to-date: /home/dave/Desktop/mmr_driverless/fused_imu/install/fused_imu/share/fused_imu/environment/ament_prefix_path.sh
[9.013s] -- Up-to-date: /home/dave/Desktop/mmr_driverless/fused_imu/install/fused_imu/share/fused_imu/environment/ament_prefix_path.dsv
[9.013s] -- Up-to-date: /home/dave/Desktop/mmr_driverless/fused_imu/install/fused_imu/share/fused_imu/environment/path.sh
[9.014s] -- Up-to-date: /home/dave/Desktop/mmr_driverless/fused_imu/install/fused_imu/share/fused_imu/environment/path.dsv
[9.014s] -- Up-to-date: /home/dave/Desktop/mmr_driverless/fused_imu/install/fused_imu/share/fused_imu/local_setup.bash
[9.014s] -- Up-to-date: /home/dave/Desktop/mmr_driverless/fused_imu/install/fused_imu/share/fused_imu/local_setup.sh
[9.014s] -- Up-to-date: /home/dave/Desktop/mmr_driverless/fused_imu/install/fused_imu/share/fused_imu/local_setup.zsh
[9.014s] -- Up-to-date: /home/dave/Desktop/mmr_driverless/fused_imu/install/fused_imu/share/fused_imu/local_setup.dsv
[9.014s] -- Installing: /home/dave/Desktop/mmr_driverless/fused_imu/install/fused_imu/share/fused_imu/package.dsv
[9.014s] -- Up-to-date: /home/dave/Desktop/mmr_driverless/fused_imu/install/fused_imu/share/ament_index/resource_index/packages/fused_imu
[9.014s] -- Up-to-date: /home/dave/Desktop/mmr_driverless/fused_imu/install/fused_imu/share/fused_imu/cmake/fused_imuConfig.cmake
[9.014s] -- Up-to-date: /home/dave/Desktop/mmr_driverless/fused_imu/install/fused_imu/share/fused_imu/cmake/fused_imuConfig-version.cmake
[9.014s] -- Up-to-date: /home/dave/Desktop/mmr_driverless/fused_imu/install/fused_imu/share/fused_imu/package.xml
[9.016s] Invoked command in '/home/dave/Desktop/mmr_driverless/fused_imu/build/fused_imu' returned '0': CMAKE_PREFIX_PATH=${CMAKE_PREFIX_PATH}:/opt/ros/humble /usr/bin/cmake --install /home/dave/Desktop/mmr_driverless/fused_imu/build/fused_imu
