[0.106s] DEBUG:colcon:Command line arguments: ['/usr/bin/colcon', 'build']
[0.106s] DEBUG:colcon:Parsed command line arguments: Namespace(log_base=None, log_level=None, verb_name='build', build_base='build', install_base='install', merge_install=False, symlink_install=False, test_result_base=None, continue_on_error=False, executor='parallel', parallel_workers=8, event_handlers=None, ignore_user_meta=False, metas=['./colcon.meta'], base_paths=['.'], packages_ignore=None, packages_ignore_regex=None, paths=None, packages_up_to=None, packages_up_to_regex=None, packages_above=None, packages_above_and_dependencies=None, packages_above_depth=None, packages_select_by_dep=None, packages_skip_by_dep=None, packages_skip_up_to=None, packages_select_build_failed=False, packages_skip_build_finished=False, packages_select_test_failures=False, packages_skip_test_passed=False, packages_select=None, packages_skip=None, packages_select_regex=None, packages_skip_regex=None, packages_start=None, packages_end=None, allow_overriding=[], cmake_args=None, cmake_target=None, cmake_target_skip_unavailable=False, cmake_clean_cache=False, cmake_clean_first=False, cmake_force_configure=False, ament_cmake_args=None, catkin_cmake_args=None, catkin_skip_building_tests=False, verb_parser=<colcon_defaults.argument_parser.defaults.DefaultArgumentsDecorator object at 0x7864a91e2e00>, verb_extension=<colcon_core.verb.build.BuildVerb object at 0x7864a92cba60>, main=<bound method BuildVerb.main of <colcon_core.verb.build.BuildVerb object at 0x7864a92cba60>>)
[0.280s] Level 1:colcon.colcon_core.package_discovery:discover_packages(colcon_meta) check parameters
[0.280s] Level 1:colcon.colcon_core.package_discovery:discover_packages(recursive) check parameters
[0.280s] Level 1:colcon.colcon_core.package_discovery:discover_packages(ignore) check parameters
[0.280s] Level 1:colcon.colcon_core.package_discovery:discover_packages(path) check parameters
[0.280s] Level 1:colcon.colcon_core.package_discovery:discover_packages(colcon_meta) discover
[0.280s] Level 1:colcon.colcon_core.package_discovery:discover_packages(recursive) discover
[0.280s] INFO:colcon.colcon_core.package_discovery:Crawling recursively for packages in '/home/dave/Desktop/mmr_driverless/fused_imu'
[0.280s] Level 1:colcon.colcon_core.package_identification:_identify(.) by extensions ['ignore', 'ignore_ament_install']
[0.280s] Level 1:colcon.colcon_core.package_identification:_identify(.) by extension 'ignore'
[0.280s] Level 1:colcon.colcon_core.package_identification:_identify(.) by extension 'ignore_ament_install'
[0.280s] Level 1:colcon.colcon_core.package_identification:_identify(.) by extensions ['colcon_pkg']
[0.280s] Level 1:colcon.colcon_core.package_identification:_identify(.) by extension 'colcon_pkg'
[0.280s] Level 1:colcon.colcon_core.package_identification:_identify(.) by extensions ['colcon_meta']
[0.280s] Level 1:colcon.colcon_core.package_identification:_identify(.) by extension 'colcon_meta'
[0.280s] Level 1:colcon.colcon_core.package_identification:_identify(.) by extensions ['ros']
[0.280s] Level 1:colcon.colcon_core.package_identification:_identify(.) by extension 'ros'
[0.293s] DEBUG:colcon.colcon_core.package_identification:Package '.' with type 'ros.ament_cmake' and name 'fused_imu'
[0.293s] Level 1:colcon.colcon_core.package_discovery:discover_packages(recursive) using defaults
[0.293s] Level 1:colcon.colcon_core.package_discovery:discover_packages(ignore) discover
[0.293s] Level 1:colcon.colcon_core.package_discovery:discover_packages(ignore) using defaults
[0.293s] Level 1:colcon.colcon_core.package_discovery:discover_packages(path) discover
[0.293s] Level 1:colcon.colcon_core.package_discovery:discover_packages(path) using defaults
[0.313s] Level 1:colcon.colcon_core.package_discovery:discover_packages(prefix_path) check parameters
[0.313s] Level 1:colcon.colcon_core.package_discovery:discover_packages(prefix_path) discover
[0.329s] DEBUG:colcon.colcon_installed_package_information.package_discovery:Found 1 installed packages in /home/dave/Desktop/mmr_driverless/fused_imu/install
[0.330s] DEBUG:colcon.colcon_installed_package_information.package_discovery:Found 297 installed packages in /opt/ros/humble
[0.331s] Level 1:colcon.colcon_core.package_discovery:discover_packages(prefix_path) using defaults
[0.376s] Level 5:colcon.colcon_core.verb:set package 'fused_imu' build argument 'cmake_args' from command line to 'None'
[0.376s] Level 5:colcon.colcon_core.verb:set package 'fused_imu' build argument 'cmake_target' from command line to 'None'
[0.376s] Level 5:colcon.colcon_core.verb:set package 'fused_imu' build argument 'cmake_target_skip_unavailable' from command line to 'False'
[0.376s] Level 5:colcon.colcon_core.verb:set package 'fused_imu' build argument 'cmake_clean_cache' from command line to 'False'
[0.376s] Level 5:colcon.colcon_core.verb:set package 'fused_imu' build argument 'cmake_clean_first' from command line to 'False'
[0.376s] Level 5:colcon.colcon_core.verb:set package 'fused_imu' build argument 'cmake_force_configure' from command line to 'False'
[0.376s] Level 5:colcon.colcon_core.verb:set package 'fused_imu' build argument 'ament_cmake_args' from command line to 'None'
[0.376s] Level 5:colcon.colcon_core.verb:set package 'fused_imu' build argument 'catkin_cmake_args' from command line to 'None'
[0.376s] Level 5:colcon.colcon_core.verb:set package 'fused_imu' build argument 'catkin_skip_building_tests' from command line to 'False'
[0.376s] DEBUG:colcon.colcon_core.verb:Building package 'fused_imu' with the following arguments: {'ament_cmake_args': None, 'build_base': '/home/dave/Desktop/mmr_driverless/fused_imu/build/fused_imu', 'catkin_cmake_args': None, 'catkin_skip_building_tests': False, 'cmake_args': None, 'cmake_clean_cache': False, 'cmake_clean_first': False, 'cmake_force_configure': False, 'cmake_target': None, 'cmake_target_skip_unavailable': False, 'install_base': '/home/dave/Desktop/mmr_driverless/fused_imu/install/fused_imu', 'merge_install': False, 'path': '/home/dave/Desktop/mmr_driverless/fused_imu', 'symlink_install': False, 'test_result_base': None}
[0.376s] INFO:colcon.colcon_core.executor:Executing jobs using 'parallel' executor
[0.378s] DEBUG:colcon.colcon_parallel_executor.executor.parallel:run_until_complete
[0.378s] INFO:colcon.colcon_ros.task.ament_cmake.build:Building ROS package in '/home/dave/Desktop/mmr_driverless/fused_imu' with build type 'ament_cmake'
[0.378s] INFO:colcon.colcon_cmake.task.cmake.build:Building CMake package in '/home/dave/Desktop/mmr_driverless/fused_imu'
[0.381s] INFO:colcon.colcon_core.plugin_system:Skipping extension 'colcon_core.shell.bat': Not used on non-Windows systems
[0.381s] INFO:colcon.colcon_core.shell:Skip shell extension 'powershell' for command environment: Not usable outside of PowerShell
[0.381s] DEBUG:colcon.colcon_core.shell:Skip shell extension 'dsv' for command environment
[0.390s] DEBUG:colcon.colcon_core.event_handler.log_command:Invoking command in '/home/dave/Desktop/mmr_driverless/fused_imu/build/fused_imu': CMAKE_PREFIX_PATH=${CMAKE_PREFIX_PATH}:/opt/ros/humble /usr/bin/cmake --build /home/dave/Desktop/mmr_driverless/fused_imu/build/fused_imu -- -j8 -l8
[8.955s] DEBUG:colcon.colcon_core.event_handler.log_command:Invoked command in '/home/dave/Desktop/mmr_driverless/fused_imu/build/fused_imu' returned '0': CMAKE_PREFIX_PATH=${CMAKE_PREFIX_PATH}:/opt/ros/humble /usr/bin/cmake --build /home/dave/Desktop/mmr_driverless/fused_imu/build/fused_imu -- -j8 -l8
[8.990s] DEBUG:colcon.colcon_core.event_handler.log_command:Invoking command in '/home/dave/Desktop/mmr_driverless/fused_imu/build/fused_imu': CMAKE_PREFIX_PATH=${CMAKE_PREFIX_PATH}:/opt/ros/humble /usr/bin/cmake --install /home/dave/Desktop/mmr_driverless/fused_imu/build/fused_imu
[9.006s] Level 1:colcon.colcon_core.environment:create_environment_scripts_only(fused_imu)
[9.006s] DEBUG:colcon.colcon_core.event_handler.log_command:Invoked command in '/home/dave/Desktop/mmr_driverless/fused_imu/build/fused_imu' returned '0': CMAKE_PREFIX_PATH=${CMAKE_PREFIX_PATH}:/opt/ros/humble /usr/bin/cmake --install /home/dave/Desktop/mmr_driverless/fused_imu/build/fused_imu
[9.011s] Level 1:colcon.colcon_core.environment:checking '/home/dave/Desktop/mmr_driverless/fused_imu/install/fused_imu' for CMake module files
[9.012s] Level 1:colcon.colcon_core.environment:checking '/home/dave/Desktop/mmr_driverless/fused_imu/install/fused_imu' for CMake config files
[9.012s] Level 1:colcon.colcon_core.shell:create_environment_hook('fused_imu', 'cmake_prefix_path')
[9.013s] INFO:colcon.colcon_core.shell:Creating environment hook '/home/dave/Desktop/mmr_driverless/fused_imu/install/fused_imu/share/fused_imu/hook/cmake_prefix_path.ps1'
[9.014s] INFO:colcon.colcon_core.shell:Creating environment descriptor '/home/dave/Desktop/mmr_driverless/fused_imu/install/fused_imu/share/fused_imu/hook/cmake_prefix_path.dsv'
[9.014s] INFO:colcon.colcon_core.shell:Creating environment hook '/home/dave/Desktop/mmr_driverless/fused_imu/install/fused_imu/share/fused_imu/hook/cmake_prefix_path.sh'
[9.015s] Level 1:colcon.colcon_core.environment:checking '/home/dave/Desktop/mmr_driverless/fused_imu/install/fused_imu/lib'
[9.015s] Level 1:colcon.colcon_core.environment:checking '/home/dave/Desktop/mmr_driverless/fused_imu/install/fused_imu/bin'
[9.015s] Level 1:colcon.colcon_core.environment:checking '/home/dave/Desktop/mmr_driverless/fused_imu/install/fused_imu/lib/pkgconfig/fused_imu.pc'
[9.016s] Level 1:colcon.colcon_core.environment:checking '/home/dave/Desktop/mmr_driverless/fused_imu/install/fused_imu/lib/python3.10/site-packages'
[9.016s] Level 1:colcon.colcon_core.environment:checking '/home/dave/Desktop/mmr_driverless/fused_imu/install/fused_imu/bin'
[9.016s] INFO:colcon.colcon_core.shell:Creating package script '/home/dave/Desktop/mmr_driverless/fused_imu/install/fused_imu/share/fused_imu/package.ps1'
[9.017s] INFO:colcon.colcon_core.shell:Creating package descriptor '/home/dave/Desktop/mmr_driverless/fused_imu/install/fused_imu/share/fused_imu/package.dsv'
[9.018s] INFO:colcon.colcon_core.shell:Creating package script '/home/dave/Desktop/mmr_driverless/fused_imu/install/fused_imu/share/fused_imu/package.sh'
[9.018s] INFO:colcon.colcon_core.shell:Creating package script '/home/dave/Desktop/mmr_driverless/fused_imu/install/fused_imu/share/fused_imu/package.bash'
[9.019s] INFO:colcon.colcon_core.shell:Creating package script '/home/dave/Desktop/mmr_driverless/fused_imu/install/fused_imu/share/fused_imu/package.zsh'
[9.021s] Level 1:colcon.colcon_core.environment:create_file_with_runtime_dependencies(/home/dave/Desktop/mmr_driverless/fused_imu/install/fused_imu/share/colcon-core/packages/fused_imu)
[9.046s] Level 1:colcon.colcon_core.environment:create_environment_scripts_only(fused_imu)
[9.047s] Level 1:colcon.colcon_core.environment:checking '/home/dave/Desktop/mmr_driverless/fused_imu/install/fused_imu' for CMake module files
[9.047s] Level 1:colcon.colcon_core.environment:checking '/home/dave/Desktop/mmr_driverless/fused_imu/install/fused_imu' for CMake config files
[9.048s] Level 1:colcon.colcon_core.shell:create_environment_hook('fused_imu', 'cmake_prefix_path')
[9.048s] INFO:colcon.colcon_core.shell:Creating environment hook '/home/dave/Desktop/mmr_driverless/fused_imu/install/fused_imu/share/fused_imu/hook/cmake_prefix_path.ps1'
[9.048s] INFO:colcon.colcon_core.shell:Creating environment descriptor '/home/dave/Desktop/mmr_driverless/fused_imu/install/fused_imu/share/fused_imu/hook/cmake_prefix_path.dsv'
[9.049s] INFO:colcon.colcon_core.shell:Creating environment hook '/home/dave/Desktop/mmr_driverless/fused_imu/install/fused_imu/share/fused_imu/hook/cmake_prefix_path.sh'
[9.049s] Level 1:colcon.colcon_core.environment:checking '/home/dave/Desktop/mmr_driverless/fused_imu/install/fused_imu/lib'
[9.050s] Level 1:colcon.colcon_core.environment:checking '/home/dave/Desktop/mmr_driverless/fused_imu/install/fused_imu/bin'
[9.050s] Level 1:colcon.colcon_core.environment:checking '/home/dave/Desktop/mmr_driverless/fused_imu/install/fused_imu/lib/pkgconfig/fused_imu.pc'
[9.050s] Level 1:colcon.colcon_core.environment:checking '/home/dave/Desktop/mmr_driverless/fused_imu/install/fused_imu/lib/python3.10/site-packages'
[9.050s] Level 1:colcon.colcon_core.environment:checking '/home/dave/Desktop/mmr_driverless/fused_imu/install/fused_imu/bin'
[9.051s] INFO:colcon.colcon_core.shell:Creating package script '/home/dave/Desktop/mmr_driverless/fused_imu/install/fused_imu/share/fused_imu/package.ps1'
[9.051s] INFO:colcon.colcon_core.shell:Creating package descriptor '/home/dave/Desktop/mmr_driverless/fused_imu/install/fused_imu/share/fused_imu/package.dsv'
[9.052s] INFO:colcon.colcon_core.shell:Creating package script '/home/dave/Desktop/mmr_driverless/fused_imu/install/fused_imu/share/fused_imu/package.sh'
[9.053s] INFO:colcon.colcon_core.shell:Creating package script '/home/dave/Desktop/mmr_driverless/fused_imu/install/fused_imu/share/fused_imu/package.bash'
[9.053s] INFO:colcon.colcon_core.shell:Creating package script '/home/dave/Desktop/mmr_driverless/fused_imu/install/fused_imu/share/fused_imu/package.zsh'
[9.054s] Level 1:colcon.colcon_core.environment:create_file_with_runtime_dependencies(/home/dave/Desktop/mmr_driverless/fused_imu/install/fused_imu/share/colcon-core/packages/fused_imu)
[9.054s] DEBUG:colcon.colcon_parallel_executor.executor.parallel:closing loop
[9.054s] DEBUG:colcon.colcon_parallel_executor.executor.parallel:loop closed
[9.054s] DEBUG:colcon.colcon_parallel_executor.executor.parallel:run_until_complete finished with '0'
[9.054s] DEBUG:colcon.colcon_core.event_reactor:joining thread
[9.063s] INFO:colcon.colcon_core.plugin_system:Skipping extension 'colcon_notification.desktop_notification.terminal_notifier': Not used on non-Darwin systems
[9.063s] INFO:colcon.colcon_core.plugin_system:Skipping extension 'colcon_notification.desktop_notification.win32': Not used on non-Windows systems
[9.063s] INFO:colcon.colcon_notification.desktop_notification:Sending desktop notification using 'notify2'
[9.074s] DEBUG:colcon.colcon_core.event_reactor:joined thread
[9.075s] INFO:colcon.colcon_core.shell:Creating prefix script '/home/dave/Desktop/mmr_driverless/fused_imu/install/local_setup.ps1'
[9.076s] INFO:colcon.colcon_core.shell:Creating prefix util module '/home/dave/Desktop/mmr_driverless/fused_imu/install/_local_setup_util_ps1.py'
[9.077s] INFO:colcon.colcon_core.shell:Creating prefix chain script '/home/dave/Desktop/mmr_driverless/fused_imu/install/setup.ps1'
[9.079s] INFO:colcon.colcon_core.shell:Creating prefix script '/home/dave/Desktop/mmr_driverless/fused_imu/install/local_setup.sh'
[9.080s] INFO:colcon.colcon_core.shell:Creating prefix util module '/home/dave/Desktop/mmr_driverless/fused_imu/install/_local_setup_util_sh.py'
[9.080s] INFO:colcon.colcon_core.shell:Creating prefix chain script '/home/dave/Desktop/mmr_driverless/fused_imu/install/setup.sh'
[9.081s] INFO:colcon.colcon_core.shell:Creating prefix script '/home/dave/Desktop/mmr_driverless/fused_imu/install/local_setup.bash'
[9.082s] INFO:colcon.colcon_core.shell:Creating prefix chain script '/home/dave/Desktop/mmr_driverless/fused_imu/install/setup.bash'
[9.083s] INFO:colcon.colcon_core.shell:Creating prefix script '/home/dave/Desktop/mmr_driverless/fused_imu/install/local_setup.zsh'
[9.084s] INFO:colcon.colcon_core.shell:Creating prefix chain script '/home/dave/Desktop/mmr_driverless/fused_imu/install/setup.zsh'
