[0.011s] Invoking command in '/home/dave/Desktop/mmr_driverless/imu_fusion/build/imu_difference_plotter': CMAKE_PREFIX_PATH=${CMAKE_PREFIX_PATH}:/opt/ros/humble /usr/bin/cmake /home/dave/Desktop/mmr_driverless/imu_fusion/imu_difference_plotter -DCMAKE_INSTALL_PREFIX=/home/dave/Desktop/mmr_driverless/imu_fusion/install/imu_difference_plotter
[0.140s] -- The C compiler identification is GNU 11.4.0
[0.224s] -- The CXX compiler identification is GNU 11.4.0
[0.244s] -- Detecting C compiler ABI info
[0.369s] -- Detecting C compiler ABI info - done
[0.384s] -- Check for working C compiler: /usr/bin/cc - skipped
[0.384s] -- Detecting C compile features
[0.385s] -- Detecting C compile features - done
[0.391s] -- Detecting CXX compiler ABI info
[0.511s] -- Detecting CXX compiler ABI info - done
[0.523s] -- Check for working CXX compiler: /usr/bin/c++ - skipped
[0.523s] -- Detecting CXX compile features
[0.524s] -- Detecting CXX compile features - done
[0.538s] -- Found ament_cmake: 1.3.10 (/opt/ros/humble/share/ament_cmake/cmake)
[0.742s] -- Found Python3: /usr/bin/python3 (found version "3.10.12") found components: Interpreter 
[0.887s] -- Found ament_lint_auto: 0.12.11 (/opt/ros/humble/share/ament_lint_auto/cmake)
[1.056s] -- Added test 'cppcheck' to perform static code analysis on C / C++ code
[1.056s] -- Configured cppcheck include dirs: 
[1.057s] -- Configured cppcheck exclude dirs and/or files: 
[1.060s] -- Added test 'flake8' to check Python code syntax and style conventions
[1.071s] -- Added test 'lint_cmake' to check CMake code style
[1.074s] -- Added test 'pep257' to check Python code against some of the docstring style conventions in PEP 257
[1.098s] -- Added test 'uncrustify' to check C / C++ code style
[1.098s] -- Configured uncrustify additional arguments: 
[1.102s] -- Added test 'xmllint' to check XML markup files
[1.104s] -- Configuring done
[1.108s] -- Generating done
[1.109s] -- Build files have been written to: /home/dave/Desktop/mmr_driverless/imu_fusion/build/imu_difference_plotter
[1.115s] Invoked command in '/home/dave/Desktop/mmr_driverless/imu_fusion/build/imu_difference_plotter' returned '0': CMAKE_PREFIX_PATH=${CMAKE_PREFIX_PATH}:/opt/ros/humble /usr/bin/cmake /home/dave/Desktop/mmr_driverless/imu_fusion/imu_difference_plotter -DCMAKE_INSTALL_PREFIX=/home/dave/Desktop/mmr_driverless/imu_fusion/install/imu_difference_plotter
[1.117s] Invoking command in '/home/dave/Desktop/mmr_driverless/imu_fusion/build/imu_difference_plotter': CMAKE_PREFIX_PATH=${CMAKE_PREFIX_PATH}:/opt/ros/humble /usr/bin/cmake --build /home/dave/Desktop/mmr_driverless/imu_fusion/build/imu_difference_plotter -- -j8 -l8
[1.181s] Invoked command in '/home/dave/Desktop/mmr_driverless/imu_fusion/build/imu_difference_plotter' returned '0': CMAKE_PREFIX_PATH=${CMAKE_PREFIX_PATH}:/opt/ros/humble /usr/bin/cmake --build /home/dave/Desktop/mmr_driverless/imu_fusion/build/imu_difference_plotter -- -j8 -l8
[1.245s] Invoking command in '/home/dave/Desktop/mmr_driverless/imu_fusion/build/imu_difference_plotter': CMAKE_PREFIX_PATH=${CMAKE_PREFIX_PATH}:/opt/ros/humble /usr/bin/cmake --install /home/dave/Desktop/mmr_driverless/imu_fusion/build/imu_difference_plotter
[1.259s] -- Install configuration: ""
[1.259s] -- Installing: /home/dave/Desktop/mmr_driverless/imu_fusion/install/imu_difference_plotter/share/ament_index/resource_index/package_run_dependencies/imu_difference_plotter
[1.259s] -- Installing: /home/dave/Desktop/mmr_driverless/imu_fusion/install/imu_difference_plotter/share/ament_index/resource_index/parent_prefix_path/imu_difference_plotter
[1.259s] -- Installing: /home/dave/Desktop/mmr_driverless/imu_fusion/install/imu_difference_plotter/share/imu_difference_plotter/environment/ament_prefix_path.sh
[1.260s] -- Installing: /home/dave/Desktop/mmr_driverless/imu_fusion/install/imu_difference_plotter/share/imu_difference_plotter/environment/ament_prefix_path.dsv
[1.260s] -- Installing: /home/dave/Desktop/mmr_driverless/imu_fusion/install/imu_difference_plotter/share/imu_difference_plotter/environment/path.sh
[1.260s] -- Installing: /home/dave/Desktop/mmr_driverless/imu_fusion/install/imu_difference_plotter/share/imu_difference_plotter/environment/path.dsv
[1.260s] -- Installing: /home/dave/Desktop/mmr_driverless/imu_fusion/install/imu_difference_plotter/share/imu_difference_plotter/local_setup.bash
[1.260s] -- Installing: /home/dave/Desktop/mmr_driverless/imu_fusion/install/imu_difference_plotter/share/imu_difference_plotter/local_setup.sh
[1.261s] -- Installing: /home/dave/Desktop/mmr_driverless/imu_fusion/install/imu_difference_plotter/share/imu_difference_plotter/local_setup.zsh
[1.261s] -- Installing: /home/dave/Desktop/mmr_driverless/imu_fusion/install/imu_difference_plotter/share/imu_difference_plotter/local_setup.dsv
[1.261s] -- Installing: /home/dave/Desktop/mmr_driverless/imu_fusion/install/imu_difference_plotter/share/imu_difference_plotter/package.dsv
[1.261s] -- Installing: /home/dave/Desktop/mmr_driverless/imu_fusion/install/imu_difference_plotter/share/ament_index/resource_index/packages/imu_difference_plotter
[1.262s] -- Installing: /home/dave/Desktop/mmr_driverless/imu_fusion/install/imu_difference_plotter/share/imu_difference_plotter/cmake/imu_difference_plotterConfig.cmake
[1.262s] -- Installing: /home/dave/Desktop/mmr_driverless/imu_fusion/install/imu_difference_plotter/share/imu_difference_plotter/cmake/imu_difference_plotterConfig-version.cmake
[1.265s] -- Installing: /home/dave/Desktop/mmr_driverless/imu_fusion/install/imu_difference_plotter/share/imu_difference_plotter/package.xml
[1.271s] Invoked command in '/home/dave/Desktop/mmr_driverless/imu_fusion/build/imu_difference_plotter' returned '0': CMAKE_PREFIX_PATH=${CMAKE_PREFIX_PATH}:/opt/ros/humble /usr/bin/cmake --install /home/dave/Desktop/mmr_driverless/imu_fusion/build/imu_difference_plotter
