[0.102s] DEBUG:colcon:Command line arguments: ['/usr/bin/colcon', 'build']
[0.102s] DEBUG:colcon:Parsed command line arguments: Namespace(log_base=None, log_level=None, verb_name='build', build_base='build', install_base='install', merge_install=False, symlink_install=False, test_result_base=None, continue_on_error=False, executor='parallel', parallel_workers=8, event_handlers=None, ignore_user_meta=False, metas=['./colcon.meta'], base_paths=['.'], packages_ignore=None, packages_ignore_regex=None, paths=None, packages_up_to=None, packages_up_to_regex=None, packages_above=None, packages_above_and_dependencies=None, packages_above_depth=None, packages_select_by_dep=None, packages_skip_by_dep=None, packages_skip_up_to=None, packages_select_build_failed=False, packages_skip_build_finished=False, packages_select_test_failures=False, packages_skip_test_passed=False, packages_select=None, packages_skip=None, packages_select_regex=None, packages_skip_regex=None, packages_start=None, packages_end=None, allow_overriding=[], cmake_args=None, cmake_target=None, cmake_target_skip_unavailable=False, cmake_clean_cache=False, cmake_clean_first=False, cmake_force_configure=False, ament_cmake_args=None, catkin_cmake_args=None, catkin_skip_building_tests=False, verb_parser=<colcon_defaults.argument_parser.defaults.DefaultArgumentsDecorator object at 0x74fcfc2c6e00>, verb_extension=<colcon_core.verb.build.BuildVerb object at 0x74fcfc3aba60>, main=<bound method BuildVerb.main of <colcon_core.verb.build.BuildVerb object at 0x74fcfc3aba60>>)
[0.260s] Level 1:colcon.colcon_core.package_discovery:discover_packages(colcon_meta) check parameters
[0.260s] Level 1:colcon.colcon_core.package_discovery:discover_packages(recursive) check parameters
[0.260s] Level 1:colcon.colcon_core.package_discovery:discover_packages(ignore) check parameters
[0.260s] Level 1:colcon.colcon_core.package_discovery:discover_packages(path) check parameters
[0.260s] Level 1:colcon.colcon_core.package_discovery:discover_packages(colcon_meta) discover
[0.260s] Level 1:colcon.colcon_core.package_discovery:discover_packages(recursive) discover
[0.260s] INFO:colcon.colcon_core.package_discovery:Crawling recursively for packages in '/home/dave/Desktop/mmr_driverless/imu_fusion'
[0.260s] Level 1:colcon.colcon_core.package_identification:_identify(.) by extensions ['ignore', 'ignore_ament_install']
[0.260s] Level 1:colcon.colcon_core.package_identification:_identify(.) by extension 'ignore'
[0.260s] Level 1:colcon.colcon_core.package_identification:_identify(.) by extension 'ignore_ament_install'
[0.260s] Level 1:colcon.colcon_core.package_identification:_identify(.) by extensions ['colcon_pkg']
[0.260s] Level 1:colcon.colcon_core.package_identification:_identify(.) by extension 'colcon_pkg'
[0.260s] Level 1:colcon.colcon_core.package_identification:_identify(.) by extensions ['colcon_meta']
[0.260s] Level 1:colcon.colcon_core.package_identification:_identify(.) by extension 'colcon_meta'
[0.261s] Level 1:colcon.colcon_core.package_identification:_identify(.) by extensions ['ros']
[0.261s] Level 1:colcon.colcon_core.package_identification:_identify(.) by extension 'ros'
[0.270s] Level 1:colcon.colcon_core.package_identification:_identify(.) by extensions ['cmake', 'python']
[0.271s] Level 1:colcon.colcon_core.package_identification:_identify(.) by extension 'cmake'
[0.271s] Level 1:colcon.colcon_core.package_identification:_identify(.) by extension 'python'
[0.271s] Level 1:colcon.colcon_core.package_identification:_identify(.) by extensions ['python_setup_py']
[0.271s] Level 1:colcon.colcon_core.package_identification:_identify(.) by extension 'python_setup_py'
[0.271s] Level 1:colcon.colcon_core.package_identification:_identify(build) by extensions ['ignore', 'ignore_ament_install']
[0.271s] Level 1:colcon.colcon_core.package_identification:_identify(build) by extension 'ignore'
[0.271s] Level 1:colcon.colcon_core.package_identification:_identify(build) ignored
[0.271s] Level 1:colcon.colcon_core.package_identification:_identify(fused_imu) by extensions ['ignore', 'ignore_ament_install']
[0.271s] Level 1:colcon.colcon_core.package_identification:_identify(fused_imu) by extension 'ignore'
[0.271s] Level 1:colcon.colcon_core.package_identification:_identify(fused_imu) by extension 'ignore_ament_install'
[0.271s] Level 1:colcon.colcon_core.package_identification:_identify(fused_imu) by extensions ['colcon_pkg']
[0.271s] Level 1:colcon.colcon_core.package_identification:_identify(fused_imu) by extension 'colcon_pkg'
[0.271s] Level 1:colcon.colcon_core.package_identification:_identify(fused_imu) by extensions ['colcon_meta']
[0.271s] Level 1:colcon.colcon_core.package_identification:_identify(fused_imu) by extension 'colcon_meta'
[0.271s] Level 1:colcon.colcon_core.package_identification:_identify(fused_imu) by extensions ['ros']
[0.271s] Level 1:colcon.colcon_core.package_identification:_identify(fused_imu) by extension 'ros'
[0.273s] DEBUG:colcon.colcon_core.package_identification:Package 'fused_imu' with type 'ros.ament_cmake' and name 'fused_imu'
[0.273s] Level 1:colcon.colcon_core.package_identification:_identify(imu_difference_plotter) by extensions ['ignore', 'ignore_ament_install']
[0.274s] Level 1:colcon.colcon_core.package_identification:_identify(imu_difference_plotter) by extension 'ignore'
[0.274s] Level 1:colcon.colcon_core.package_identification:_identify(imu_difference_plotter) by extension 'ignore_ament_install'
[0.274s] Level 1:colcon.colcon_core.package_identification:_identify(imu_difference_plotter) by extensions ['colcon_pkg']
[0.274s] Level 1:colcon.colcon_core.package_identification:_identify(imu_difference_plotter) by extension 'colcon_pkg'
[0.274s] Level 1:colcon.colcon_core.package_identification:_identify(imu_difference_plotter) by extensions ['colcon_meta']
[0.274s] Level 1:colcon.colcon_core.package_identification:_identify(imu_difference_plotter) by extension 'colcon_meta'
[0.274s] Level 1:colcon.colcon_core.package_identification:_identify(imu_difference_plotter) by extensions ['ros']
[0.274s] Level 1:colcon.colcon_core.package_identification:_identify(imu_difference_plotter) by extension 'ros'
[0.274s] DEBUG:colcon.colcon_core.package_identification:Package 'imu_difference_plotter' with type 'ros.ament_cmake' and name 'imu_difference_plotter'
[0.274s] Level 1:colcon.colcon_core.package_identification:_identify(install) by extensions ['ignore', 'ignore_ament_install']
[0.274s] Level 1:colcon.colcon_core.package_identification:_identify(install) by extension 'ignore'
[0.274s] Level 1:colcon.colcon_core.package_identification:_identify(install) ignored
[0.275s] Level 1:colcon.colcon_core.package_identification:_identify(log) by extensions ['ignore', 'ignore_ament_install']
[0.275s] Level 1:colcon.colcon_core.package_identification:_identify(log) by extension 'ignore'
[0.275s] Level 1:colcon.colcon_core.package_identification:_identify(log) ignored
[0.275s] Level 1:colcon.colcon_core.package_discovery:discover_packages(recursive) using defaults
[0.275s] Level 1:colcon.colcon_core.package_discovery:discover_packages(ignore) discover
[0.275s] Level 1:colcon.colcon_core.package_discovery:discover_packages(ignore) using defaults
[0.275s] Level 1:colcon.colcon_core.package_discovery:discover_packages(path) discover
[0.275s] Level 1:colcon.colcon_core.package_discovery:discover_packages(path) using defaults
[0.293s] Level 1:colcon.colcon_core.package_discovery:discover_packages(prefix_path) check parameters
[0.293s] Level 1:colcon.colcon_core.package_discovery:discover_packages(prefix_path) discover
[0.304s] DEBUG:colcon.colcon_installed_package_information.package_discovery:Found 2 installed packages in /home/dave/Desktop/mmr_driverless/imu_fusion/install
[0.305s] DEBUG:colcon.colcon_installed_package_information.package_discovery:Found 297 installed packages in /opt/ros/humble
[0.307s] Level 1:colcon.colcon_core.package_discovery:discover_packages(prefix_path) using defaults
[0.345s] Level 5:colcon.colcon_core.verb:set package 'fused_imu' build argument 'cmake_args' from command line to 'None'
[0.345s] Level 5:colcon.colcon_core.verb:set package 'fused_imu' build argument 'cmake_target' from command line to 'None'
[0.345s] Level 5:colcon.colcon_core.verb:set package 'fused_imu' build argument 'cmake_target_skip_unavailable' from command line to 'False'
[0.345s] Level 5:colcon.colcon_core.verb:set package 'fused_imu' build argument 'cmake_clean_cache' from command line to 'False'
[0.345s] Level 5:colcon.colcon_core.verb:set package 'fused_imu' build argument 'cmake_clean_first' from command line to 'False'
[0.345s] Level 5:colcon.colcon_core.verb:set package 'fused_imu' build argument 'cmake_force_configure' from command line to 'False'
[0.345s] Level 5:colcon.colcon_core.verb:set package 'fused_imu' build argument 'ament_cmake_args' from command line to 'None'
[0.345s] Level 5:colcon.colcon_core.verb:set package 'fused_imu' build argument 'catkin_cmake_args' from command line to 'None'
[0.345s] Level 5:colcon.colcon_core.verb:set package 'fused_imu' build argument 'catkin_skip_building_tests' from command line to 'False'
[0.345s] DEBUG:colcon.colcon_core.verb:Building package 'fused_imu' with the following arguments: {'ament_cmake_args': None, 'build_base': '/home/dave/Desktop/mmr_driverless/imu_fusion/build/fused_imu', 'catkin_cmake_args': None, 'catkin_skip_building_tests': False, 'cmake_args': None, 'cmake_clean_cache': False, 'cmake_clean_first': False, 'cmake_force_configure': False, 'cmake_target': None, 'cmake_target_skip_unavailable': False, 'install_base': '/home/dave/Desktop/mmr_driverless/imu_fusion/install/fused_imu', 'merge_install': False, 'path': '/home/dave/Desktop/mmr_driverless/imu_fusion/fused_imu', 'symlink_install': False, 'test_result_base': None}
[0.346s] Level 5:colcon.colcon_core.verb:set package 'imu_difference_plotter' build argument 'cmake_args' from command line to 'None'
[0.346s] Level 5:colcon.colcon_core.verb:set package 'imu_difference_plotter' build argument 'cmake_target' from command line to 'None'
[0.346s] Level 5:colcon.colcon_core.verb:set package 'imu_difference_plotter' build argument 'cmake_target_skip_unavailable' from command line to 'False'
[0.346s] Level 5:colcon.colcon_core.verb:set package 'imu_difference_plotter' build argument 'cmake_clean_cache' from command line to 'False'
[0.346s] Level 5:colcon.colcon_core.verb:set package 'imu_difference_plotter' build argument 'cmake_clean_first' from command line to 'False'
[0.346s] Level 5:colcon.colcon_core.verb:set package 'imu_difference_plotter' build argument 'cmake_force_configure' from command line to 'False'
[0.346s] Level 5:colcon.colcon_core.verb:set package 'imu_difference_plotter' build argument 'ament_cmake_args' from command line to 'None'
[0.346s] Level 5:colcon.colcon_core.verb:set package 'imu_difference_plotter' build argument 'catkin_cmake_args' from command line to 'None'
[0.346s] Level 5:colcon.colcon_core.verb:set package 'imu_difference_plotter' build argument 'catkin_skip_building_tests' from command line to 'False'
[0.346s] DEBUG:colcon.colcon_core.verb:Building package 'imu_difference_plotter' with the following arguments: {'ament_cmake_args': None, 'build_base': '/home/dave/Desktop/mmr_driverless/imu_fusion/build/imu_difference_plotter', 'catkin_cmake_args': None, 'catkin_skip_building_tests': False, 'cmake_args': None, 'cmake_clean_cache': False, 'cmake_clean_first': False, 'cmake_force_configure': False, 'cmake_target': None, 'cmake_target_skip_unavailable': False, 'install_base': '/home/dave/Desktop/mmr_driverless/imu_fusion/install/imu_difference_plotter', 'merge_install': False, 'path': '/home/dave/Desktop/mmr_driverless/imu_fusion/imu_difference_plotter', 'symlink_install': False, 'test_result_base': None}
[0.346s] INFO:colcon.colcon_core.executor:Executing jobs using 'parallel' executor
[0.347s] DEBUG:colcon.colcon_parallel_executor.executor.parallel:run_until_complete
[0.347s] INFO:colcon.colcon_ros.task.ament_cmake.build:Building ROS package in '/home/dave/Desktop/mmr_driverless/imu_fusion/fused_imu' with build type 'ament_cmake'
[0.348s] INFO:colcon.colcon_cmake.task.cmake.build:Building CMake package in '/home/dave/Desktop/mmr_driverless/imu_fusion/fused_imu'
[0.350s] INFO:colcon.colcon_core.plugin_system:Skipping extension 'colcon_core.shell.bat': Not used on non-Windows systems
[0.350s] INFO:colcon.colcon_core.shell:Skip shell extension 'powershell' for command environment: Not usable outside of PowerShell
[0.350s] DEBUG:colcon.colcon_core.shell:Skip shell extension 'dsv' for command environment
[0.355s] INFO:colcon.colcon_ros.task.ament_cmake.build:Building ROS package in '/home/dave/Desktop/mmr_driverless/imu_fusion/imu_difference_plotter' with build type 'ament_cmake'
[0.355s] INFO:colcon.colcon_cmake.task.cmake.build:Building CMake package in '/home/dave/Desktop/mmr_driverless/imu_fusion/imu_difference_plotter'
[0.355s] INFO:colcon.colcon_core.shell:Skip shell extension 'powershell' for command environment: Not usable outside of PowerShell
[0.355s] DEBUG:colcon.colcon_core.shell:Skip shell extension 'dsv' for command environment
[0.365s] DEBUG:colcon.colcon_core.event_handler.log_command:Invoking command in '/home/dave/Desktop/mmr_driverless/imu_fusion/build/fused_imu': CMAKE_PREFIX_PATH=${CMAKE_PREFIX_PATH}:/opt/ros/humble /usr/bin/cmake --build /home/dave/Desktop/mmr_driverless/imu_fusion/build/fused_imu -- -j8 -l8
[0.369s] DEBUG:colcon.colcon_core.event_handler.log_command:Invoking command in '/home/dave/Desktop/mmr_driverless/imu_fusion/build/imu_difference_plotter': CMAKE_PREFIX_PATH=${CMAKE_PREFIX_PATH}:/opt/ros/humble /usr/bin/cmake --build /home/dave/Desktop/mmr_driverless/imu_fusion/build/imu_difference_plotter -- -j8 -l8
[0.405s] DEBUG:colcon.colcon_core.event_handler.log_command:Invoked command in '/home/dave/Desktop/mmr_driverless/imu_fusion/build/imu_difference_plotter' returned '0': CMAKE_PREFIX_PATH=${CMAKE_PREFIX_PATH}:/opt/ros/humble /usr/bin/cmake --build /home/dave/Desktop/mmr_driverless/imu_fusion/build/imu_difference_plotter -- -j8 -l8
[0.436s] DEBUG:colcon.colcon_core.event_handler.log_command:Invoking command in '/home/dave/Desktop/mmr_driverless/imu_fusion/build/imu_difference_plotter': CMAKE_PREFIX_PATH=${CMAKE_PREFIX_PATH}:/opt/ros/humble /usr/bin/cmake --install /home/dave/Desktop/mmr_driverless/imu_fusion/build/imu_difference_plotter
[0.437s] DEBUG:colcon.colcon_core.event_handler.log_command:Invoked command in '/home/dave/Desktop/mmr_driverless/imu_fusion/build/fused_imu' returned '0': CMAKE_PREFIX_PATH=${CMAKE_PREFIX_PATH}:/opt/ros/humble /usr/bin/cmake --build /home/dave/Desktop/mmr_driverless/imu_fusion/build/fused_imu -- -j8 -l8
[0.444s] Level 1:colcon.colcon_core.environment:create_environment_scripts_only(imu_difference_plotter)
[0.445s] DEBUG:colcon.colcon_core.event_handler.log_command:Invoked command in '/home/dave/Desktop/mmr_driverless/imu_fusion/build/imu_difference_plotter' returned '0': CMAKE_PREFIX_PATH=${CMAKE_PREFIX_PATH}:/opt/ros/humble /usr/bin/cmake --install /home/dave/Desktop/mmr_driverless/imu_fusion/build/imu_difference_plotter
[0.447s] Level 1:colcon.colcon_core.environment:checking '/home/dave/Desktop/mmr_driverless/imu_fusion/install/imu_difference_plotter' for CMake module files
[0.447s] Level 1:colcon.colcon_core.environment:checking '/home/dave/Desktop/mmr_driverless/imu_fusion/install/imu_difference_plotter' for CMake config files
[0.448s] Level 1:colcon.colcon_core.shell:create_environment_hook('imu_difference_plotter', 'cmake_prefix_path')
[0.448s] INFO:colcon.colcon_core.shell:Creating environment hook '/home/dave/Desktop/mmr_driverless/imu_fusion/install/imu_difference_plotter/share/imu_difference_plotter/hook/cmake_prefix_path.ps1'
[0.449s] INFO:colcon.colcon_core.shell:Creating environment descriptor '/home/dave/Desktop/mmr_driverless/imu_fusion/install/imu_difference_plotter/share/imu_difference_plotter/hook/cmake_prefix_path.dsv'
[0.449s] INFO:colcon.colcon_core.shell:Creating environment hook '/home/dave/Desktop/mmr_driverless/imu_fusion/install/imu_difference_plotter/share/imu_difference_plotter/hook/cmake_prefix_path.sh'
[0.450s] Level 1:colcon.colcon_core.environment:checking '/home/dave/Desktop/mmr_driverless/imu_fusion/install/imu_difference_plotter/bin'
[0.450s] Level 1:colcon.colcon_core.environment:checking '/home/dave/Desktop/mmr_driverless/imu_fusion/install/imu_difference_plotter/lib/pkgconfig/imu_difference_plotter.pc'
[0.451s] Level 1:colcon.colcon_core.environment:checking '/home/dave/Desktop/mmr_driverless/imu_fusion/install/imu_difference_plotter/lib/python3.10/site-packages'
[0.451s] Level 1:colcon.colcon_core.environment:checking '/home/dave/Desktop/mmr_driverless/imu_fusion/install/imu_difference_plotter/bin'
[0.451s] INFO:colcon.colcon_core.shell:Creating package script '/home/dave/Desktop/mmr_driverless/imu_fusion/install/imu_difference_plotter/share/imu_difference_plotter/package.ps1'
[0.452s] INFO:colcon.colcon_core.shell:Creating package descriptor '/home/dave/Desktop/mmr_driverless/imu_fusion/install/imu_difference_plotter/share/imu_difference_plotter/package.dsv'
[0.452s] INFO:colcon.colcon_core.shell:Creating package script '/home/dave/Desktop/mmr_driverless/imu_fusion/install/imu_difference_plotter/share/imu_difference_plotter/package.sh'
[0.453s] INFO:colcon.colcon_core.shell:Creating package script '/home/dave/Desktop/mmr_driverless/imu_fusion/install/imu_difference_plotter/share/imu_difference_plotter/package.bash'
[0.454s] INFO:colcon.colcon_core.shell:Creating package script '/home/dave/Desktop/mmr_driverless/imu_fusion/install/imu_difference_plotter/share/imu_difference_plotter/package.zsh'
[0.454s] Level 1:colcon.colcon_core.environment:create_file_with_runtime_dependencies(/home/dave/Desktop/mmr_driverless/imu_fusion/install/imu_difference_plotter/share/colcon-core/packages/imu_difference_plotter)
[0.461s] DEBUG:colcon.colcon_core.event_handler.log_command:Invoking command in '/home/dave/Desktop/mmr_driverless/imu_fusion/build/fused_imu': CMAKE_PREFIX_PATH=${CMAKE_PREFIX_PATH}:/opt/ros/humble /usr/bin/cmake --install /home/dave/Desktop/mmr_driverless/imu_fusion/build/fused_imu
[0.471s] Level 1:colcon.colcon_core.environment:create_environment_scripts_only(fused_imu)
[0.471s] Level 1:colcon.colcon_core.environment:checking '/home/dave/Desktop/mmr_driverless/imu_fusion/install/fused_imu' for CMake module files
[0.472s] DEBUG:colcon.colcon_core.event_handler.log_command:Invoked command in '/home/dave/Desktop/mmr_driverless/imu_fusion/build/fused_imu' returned '0': CMAKE_PREFIX_PATH=${CMAKE_PREFIX_PATH}:/opt/ros/humble /usr/bin/cmake --install /home/dave/Desktop/mmr_driverless/imu_fusion/build/fused_imu
[0.473s] Level 1:colcon.colcon_core.environment:checking '/home/dave/Desktop/mmr_driverless/imu_fusion/install/fused_imu' for CMake config files
[0.473s] Level 1:colcon.colcon_core.shell:create_environment_hook('fused_imu', 'cmake_prefix_path')
[0.473s] INFO:colcon.colcon_core.shell:Creating environment hook '/home/dave/Desktop/mmr_driverless/imu_fusion/install/fused_imu/share/fused_imu/hook/cmake_prefix_path.ps1'
[0.474s] INFO:colcon.colcon_core.shell:Creating environment descriptor '/home/dave/Desktop/mmr_driverless/imu_fusion/install/fused_imu/share/fused_imu/hook/cmake_prefix_path.dsv'
[0.474s] INFO:colcon.colcon_core.shell:Creating environment hook '/home/dave/Desktop/mmr_driverless/imu_fusion/install/fused_imu/share/fused_imu/hook/cmake_prefix_path.sh'
[0.475s] Level 1:colcon.colcon_core.environment:checking '/home/dave/Desktop/mmr_driverless/imu_fusion/install/fused_imu/lib'
[0.475s] Level 1:colcon.colcon_core.environment:checking '/home/dave/Desktop/mmr_driverless/imu_fusion/install/fused_imu/bin'
[0.475s] Level 1:colcon.colcon_core.environment:checking '/home/dave/Desktop/mmr_driverless/imu_fusion/install/fused_imu/lib/pkgconfig/fused_imu.pc'
[0.475s] Level 1:colcon.colcon_core.environment:checking '/home/dave/Desktop/mmr_driverless/imu_fusion/install/fused_imu/lib/python3.10/site-packages'
[0.475s] Level 1:colcon.colcon_core.environment:checking '/home/dave/Desktop/mmr_driverless/imu_fusion/install/fused_imu/bin'
[0.476s] INFO:colcon.colcon_core.shell:Creating package script '/home/dave/Desktop/mmr_driverless/imu_fusion/install/fused_imu/share/fused_imu/package.ps1'
[0.476s] INFO:colcon.colcon_core.shell:Creating package descriptor '/home/dave/Desktop/mmr_driverless/imu_fusion/install/fused_imu/share/fused_imu/package.dsv'
[0.476s] INFO:colcon.colcon_core.shell:Creating package script '/home/dave/Desktop/mmr_driverless/imu_fusion/install/fused_imu/share/fused_imu/package.sh'
[0.477s] INFO:colcon.colcon_core.shell:Creating package script '/home/dave/Desktop/mmr_driverless/imu_fusion/install/fused_imu/share/fused_imu/package.bash'
[0.477s] INFO:colcon.colcon_core.shell:Creating package script '/home/dave/Desktop/mmr_driverless/imu_fusion/install/fused_imu/share/fused_imu/package.zsh'
[0.477s] Level 1:colcon.colcon_core.environment:create_file_with_runtime_dependencies(/home/dave/Desktop/mmr_driverless/imu_fusion/install/fused_imu/share/colcon-core/packages/fused_imu)
[0.479s] Level 1:colcon.colcon_core.environment:create_environment_scripts_only(imu_difference_plotter)
[0.479s] Level 1:colcon.colcon_core.environment:checking '/home/dave/Desktop/mmr_driverless/imu_fusion/install/imu_difference_plotter' for CMake module files
[0.479s] Level 1:colcon.colcon_core.environment:checking '/home/dave/Desktop/mmr_driverless/imu_fusion/install/imu_difference_plotter' for CMake config files
[0.480s] Level 1:colcon.colcon_core.shell:create_environment_hook('imu_difference_plotter', 'cmake_prefix_path')
[0.480s] INFO:colcon.colcon_core.shell:Creating environment hook '/home/dave/Desktop/mmr_driverless/imu_fusion/install/imu_difference_plotter/share/imu_difference_plotter/hook/cmake_prefix_path.ps1'
[0.480s] INFO:colcon.colcon_core.shell:Creating environment descriptor '/home/dave/Desktop/mmr_driverless/imu_fusion/install/imu_difference_plotter/share/imu_difference_plotter/hook/cmake_prefix_path.dsv'
[0.480s] INFO:colcon.colcon_core.shell:Creating environment hook '/home/dave/Desktop/mmr_driverless/imu_fusion/install/imu_difference_plotter/share/imu_difference_plotter/hook/cmake_prefix_path.sh'
[0.481s] Level 1:colcon.colcon_core.environment:checking '/home/dave/Desktop/mmr_driverless/imu_fusion/install/imu_difference_plotter/bin'
[0.481s] Level 1:colcon.colcon_core.environment:checking '/home/dave/Desktop/mmr_driverless/imu_fusion/install/imu_difference_plotter/lib/pkgconfig/imu_difference_plotter.pc'
[0.481s] Level 1:colcon.colcon_core.environment:checking '/home/dave/Desktop/mmr_driverless/imu_fusion/install/imu_difference_plotter/lib/python3.10/site-packages'
[0.482s] Level 1:colcon.colcon_core.environment:checking '/home/dave/Desktop/mmr_driverless/imu_fusion/install/imu_difference_plotter/bin'
[0.482s] INFO:colcon.colcon_core.shell:Creating package script '/home/dave/Desktop/mmr_driverless/imu_fusion/install/imu_difference_plotter/share/imu_difference_plotter/package.ps1'
[0.483s] INFO:colcon.colcon_core.shell:Creating package descriptor '/home/dave/Desktop/mmr_driverless/imu_fusion/install/imu_difference_plotter/share/imu_difference_plotter/package.dsv'
[0.483s] INFO:colcon.colcon_core.shell:Creating package script '/home/dave/Desktop/mmr_driverless/imu_fusion/install/imu_difference_plotter/share/imu_difference_plotter/package.sh'
[0.484s] INFO:colcon.colcon_core.shell:Creating package script '/home/dave/Desktop/mmr_driverless/imu_fusion/install/imu_difference_plotter/share/imu_difference_plotter/package.bash'
[0.484s] INFO:colcon.colcon_core.shell:Creating package script '/home/dave/Desktop/mmr_driverless/imu_fusion/install/imu_difference_plotter/share/imu_difference_plotter/package.zsh'
[0.485s] Level 1:colcon.colcon_core.environment:create_file_with_runtime_dependencies(/home/dave/Desktop/mmr_driverless/imu_fusion/install/imu_difference_plotter/share/colcon-core/packages/imu_difference_plotter)
[0.501s] Level 1:colcon.colcon_core.environment:create_environment_scripts_only(fused_imu)
[0.501s] Level 1:colcon.colcon_core.environment:checking '/home/dave/Desktop/mmr_driverless/imu_fusion/install/fused_imu' for CMake module files
[0.501s] Level 1:colcon.colcon_core.environment:checking '/home/dave/Desktop/mmr_driverless/imu_fusion/install/fused_imu' for CMake config files
[0.502s] Level 1:colcon.colcon_core.shell:create_environment_hook('fused_imu', 'cmake_prefix_path')
[0.502s] INFO:colcon.colcon_core.shell:Creating environment hook '/home/dave/Desktop/mmr_driverless/imu_fusion/install/fused_imu/share/fused_imu/hook/cmake_prefix_path.ps1'
[0.502s] INFO:colcon.colcon_core.shell:Creating environment descriptor '/home/dave/Desktop/mmr_driverless/imu_fusion/install/fused_imu/share/fused_imu/hook/cmake_prefix_path.dsv'
[0.502s] INFO:colcon.colcon_core.shell:Creating environment hook '/home/dave/Desktop/mmr_driverless/imu_fusion/install/fused_imu/share/fused_imu/hook/cmake_prefix_path.sh'
[0.503s] Level 1:colcon.colcon_core.environment:checking '/home/dave/Desktop/mmr_driverless/imu_fusion/install/fused_imu/lib'
[0.503s] Level 1:colcon.colcon_core.environment:checking '/home/dave/Desktop/mmr_driverless/imu_fusion/install/fused_imu/bin'
[0.503s] Level 1:colcon.colcon_core.environment:checking '/home/dave/Desktop/mmr_driverless/imu_fusion/install/fused_imu/lib/pkgconfig/fused_imu.pc'
[0.503s] Level 1:colcon.colcon_core.environment:checking '/home/dave/Desktop/mmr_driverless/imu_fusion/install/fused_imu/lib/python3.10/site-packages'
[0.503s] Level 1:colcon.colcon_core.environment:checking '/home/dave/Desktop/mmr_driverless/imu_fusion/install/fused_imu/bin'
[0.504s] INFO:colcon.colcon_core.shell:Creating package script '/home/dave/Desktop/mmr_driverless/imu_fusion/install/fused_imu/share/fused_imu/package.ps1'
[0.504s] INFO:colcon.colcon_core.shell:Creating package descriptor '/home/dave/Desktop/mmr_driverless/imu_fusion/install/fused_imu/share/fused_imu/package.dsv'
[0.505s] INFO:colcon.colcon_core.shell:Creating package script '/home/dave/Desktop/mmr_driverless/imu_fusion/install/fused_imu/share/fused_imu/package.sh'
[0.505s] INFO:colcon.colcon_core.shell:Creating package script '/home/dave/Desktop/mmr_driverless/imu_fusion/install/fused_imu/share/fused_imu/package.bash'
[0.505s] INFO:colcon.colcon_core.shell:Creating package script '/home/dave/Desktop/mmr_driverless/imu_fusion/install/fused_imu/share/fused_imu/package.zsh'
[0.506s] Level 1:colcon.colcon_core.environment:create_file_with_runtime_dependencies(/home/dave/Desktop/mmr_driverless/imu_fusion/install/fused_imu/share/colcon-core/packages/fused_imu)
[0.506s] DEBUG:colcon.colcon_parallel_executor.executor.parallel:closing loop
[0.506s] DEBUG:colcon.colcon_parallel_executor.executor.parallel:loop closed
[0.506s] DEBUG:colcon.colcon_parallel_executor.executor.parallel:run_until_complete finished with '0'
[0.506s] DEBUG:colcon.colcon_core.event_reactor:joining thread
[0.512s] INFO:colcon.colcon_core.plugin_system:Skipping extension 'colcon_notification.desktop_notification.terminal_notifier': Not used on non-Darwin systems
[0.512s] INFO:colcon.colcon_core.plugin_system:Skipping extension 'colcon_notification.desktop_notification.win32': Not used on non-Windows systems
[0.512s] INFO:colcon.colcon_notification.desktop_notification:Sending desktop notification using 'notify2'
[0.524s] DEBUG:colcon.colcon_core.event_reactor:joined thread
[0.524s] INFO:colcon.colcon_core.shell:Creating prefix script '/home/dave/Desktop/mmr_driverless/imu_fusion/install/local_setup.ps1'
[0.525s] INFO:colcon.colcon_core.shell:Creating prefix util module '/home/dave/Desktop/mmr_driverless/imu_fusion/install/_local_setup_util_ps1.py'
[0.527s] INFO:colcon.colcon_core.shell:Creating prefix chain script '/home/dave/Desktop/mmr_driverless/imu_fusion/install/setup.ps1'
[0.527s] INFO:colcon.colcon_core.shell:Creating prefix script '/home/dave/Desktop/mmr_driverless/imu_fusion/install/local_setup.sh'
[0.528s] INFO:colcon.colcon_core.shell:Creating prefix util module '/home/dave/Desktop/mmr_driverless/imu_fusion/install/_local_setup_util_sh.py'
[0.529s] INFO:colcon.colcon_core.shell:Creating prefix chain script '/home/dave/Desktop/mmr_driverless/imu_fusion/install/setup.sh'
[0.530s] INFO:colcon.colcon_core.shell:Creating prefix script '/home/dave/Desktop/mmr_driverless/imu_fusion/install/local_setup.bash'
[0.530s] INFO:colcon.colcon_core.shell:Creating prefix chain script '/home/dave/Desktop/mmr_driverless/imu_fusion/install/setup.bash'
[0.531s] INFO:colcon.colcon_core.shell:Creating prefix script '/home/dave/Desktop/mmr_driverless/imu_fusion/install/local_setup.zsh'
[0.532s] INFO:colcon.colcon_core.shell:Creating prefix chain script '/home/dave/Desktop/mmr_driverless/imu_fusion/install/setup.zsh'
