[0.017s] Invoking command in '/home/dave/Desktop/mmr_driverless/imu_fusion/build/fused_imu': CMAKE_PREFIX_PATH=${CMAKE_PREFIX_PATH}:/opt/ros/humble /usr/bin/cmake --build /home/dave/Desktop/mmr_driverless/imu_fusion/build/fused_imu -- -j8 -l8
[0.087s] [35m[1mConsolidate compiler generated dependencies of target fused_imu_node[0m
[0.126s] [ 50%] [32mBuilding CXX object CMakeFiles/fused_imu_node.dir/src/main.cpp.o[0m
[9.356s] [100%] [32m[1mLinking CXX executable fused_imu_node[0m
[9.916s] [100%] Built target fused_imu_node
[9.933s] Invoked command in '/home/dave/Desktop/mmr_driverless/imu_fusion/build/fused_imu' returned '0': CMAKE_PREFIX_PATH=${CMAKE_PREFIX_PATH}:/opt/ros/humble /usr/bin/cmake --build /home/dave/Desktop/mmr_driverless/imu_fusion/build/fused_imu -- -j8 -l8
[9.959s] Invoking command in '/home/dave/Desktop/mmr_driverless/imu_fusion/build/fused_imu': CMAKE_PREFIX_PATH=${CMAKE_PREFIX_PATH}:/opt/ros/humble /usr/bin/cmake --install /home/dave/Desktop/mmr_driverless/imu_fusion/build/fused_imu
[9.968s] -- Install configuration: ""
[9.968s] -- Installing: /home/dave/Desktop/mmr_driverless/imu_fusion/install/fused_imu/lib/fused_imu/fused_imu_node
[9.974s] -- Set runtime path of "/home/dave/Desktop/mmr_driverless/imu_fusion/install/fused_imu/lib/fused_imu/fused_imu_node" to ""
[9.974s] -- Up-to-date: /home/dave/Desktop/mmr_driverless/imu_fusion/install/fused_imu/share/ament_index/resource_index/package_run_dependencies/fused_imu
[9.974s] -- Up-to-date: /home/dave/Desktop/mmr_driverless/imu_fusion/install/fused_imu/share/ament_index/resource_index/parent_prefix_path/fused_imu
[9.974s] -- Up-to-date: /home/dave/Desktop/mmr_driverless/imu_fusion/install/fused_imu/share/fused_imu/environment/ament_prefix_path.sh
[9.974s] -- Up-to-date: /home/dave/Desktop/mmr_driverless/imu_fusion/install/fused_imu/share/fused_imu/environment/ament_prefix_path.dsv
[9.974s] -- Up-to-date: /home/dave/Desktop/mmr_driverless/imu_fusion/install/fused_imu/share/fused_imu/environment/path.sh
[9.974s] -- Up-to-date: /home/dave/Desktop/mmr_driverless/imu_fusion/install/fused_imu/share/fused_imu/environment/path.dsv
[9.975s] -- Up-to-date: /home/dave/Desktop/mmr_driverless/imu_fusion/install/fused_imu/share/fused_imu/local_setup.bash
[9.975s] -- Up-to-date: /home/dave/Desktop/mmr_driverless/imu_fusion/install/fused_imu/share/fused_imu/local_setup.sh
[9.975s] -- Up-to-date: /home/dave/Desktop/mmr_driverless/imu_fusion/install/fused_imu/share/fused_imu/local_setup.zsh
[9.975s] -- Up-to-date: /home/dave/Desktop/mmr_driverless/imu_fusion/install/fused_imu/share/fused_imu/local_setup.dsv
[9.975s] -- Installing: /home/dave/Desktop/mmr_driverless/imu_fusion/install/fused_imu/share/fused_imu/package.dsv
[9.975s] -- Up-to-date: /home/dave/Desktop/mmr_driverless/imu_fusion/install/fused_imu/share/ament_index/resource_index/packages/fused_imu
[9.975s] -- Up-to-date: /home/dave/Desktop/mmr_driverless/imu_fusion/install/fused_imu/share/fused_imu/cmake/fused_imuConfig.cmake
[9.975s] -- Up-to-date: /home/dave/Desktop/mmr_driverless/imu_fusion/install/fused_imu/share/fused_imu/cmake/fused_imuConfig-version.cmake
[9.975s] -- Up-to-date: /home/dave/Desktop/mmr_driverless/imu_fusion/install/fused_imu/share/fused_imu/package.xml
[9.978s] Invoked command in '/home/dave/Desktop/mmr_driverless/imu_fusion/build/fused_imu' returned '0': CMAKE_PREFIX_PATH=${CMAKE_PREFIX_PATH}:/opt/ros/humble /usr/bin/cmake --install /home/dave/Desktop/mmr_driverless/imu_fusion/build/fused_imu
