[0.093s] DEBUG:colcon:Command line arguments: ['/usr/bin/colcon', 'build']
[0.093s] DEBUG:colcon:Parsed command line arguments: Namespace(log_base=None, log_level=None, verb_name='build', build_base='build', install_base='install', merge_install=False, symlink_install=False, test_result_base=None, continue_on_error=False, executor='parallel', parallel_workers=8, event_handlers=None, ignore_user_meta=False, metas=['./colcon.meta'], base_paths=['.'], packages_ignore=None, packages_ignore_regex=None, paths=None, packages_up_to=None, packages_up_to_regex=None, packages_above=None, packages_above_and_dependencies=None, packages_above_depth=None, packages_select_by_dep=None, packages_skip_by_dep=None, packages_skip_up_to=None, packages_select_build_failed=False, packages_skip_build_finished=False, packages_select_test_failures=False, packages_skip_test_passed=False, packages_select=None, packages_skip=None, packages_select_regex=None, packages_skip_regex=None, packages_start=None, packages_end=None, allow_overriding=[], cmake_args=None, cmake_target=None, cmake_target_skip_unavailable=False, cmake_clean_cache=False, cmake_clean_first=False, cmake_force_configure=False, ament_cmake_args=None, catkin_cmake_args=None, catkin_skip_building_tests=False, verb_parser=<colcon_defaults.argument_parser.defaults.DefaultArgumentsDecorator object at 0x757a0ece2ce0>, verb_extension=<colcon_core.verb.build.BuildVerb object at 0x757a0edcf940>, main=<bound method BuildVerb.main of <colcon_core.verb.build.BuildVerb object at 0x757a0edcf940>>)
[0.249s] Level 1:colcon.colcon_core.package_discovery:discover_packages(colcon_meta) check parameters
[0.250s] Level 1:colcon.colcon_core.package_discovery:discover_packages(recursive) check parameters
[0.250s] Level 1:colcon.colcon_core.package_discovery:discover_packages(ignore) check parameters
[0.250s] Level 1:colcon.colcon_core.package_discovery:discover_packages(path) check parameters
[0.250s] Level 1:colcon.colcon_core.package_discovery:discover_packages(colcon_meta) discover
[0.250s] Level 1:colcon.colcon_core.package_discovery:discover_packages(recursive) discover
[0.250s] INFO:colcon.colcon_core.package_discovery:Crawling recursively for packages in '/home/dave/Desktop/mmr_driverless/imu_difference_plotter'
[0.250s] Level 1:colcon.colcon_core.package_identification:_identify(.) by extensions ['ignore', 'ignore_ament_install']
[0.250s] Level 1:colcon.colcon_core.package_identification:_identify(.) by extension 'ignore'
[0.250s] Level 1:colcon.colcon_core.package_identification:_identify(.) by extension 'ignore_ament_install'
[0.250s] Level 1:colcon.colcon_core.package_identification:_identify(.) by extensions ['colcon_pkg']
[0.250s] Level 1:colcon.colcon_core.package_identification:_identify(.) by extension 'colcon_pkg'
[0.250s] Level 1:colcon.colcon_core.package_identification:_identify(.) by extensions ['colcon_meta']
[0.250s] Level 1:colcon.colcon_core.package_identification:_identify(.) by extension 'colcon_meta'
[0.250s] Level 1:colcon.colcon_core.package_identification:_identify(.) by extensions ['ros']
[0.250s] Level 1:colcon.colcon_core.package_identification:_identify(.) by extension 'ros'
[0.262s] DEBUG:colcon.colcon_core.package_identification:Package '.' with type 'ros.ament_cmake' and name 'imu_difference_plotter'
[0.262s] Level 1:colcon.colcon_core.package_discovery:discover_packages(recursive) using defaults
[0.262s] Level 1:colcon.colcon_core.package_discovery:discover_packages(ignore) discover
[0.262s] Level 1:colcon.colcon_core.package_discovery:discover_packages(ignore) using defaults
[0.262s] Level 1:colcon.colcon_core.package_discovery:discover_packages(path) discover
[0.262s] Level 1:colcon.colcon_core.package_discovery:discover_packages(path) using defaults
[0.279s] Level 1:colcon.colcon_core.package_discovery:discover_packages(prefix_path) check parameters
[0.280s] Level 1:colcon.colcon_core.package_discovery:discover_packages(prefix_path) discover
[0.289s] DEBUG:colcon.colcon_installed_package_information.package_discovery:Found 1 installed packages in /home/dave/Desktop/mmr_driverless/imu_difference_plotter/install
[0.290s] DEBUG:colcon.colcon_installed_package_information.package_discovery:Found 297 installed packages in /opt/ros/humble
[0.291s] Level 1:colcon.colcon_core.package_discovery:discover_packages(prefix_path) using defaults
[0.328s] Level 5:colcon.colcon_core.verb:set package 'imu_difference_plotter' build argument 'cmake_args' from command line to 'None'
[0.328s] Level 5:colcon.colcon_core.verb:set package 'imu_difference_plotter' build argument 'cmake_target' from command line to 'None'
[0.328s] Level 5:colcon.colcon_core.verb:set package 'imu_difference_plotter' build argument 'cmake_target_skip_unavailable' from command line to 'False'
[0.328s] Level 5:colcon.colcon_core.verb:set package 'imu_difference_plotter' build argument 'cmake_clean_cache' from command line to 'False'
[0.328s] Level 5:colcon.colcon_core.verb:set package 'imu_difference_plotter' build argument 'cmake_clean_first' from command line to 'False'
[0.328s] Level 5:colcon.colcon_core.verb:set package 'imu_difference_plotter' build argument 'cmake_force_configure' from command line to 'False'
[0.328s] Level 5:colcon.colcon_core.verb:set package 'imu_difference_plotter' build argument 'ament_cmake_args' from command line to 'None'
[0.328s] Level 5:colcon.colcon_core.verb:set package 'imu_difference_plotter' build argument 'catkin_cmake_args' from command line to 'None'
[0.328s] Level 5:colcon.colcon_core.verb:set package 'imu_difference_plotter' build argument 'catkin_skip_building_tests' from command line to 'False'
[0.328s] DEBUG:colcon.colcon_core.verb:Building package 'imu_difference_plotter' with the following arguments: {'ament_cmake_args': None, 'build_base': '/home/dave/Desktop/mmr_driverless/imu_difference_plotter/build/imu_difference_plotter', 'catkin_cmake_args': None, 'catkin_skip_building_tests': False, 'cmake_args': None, 'cmake_clean_cache': False, 'cmake_clean_first': False, 'cmake_force_configure': False, 'cmake_target': None, 'cmake_target_skip_unavailable': False, 'install_base': '/home/dave/Desktop/mmr_driverless/imu_difference_plotter/install/imu_difference_plotter', 'merge_install': False, 'path': '/home/dave/Desktop/mmr_driverless/imu_difference_plotter', 'symlink_install': False, 'test_result_base': None}
[0.328s] INFO:colcon.colcon_core.executor:Executing jobs using 'parallel' executor
[0.329s] DEBUG:colcon.colcon_parallel_executor.executor.parallel:run_until_complete
[0.329s] INFO:colcon.colcon_ros.task.ament_cmake.build:Building ROS package in '/home/dave/Desktop/mmr_driverless/imu_difference_plotter' with build type 'ament_cmake'
[0.330s] INFO:colcon.colcon_cmake.task.cmake.build:Building CMake package in '/home/dave/Desktop/mmr_driverless/imu_difference_plotter'
[0.331s] INFO:colcon.colcon_core.plugin_system:Skipping extension 'colcon_core.shell.bat': Not used on non-Windows systems
[0.332s] INFO:colcon.colcon_core.shell:Skip shell extension 'powershell' for command environment: Not usable outside of PowerShell
[0.332s] DEBUG:colcon.colcon_core.shell:Skip shell extension 'dsv' for command environment
[0.340s] DEBUG:colcon.colcon_core.event_handler.log_command:Invoking command in '/home/dave/Desktop/mmr_driverless/imu_difference_plotter/build/imu_difference_plotter': CMAKE_PREFIX_PATH=${CMAKE_PREFIX_PATH}:/opt/ros/humble /usr/bin/cmake --build /home/dave/Desktop/mmr_driverless/imu_difference_plotter/build/imu_difference_plotter -- -j8 -l8
[0.378s] DEBUG:colcon.colcon_core.event_handler.log_command:Invoked command in '/home/dave/Desktop/mmr_driverless/imu_difference_plotter/build/imu_difference_plotter' returned '0': CMAKE_PREFIX_PATH=${CMAKE_PREFIX_PATH}:/opt/ros/humble /usr/bin/cmake --build /home/dave/Desktop/mmr_driverless/imu_difference_plotter/build/imu_difference_plotter -- -j8 -l8
[0.408s] DEBUG:colcon.colcon_core.event_handler.log_command:Invoking command in '/home/dave/Desktop/mmr_driverless/imu_difference_plotter/build/imu_difference_plotter': CMAKE_PREFIX_PATH=${CMAKE_PREFIX_PATH}:/opt/ros/humble /usr/bin/cmake --install /home/dave/Desktop/mmr_driverless/imu_difference_plotter/build/imu_difference_plotter
[0.417s] Level 1:colcon.colcon_core.environment:create_environment_scripts_only(imu_difference_plotter)
[0.418s] DEBUG:colcon.colcon_core.event_handler.log_command:Invoked command in '/home/dave/Desktop/mmr_driverless/imu_difference_plotter/build/imu_difference_plotter' returned '0': CMAKE_PREFIX_PATH=${CMAKE_PREFIX_PATH}:/opt/ros/humble /usr/bin/cmake --install /home/dave/Desktop/mmr_driverless/imu_difference_plotter/build/imu_difference_plotter
[0.420s] Level 1:colcon.colcon_core.environment:checking '/home/dave/Desktop/mmr_driverless/imu_difference_plotter/install/imu_difference_plotter' for CMake module files
[0.420s] Level 1:colcon.colcon_core.environment:checking '/home/dave/Desktop/mmr_driverless/imu_difference_plotter/install/imu_difference_plotter' for CMake config files
[0.421s] Level 1:colcon.colcon_core.shell:create_environment_hook('imu_difference_plotter', 'cmake_prefix_path')
[0.421s] INFO:colcon.colcon_core.shell:Creating environment hook '/home/dave/Desktop/mmr_driverless/imu_difference_plotter/install/imu_difference_plotter/share/imu_difference_plotter/hook/cmake_prefix_path.ps1'
[0.421s] INFO:colcon.colcon_core.shell:Creating environment descriptor '/home/dave/Desktop/mmr_driverless/imu_difference_plotter/install/imu_difference_plotter/share/imu_difference_plotter/hook/cmake_prefix_path.dsv'
[0.422s] INFO:colcon.colcon_core.shell:Creating environment hook '/home/dave/Desktop/mmr_driverless/imu_difference_plotter/install/imu_difference_plotter/share/imu_difference_plotter/hook/cmake_prefix_path.sh'
[0.423s] Level 1:colcon.colcon_core.environment:checking '/home/dave/Desktop/mmr_driverless/imu_difference_plotter/install/imu_difference_plotter/bin'
[0.423s] Level 1:colcon.colcon_core.environment:checking '/home/dave/Desktop/mmr_driverless/imu_difference_plotter/install/imu_difference_plotter/lib/pkgconfig/imu_difference_plotter.pc'
[0.423s] Level 1:colcon.colcon_core.environment:checking '/home/dave/Desktop/mmr_driverless/imu_difference_plotter/install/imu_difference_plotter/lib/python3.10/site-packages'
[0.423s] Level 1:colcon.colcon_core.environment:checking '/home/dave/Desktop/mmr_driverless/imu_difference_plotter/install/imu_difference_plotter/bin'
[0.423s] INFO:colcon.colcon_core.shell:Creating package script '/home/dave/Desktop/mmr_driverless/imu_difference_plotter/install/imu_difference_plotter/share/imu_difference_plotter/package.ps1'
[0.424s] INFO:colcon.colcon_core.shell:Creating package descriptor '/home/dave/Desktop/mmr_driverless/imu_difference_plotter/install/imu_difference_plotter/share/imu_difference_plotter/package.dsv'
[0.424s] INFO:colcon.colcon_core.shell:Creating package script '/home/dave/Desktop/mmr_driverless/imu_difference_plotter/install/imu_difference_plotter/share/imu_difference_plotter/package.sh'
[0.425s] INFO:colcon.colcon_core.shell:Creating package script '/home/dave/Desktop/mmr_driverless/imu_difference_plotter/install/imu_difference_plotter/share/imu_difference_plotter/package.bash'
[0.426s] INFO:colcon.colcon_core.shell:Creating package script '/home/dave/Desktop/mmr_driverless/imu_difference_plotter/install/imu_difference_plotter/share/imu_difference_plotter/package.zsh'
[0.426s] Level 1:colcon.colcon_core.environment:create_file_with_runtime_dependencies(/home/dave/Desktop/mmr_driverless/imu_difference_plotter/install/imu_difference_plotter/share/colcon-core/packages/imu_difference_plotter)
[0.446s] Level 1:colcon.colcon_core.environment:create_environment_scripts_only(imu_difference_plotter)
[0.446s] Level 1:colcon.colcon_core.environment:checking '/home/dave/Desktop/mmr_driverless/imu_difference_plotter/install/imu_difference_plotter' for CMake module files
[0.446s] Level 1:colcon.colcon_core.environment:checking '/home/dave/Desktop/mmr_driverless/imu_difference_plotter/install/imu_difference_plotter' for CMake config files
[0.447s] Level 1:colcon.colcon_core.shell:create_environment_hook('imu_difference_plotter', 'cmake_prefix_path')
[0.447s] INFO:colcon.colcon_core.shell:Creating environment hook '/home/dave/Desktop/mmr_driverless/imu_difference_plotter/install/imu_difference_plotter/share/imu_difference_plotter/hook/cmake_prefix_path.ps1'
[0.447s] INFO:colcon.colcon_core.shell:Creating environment descriptor '/home/dave/Desktop/mmr_driverless/imu_difference_plotter/install/imu_difference_plotter/share/imu_difference_plotter/hook/cmake_prefix_path.dsv'
[0.448s] INFO:colcon.colcon_core.shell:Creating environment hook '/home/dave/Desktop/mmr_driverless/imu_difference_plotter/install/imu_difference_plotter/share/imu_difference_plotter/hook/cmake_prefix_path.sh'
[0.448s] Level 1:colcon.colcon_core.environment:checking '/home/dave/Desktop/mmr_driverless/imu_difference_plotter/install/imu_difference_plotter/bin'
[0.448s] Level 1:colcon.colcon_core.environment:checking '/home/dave/Desktop/mmr_driverless/imu_difference_plotter/install/imu_difference_plotter/lib/pkgconfig/imu_difference_plotter.pc'
[0.449s] Level 1:colcon.colcon_core.environment:checking '/home/dave/Desktop/mmr_driverless/imu_difference_plotter/install/imu_difference_plotter/lib/python3.10/site-packages'
[0.449s] Level 1:colcon.colcon_core.environment:checking '/home/dave/Desktop/mmr_driverless/imu_difference_plotter/install/imu_difference_plotter/bin'
[0.449s] INFO:colcon.colcon_core.shell:Creating package script '/home/dave/Desktop/mmr_driverless/imu_difference_plotter/install/imu_difference_plotter/share/imu_difference_plotter/package.ps1'
[0.450s] INFO:colcon.colcon_core.shell:Creating package descriptor '/home/dave/Desktop/mmr_driverless/imu_difference_plotter/install/imu_difference_plotter/share/imu_difference_plotter/package.dsv'
[0.450s] INFO:colcon.colcon_core.shell:Creating package script '/home/dave/Desktop/mmr_driverless/imu_difference_plotter/install/imu_difference_plotter/share/imu_difference_plotter/package.sh'
[0.450s] INFO:colcon.colcon_core.shell:Creating package script '/home/dave/Desktop/mmr_driverless/imu_difference_plotter/install/imu_difference_plotter/share/imu_difference_plotter/package.bash'
[0.451s] INFO:colcon.colcon_core.shell:Creating package script '/home/dave/Desktop/mmr_driverless/imu_difference_plotter/install/imu_difference_plotter/share/imu_difference_plotter/package.zsh'
[0.451s] Level 1:colcon.colcon_core.environment:create_file_with_runtime_dependencies(/home/dave/Desktop/mmr_driverless/imu_difference_plotter/install/imu_difference_plotter/share/colcon-core/packages/imu_difference_plotter)
[0.451s] DEBUG:colcon.colcon_parallel_executor.executor.parallel:closing loop
[0.452s] DEBUG:colcon.colcon_parallel_executor.executor.parallel:loop closed
[0.452s] DEBUG:colcon.colcon_parallel_executor.executor.parallel:run_until_complete finished with '0'
[0.452s] DEBUG:colcon.colcon_core.event_reactor:joining thread
[0.457s] INFO:colcon.colcon_core.plugin_system:Skipping extension 'colcon_notification.desktop_notification.terminal_notifier': Not used on non-Darwin systems
[0.457s] INFO:colcon.colcon_core.plugin_system:Skipping extension 'colcon_notification.desktop_notification.win32': Not used on non-Windows systems
[0.457s] INFO:colcon.colcon_notification.desktop_notification:Sending desktop notification using 'notify2'
[0.466s] DEBUG:colcon.colcon_core.event_reactor:joined thread
[0.466s] INFO:colcon.colcon_core.shell:Creating prefix script '/home/dave/Desktop/mmr_driverless/imu_difference_plotter/install/local_setup.ps1'
[0.467s] INFO:colcon.colcon_core.shell:Creating prefix util module '/home/dave/Desktop/mmr_driverless/imu_difference_plotter/install/_local_setup_util_ps1.py'
[0.469s] INFO:colcon.colcon_core.shell:Creating prefix chain script '/home/dave/Desktop/mmr_driverless/imu_difference_plotter/install/setup.ps1'
[0.469s] INFO:colcon.colcon_core.shell:Creating prefix script '/home/dave/Desktop/mmr_driverless/imu_difference_plotter/install/local_setup.sh'
[0.470s] INFO:colcon.colcon_core.shell:Creating prefix util module '/home/dave/Desktop/mmr_driverless/imu_difference_plotter/install/_local_setup_util_sh.py'
[0.471s] INFO:colcon.colcon_core.shell:Creating prefix chain script '/home/dave/Desktop/mmr_driverless/imu_difference_plotter/install/setup.sh'
[0.471s] INFO:colcon.colcon_core.shell:Creating prefix script '/home/dave/Desktop/mmr_driverless/imu_difference_plotter/install/local_setup.bash'
[0.472s] INFO:colcon.colcon_core.shell:Creating prefix chain script '/home/dave/Desktop/mmr_driverless/imu_difference_plotter/install/setup.bash'
[0.473s] INFO:colcon.colcon_core.shell:Creating prefix script '/home/dave/Desktop/mmr_driverless/imu_difference_plotter/install/local_setup.zsh'
[0.473s] INFO:colcon.colcon_core.shell:Creating prefix chain script '/home/dave/Desktop/mmr_driverless/imu_difference_plotter/install/setup.zsh'
