[0.018s] Invoking command in '/home/dave/Desktop/mmr_driverless/imu_fusion/build/imu_difference_plotter': CMAKE_PREFIX_PATH=${CMAKE_PREFIX_PATH}:/opt/ros/humble /usr/bin/cmake --build /home/dave/Desktop/mmr_driverless/imu_fusion/build/imu_difference_plotter -- -j8 -l8
[0.080s] Invoked command in '/home/dave/Desktop/mmr_driverless/imu_fusion/build/imu_difference_plotter' returned '0': CMAKE_PREFIX_PATH=${CMAKE_PREFIX_PATH}:/opt/ros/humble /usr/bin/cmake --build /home/dave/Desktop/mmr_driverless/imu_fusion/build/imu_difference_plotter -- -j8 -l8
[0.111s] Invoking command in '/home/dave/Desktop/mmr_driverless/imu_fusion/build/imu_difference_plotter': CMAKE_PREFIX_PATH=${CMAKE_PREFIX_PATH}:/opt/ros/humble /usr/bin/cmake --install /home/dave/Desktop/mmr_driverless/imu_fusion/build/imu_difference_plotter
[0.119s] -- Install configuration: ""
[0.120s] -- Up-to-date: /home/dave/Desktop/mmr_driverless/imu_fusion/install/imu_difference_plotter/share/ament_index/resource_index/package_run_dependencies/imu_difference_plotter
[0.120s] -- Up-to-date: /home/dave/Desktop/mmr_driverless/imu_fusion/install/imu_difference_plotter/share/ament_index/resource_index/parent_prefix_path/imu_difference_plotter
[0.120s] -- Up-to-date: /home/dave/Desktop/mmr_driverless/imu_fusion/install/imu_difference_plotter/share/imu_difference_plotter/environment/ament_prefix_path.sh
[0.120s] -- Up-to-date: /home/dave/Desktop/mmr_driverless/imu_fusion/install/imu_difference_plotter/share/imu_difference_plotter/environment/ament_prefix_path.dsv
[0.120s] -- Up-to-date: /home/dave/Desktop/mmr_driverless/imu_fusion/install/imu_difference_plotter/share/imu_difference_plotter/environment/path.sh
[0.120s] -- Up-to-date: /home/dave/Desktop/mmr_driverless/imu_fusion/install/imu_difference_plotter/share/imu_difference_plotter/environment/path.dsv
[0.121s] -- Up-to-date: /home/dave/Desktop/mmr_driverless/imu_fusion/install/imu_difference_plotter/share/imu_difference_plotter/local_setup.bash
[0.121s] -- Up-to-date: /home/dave/Desktop/mmr_driverless/imu_fusion/install/imu_difference_plotter/share/imu_difference_plotter/local_setup.sh
[0.121s] -- Up-to-date: /home/dave/Desktop/mmr_driverless/imu_fusion/install/imu_difference_plotter/share/imu_difference_plotter/local_setup.zsh
[0.121s] -- Up-to-date: /home/dave/Desktop/mmr_driverless/imu_fusion/install/imu_difference_plotter/share/imu_difference_plotter/local_setup.dsv
[0.121s] -- Installing: /home/dave/Desktop/mmr_driverless/imu_fusion/install/imu_difference_plotter/share/imu_difference_plotter/package.dsv
[0.121s] -- Up-to-date: /home/dave/Desktop/mmr_driverless/imu_fusion/install/imu_difference_plotter/share/ament_index/resource_index/packages/imu_difference_plotter
[0.121s] -- Up-to-date: /home/dave/Desktop/mmr_driverless/imu_fusion/install/imu_difference_plotter/share/imu_difference_plotter/cmake/imu_difference_plotterConfig.cmake
[0.121s] -- Up-to-date: /home/dave/Desktop/mmr_driverless/imu_fusion/install/imu_difference_plotter/share/imu_difference_plotter/cmake/imu_difference_plotterConfig-version.cmake
[0.122s] -- Up-to-date: /home/dave/Desktop/mmr_driverless/imu_fusion/install/imu_difference_plotter/share/imu_difference_plotter/package.xml
[0.124s] Invoked command in '/home/dave/Desktop/mmr_driverless/imu_fusion/build/imu_difference_plotter' returned '0': CMAKE_PREFIX_PATH=${CMAKE_PREFIX_PATH}:/opt/ros/humble /usr/bin/cmake --install /home/dave/Desktop/mmr_driverless/imu_fusion/build/imu_difference_plotter
