[0.012s] Invoking command in '/home/dave/Desktop/mmr_driverless/fused_imu/build/fused_imu': CMAKE_PREFIX_PATH=${CMAKE_PREFIX_PATH}:/opt/ros/humble /usr/bin/cmake --build /home/dave/Desktop/mmr_driverless/fused_imu/build/fused_imu -- -j8 -l8
[0.075s] [ 50%] [32mBuilding CXX object CMakeFiles/fused_imu_node.dir/src/main.cpp.o[0m
[8.133s] [100%] [32m[1mLinking CXX executable fused_imu_node[0m
[8.565s] [100%] Built target fused_imu_node
[8.576s] Invoked command in '/home/dave/Desktop/mmr_driverless/fused_imu/build/fused_imu' returned '0': CMAKE_PREFIX_PATH=${CMAKE_PREFIX_PATH}:/opt/ros/humble /usr/bin/cmake --build /home/dave/Desktop/mmr_driverless/fused_imu/build/fused_imu -- -j8 -l8
[8.612s] Invoking command in '/home/dave/Desktop/mmr_driverless/fused_imu/build/fused_imu': CMAKE_PREFIX_PATH=${CMAKE_PREFIX_PATH}:/opt/ros/humble /usr/bin/cmake --install /home/dave/Desktop/mmr_driverless/fused_imu/build/fused_imu
[8.619s] -- Install configuration: ""
[8.619s] -- Installing: /home/dave/Desktop/mmr_driverless/fused_imu/install/fused_imu/lib/fused_imu/fused_imu_node
[8.624s] -- Set runtime path of "/home/dave/Desktop/mmr_driverless/fused_imu/install/fused_imu/lib/fused_imu/fused_imu_node" to ""
[8.625s] -- Up-to-date: /home/dave/Desktop/mmr_driverless/fused_imu/install/fused_imu/share/ament_index/resource_index/package_run_dependencies/fused_imu
[8.625s] -- Up-to-date: /home/dave/Desktop/mmr_driverless/fused_imu/install/fused_imu/share/ament_index/resource_index/parent_prefix_path/fused_imu
[8.625s] -- Up-to-date: /home/dave/Desktop/mmr_driverless/fused_imu/install/fused_imu/share/fused_imu/environment/ament_prefix_path.sh
[8.625s] -- Up-to-date: /home/dave/Desktop/mmr_driverless/fused_imu/install/fused_imu/share/fused_imu/environment/ament_prefix_path.dsv
[8.625s] -- Up-to-date: /home/dave/Desktop/mmr_driverless/fused_imu/install/fused_imu/share/fused_imu/environment/path.sh
[8.626s] -- Up-to-date: /home/dave/Desktop/mmr_driverless/fused_imu/install/fused_imu/share/fused_imu/environment/path.dsv
[8.626s] -- Up-to-date: /home/dave/Desktop/mmr_driverless/fused_imu/install/fused_imu/share/fused_imu/local_setup.bash
[8.626s] -- Up-to-date: /home/dave/Desktop/mmr_driverless/fused_imu/install/fused_imu/share/fused_imu/local_setup.sh
[8.626s] -- Up-to-date: /home/dave/Desktop/mmr_driverless/fused_imu/install/fused_imu/share/fused_imu/local_setup.zsh
[8.626s] -- Up-to-date: /home/dave/Desktop/mmr_driverless/fused_imu/install/fused_imu/share/fused_imu/local_setup.dsv
[8.626s] -- Installing: /home/dave/Desktop/mmr_driverless/fused_imu/install/fused_imu/share/fused_imu/package.dsv
[8.626s] -- Up-to-date: /home/dave/Desktop/mmr_driverless/fused_imu/install/fused_imu/share/ament_index/resource_index/packages/fused_imu
[8.627s] -- Up-to-date: /home/dave/Desktop/mmr_driverless/fused_imu/install/fused_imu/share/fused_imu/cmake/fused_imuConfig.cmake
[8.627s] -- Up-to-date: /home/dave/Desktop/mmr_driverless/fused_imu/install/fused_imu/share/fused_imu/cmake/fused_imuConfig-version.cmake
[8.627s] -- Up-to-date: /home/dave/Desktop/mmr_driverless/fused_imu/install/fused_imu/share/fused_imu/package.xml
[8.628s] Invoked command in '/home/dave/Desktop/mmr_driverless/fused_imu/build/fused_imu' returned '0': CMAKE_PREFIX_PATH=${CMAKE_PREFIX_PATH}:/opt/ros/humble /usr/bin/cmake --install /home/dave/Desktop/mmr_driverless/fused_imu/build/fused_imu
