-- Found ament_cmake: 1.3.10 (/opt/ros/humble/share/ament_cmake/cmake)
-- Found rclcpp: 16.0.10 (/opt/ros/humble/share/rclcpp/cmake)
-- Found rosidl_generator_c: 3.1.5 (/opt/ros/humble/share/rosidl_generator_c/cmake)
-- Found rosidl_adapter: 3.1.5 (/opt/ros/humble/share/rosidl_adapter/cmake)
-- Found rosidl_generator_cpp: 3.1.5 (/opt/ros/humble/share/rosidl_generator_cpp/cmake)
-- Using all available rosidl_typesupport_c: rosidl_typesupport_fastrtps_c;rosidl_typesupport_introspection_c
-- Using all available rosidl_typesupport_cpp: rosidl_typesupport_fastrtps_cpp;rosidl_typesupport_introspection_cpp
-- Found rmw_implementation_cmake: 6.1.2 (/opt/ros/humble/share/rmw_implementation_cmake/cmake)
-- Found rmw_fastrtps_cpp: 6.2.7 (/opt/ros/humble/share/rmw_fastrtps_cpp/cmake)
-- Using RMW implementation 'rmw_fastrtps_cpp' as default
-- Found sensor_msgs: 4.2.4 (/opt/ros/humble/share/sensor_msgs/cmake)
-- Found ament_lint_auto: 0.12.11 (/opt/ros/humble/share/ament_lint_auto/cmake)
-- Added test 'cppcheck' to perform static code analysis on C / C++ code
-- Configured cppcheck include dirs: 
-- Configured cppcheck exclude dirs and/or files: 
-- Added test 'flake8' to check Python code syntax and style conventions
-- Added test 'lint_cmake' to check CMake code style
-- Added test 'pep257' to check Python code against some of the docstring style conventions in PEP 257
-- Added test 'uncrustify' to check C / C++ code style
-- Configured uncrustify additional arguments: 
-- Added test 'xmllint' to check XML markup files
-- Configuring done
-- Generating done
-- Build files have been written to: /home/dave/Desktop/mmr_driverless/fused_imu/build/fused_imu
[35m[1mConsolidate compiler generated dependencies of target fused_imu_node[0m
[ 50%] [32mBuilding CXX object CMakeFiles/fused_imu_node.dir/src/main.cpp.o[0m
[100%] [32m[1mLinking CXX executable fused_imu_node[0m
[100%] Built target fused_imu_node
-- Install configuration: ""
-- Installing: /home/dave/Desktop/mmr_driverless/fused_imu/install/fused_imu/lib/fused_imu/fused_imu_node
-- Set runtime path of "/home/dave/Desktop/mmr_driverless/fused_imu/install/fused_imu/lib/fused_imu/fused_imu_node" to ""
-- Up-to-date: /home/dave/Desktop/mmr_driverless/fused_imu/install/fused_imu/share/ament_index/resource_index/package_run_dependencies/fused_imu
-- Installing: /home/dave/Desktop/mmr_driverless/fused_imu/install/fused_imu/share/ament_index/resource_index/parent_prefix_path/fused_imu
-- Up-to-date: /home/dave/Desktop/mmr_driverless/fused_imu/install/fused_imu/share/fused_imu/environment/ament_prefix_path.sh
-- Installing: /home/dave/Desktop/mmr_driverless/fused_imu/install/fused_imu/share/fused_imu/environment/ament_prefix_path.dsv
-- Up-to-date: /home/dave/Desktop/mmr_driverless/fused_imu/install/fused_imu/share/fused_imu/environment/path.sh
-- Installing: /home/dave/Desktop/mmr_driverless/fused_imu/install/fused_imu/share/fused_imu/environment/path.dsv
-- Up-to-date: /home/dave/Desktop/mmr_driverless/fused_imu/install/fused_imu/share/fused_imu/local_setup.bash
-- Up-to-date: /home/dave/Desktop/mmr_driverless/fused_imu/install/fused_imu/share/fused_imu/local_setup.sh
-- Up-to-date: /home/dave/Desktop/mmr_driverless/fused_imu/install/fused_imu/share/fused_imu/local_setup.zsh
-- Installing: /home/dave/Desktop/mmr_driverless/fused_imu/install/fused_imu/share/fused_imu/local_setup.dsv
-- Installing: /home/dave/Desktop/mmr_driverless/fused_imu/install/fused_imu/share/fused_imu/package.dsv
-- Up-to-date: /home/dave/Desktop/mmr_driverless/fused_imu/install/fused_imu/share/ament_index/resource_index/packages/fused_imu
-- Up-to-date: /home/dave/Desktop/mmr_driverless/fused_imu/install/fused_imu/share/fused_imu/cmake/fused_imuConfig.cmake
-- Up-to-date: /home/dave/Desktop/mmr_driverless/fused_imu/install/fused_imu/share/fused_imu/cmake/fused_imuConfig-version.cmake
-- Up-to-date: /home/dave/Desktop/mmr_driverless/fused_imu/install/fused_imu/share/fused_imu/package.xml
