[0.013s] Invoking command in '/home/dave/Desktop/mmr_driverless/fused_imu/build/fused_imu': CMAKE_PREFIX_PATH=/opt/ros/humble /usr/bin/cmake --build /home/dave/Desktop/mmr_driverless/fused_imu/build/fused_imu -- -j8 -l8
[0.054s] -- Found ament_cmake: 1.3.10 (/opt/ros/humble/share/ament_cmake/cmake)
[0.210s] -- Found rclcpp: 16.0.10 (/opt/ros/humble/share/rclcpp/cmake)
[0.258s] -- Found rosidl_generator_c: 3.1.5 (/opt/ros/humble/share/rosidl_generator_c/cmake)
[0.261s] -- Found rosidl_adapter: 3.1.5 (/opt/ros/humble/share/rosidl_adapter/cmake)
[0.270s] -- Found rosidl_generator_cpp: 3.1.5 (/opt/ros/humble/share/rosidl_generator_cpp/cmake)
[0.282s] -- Using all available rosidl_typesupport_c: rosidl_typesupport_fastrtps_c;rosidl_typesupport_introspection_c
[0.297s] -- Using all available rosidl_typesupport_cpp: rosidl_typesupport_fastrtps_cpp;rosidl_typesupport_introspection_cpp
[0.343s] -- Found rmw_implementation_cmake: 6.1.2 (/opt/ros/humble/share/rmw_implementation_cmake/cmake)
[0.346s] -- Found rmw_fastrtps_cpp: 6.2.7 (/opt/ros/humble/share/rmw_fastrtps_cpp/cmake)
[0.452s] -- Using RMW implementation 'rmw_fastrtps_cpp' as default
[0.514s] -- Found sensor_msgs: 4.2.4 (/opt/ros/humble/share/sensor_msgs/cmake)
[0.550s] -- Found ament_lint_auto: 0.12.11 (/opt/ros/humble/share/ament_lint_auto/cmake)
[0.631s] -- Added test 'cppcheck' to perform static code analysis on C / C++ code
[0.631s] -- Configured cppcheck include dirs: 
[0.632s] -- Configured cppcheck exclude dirs and/or files: 
[0.634s] -- Added test 'flake8' to check Python code syntax and style conventions
[0.637s] -- Added test 'lint_cmake' to check CMake code style
[0.639s] -- Added test 'pep257' to check Python code against some of the docstring style conventions in PEP 257
[0.650s] -- Added test 'uncrustify' to check C / C++ code style
[0.650s] -- Configured uncrustify additional arguments: 
[0.652s] -- Added test 'xmllint' to check XML markup files
[0.655s] -- Configuring done
[0.674s] -- Generating done
[0.678s] -- Build files have been written to: /home/dave/Desktop/mmr_driverless/fused_imu/build/fused_imu
[0.704s] [35m[1mConsolidate compiler generated dependencies of target fused_imu_node[0m
[0.723s] [ 50%] [32mBuilding CXX object CMakeFiles/fused_imu_node.dir/src/main.cpp.o[0m
[9.149s] [100%] [32m[1mLinking CXX executable fused_imu_node[0m
[9.656s] [100%] Built target fused_imu_node
[9.668s] Invoked command in '/home/dave/Desktop/mmr_driverless/fused_imu/build/fused_imu' returned '0': CMAKE_PREFIX_PATH=/opt/ros/humble /usr/bin/cmake --build /home/dave/Desktop/mmr_driverless/fused_imu/build/fused_imu -- -j8 -l8
[9.702s] Invoking command in '/home/dave/Desktop/mmr_driverless/fused_imu/build/fused_imu': CMAKE_PREFIX_PATH=/opt/ros/humble /usr/bin/cmake --install /home/dave/Desktop/mmr_driverless/fused_imu/build/fused_imu
[9.710s] -- Install configuration: ""
[9.710s] -- Installing: /home/dave/Desktop/mmr_driverless/fused_imu/install/fused_imu/lib/fused_imu/fused_imu_node
[9.716s] -- Set runtime path of "/home/dave/Desktop/mmr_driverless/fused_imu/install/fused_imu/lib/fused_imu/fused_imu_node" to ""
[9.716s] -- Up-to-date: /home/dave/Desktop/mmr_driverless/fused_imu/install/fused_imu/share/ament_index/resource_index/package_run_dependencies/fused_imu
[9.716s] -- Installing: /home/dave/Desktop/mmr_driverless/fused_imu/install/fused_imu/share/ament_index/resource_index/parent_prefix_path/fused_imu
[9.716s] -- Up-to-date: /home/dave/Desktop/mmr_driverless/fused_imu/install/fused_imu/share/fused_imu/environment/ament_prefix_path.sh
[9.716s] -- Installing: /home/dave/Desktop/mmr_driverless/fused_imu/install/fused_imu/share/fused_imu/environment/ament_prefix_path.dsv
[9.716s] -- Up-to-date: /home/dave/Desktop/mmr_driverless/fused_imu/install/fused_imu/share/fused_imu/environment/path.sh
[9.717s] -- Installing: /home/dave/Desktop/mmr_driverless/fused_imu/install/fused_imu/share/fused_imu/environment/path.dsv
[9.717s] -- Up-to-date: /home/dave/Desktop/mmr_driverless/fused_imu/install/fused_imu/share/fused_imu/local_setup.bash
[9.717s] -- Up-to-date: /home/dave/Desktop/mmr_driverless/fused_imu/install/fused_imu/share/fused_imu/local_setup.sh
[9.717s] -- Up-to-date: /home/dave/Desktop/mmr_driverless/fused_imu/install/fused_imu/share/fused_imu/local_setup.zsh
[9.717s] -- Installing: /home/dave/Desktop/mmr_driverless/fused_imu/install/fused_imu/share/fused_imu/local_setup.dsv
[9.717s] -- Installing: /home/dave/Desktop/mmr_driverless/fused_imu/install/fused_imu/share/fused_imu/package.dsv
[9.718s] -- Up-to-date: /home/dave/Desktop/mmr_driverless/fused_imu/install/fused_imu/share/ament_index/resource_index/packages/fused_imu
[9.718s] -- Up-to-date: /home/dave/Desktop/mmr_driverless/fused_imu/install/fused_imu/share/fused_imu/cmake/fused_imuConfig.cmake
[9.718s] -- Up-to-date: /home/dave/Desktop/mmr_driverless/fused_imu/install/fused_imu/share/fused_imu/cmake/fused_imuConfig-version.cmake
[9.718s] -- Up-to-date: /home/dave/Desktop/mmr_driverless/fused_imu/install/fused_imu/share/fused_imu/package.xml
[9.720s] Invoked command in '/home/dave/Desktop/mmr_driverless/fused_imu/build/fused_imu' returned '0': CMAKE_PREFIX_PATH=/opt/ros/humble /usr/bin/cmake --install /home/dave/Desktop/mmr_driverless/fused_imu/build/fused_imu
